This file contains any messages produced by compilers while
running configure, to aid debugging if configure makes a mistake.

It was created by Divi Core configure 2.2.99, which was
generated by GNU Autoconf 2.69.  Invocation command line was

  $ ./configure --with-gui=qt5 --enable-debug --with-libressl

## --------- ##
## Platform. ##
## --------- ##

hostname = Trips-MacBook-Pro.local
uname -m = x86_64
uname -r = 16.6.0
uname -s = Darwin
uname -v = Darwin Kernel Version 16.6.0: Fri Apr 14 16:21:16 PDT 2017; root:xnu-3789.60.24~6/RELEASE_X86_64

/usr/bin/uname -p = i386
/bin/uname -X     = unknown

/bin/arch              = unknown
/usr/bin/arch -k       = unknown
/usr/convex/getsysinfo = unknown
/usr/bin/hostinfo      = Mach kernel version:
	 Darwin Kernel Version 16.6.0: Fri Apr 14 16:21:16 PDT 2017; root:xnu-3789.60.24~6/RELEASE_X86_64
Kernel configured for up to 4 processors.
2 processors are physically available.
4 processors are logically available.
Processor type: i486 (Intel 80486)
Processors active: 0 1 2 3
Primary memory available: 8.00 gigabytes
Default processor set: 267 tasks, 1766 threads, 4 processors
Load average: 4.12, Mach factor: 0.82
/bin/machine           = unknown
/usr/bin/oslevel       = unknown
/bin/universe          = unknown

PATH: /usr/local/bin
PATH: /usr/bin
PATH: /bin
PATH: /usr/sbin
PATH: /sbin
PATH: /opt/local/libexec/gnubin
PATH: /Users/tripv/Desktop/Divicoin-core/libexec


## ----------- ##
## Core tests. ##
## ----------- ##

configure:2929: checking build system type
configure:2943: result: x86_64-apple-darwin16.6.0
configure:2963: checking host system type
configure:2976: result: x86_64-apple-darwin16.6.0
configure:3019: checking for a BSD-compatible install
configure:3087: result: /usr/local/bin/ginstall -c
configure:3098: checking whether build environment is sane
configure:3153: result: yes
configure:3304: checking for a thread-safe mkdir -p
configure:3343: result: /usr/local/bin/gmkdir -p
configure:3350: checking for gawk
configure:3380: result: no
configure:3350: checking for mawk
configure:3380: result: no
configure:3350: checking for nawk
configure:3380: result: no
configure:3350: checking for awk
configure:3366: found /usr/bin/awk
configure:3377: result: awk
configure:3388: checking whether make sets $(MAKE)
configure:3410: result: yes
configure:3439: checking whether make supports nested variables
configure:3456: result: yes
configure:3575: checking whether to enable maintainer-specific portions of Makefiles
configure:3584: result: yes
configure:3609: checking whether make supports nested variables
configure:3626: result: yes
configure:3701: checking for g++
configure:3717: found /usr/bin/g++
configure:3728: result: g++
configure:3755: checking for C++ compiler version
configure:3764: g++ --version >&5
Apple LLVM version 8.1.0 (clang-802.0.42)
Target: x86_64-apple-darwin16.6.0
Thread model: posix
InstalledDir: /Applications/Xcode.app/Contents/Developer/Toolchains/XcodeDefault.xctoolchain/usr/bin
Configured with: --prefix=/Applications/Xcode.app/Contents/Developer/usr --with-gxx-include-dir=/usr/include/c++/4.2.1
configure:3775: $? = 0
configure:3764: g++ -v >&5
Configured with: --prefix=/Applications/Xcode.app/Contents/Developer/usr --with-gxx-include-dir=/usr/include/c++/4.2.1
Apple LLVM version 8.1.0 (clang-802.0.42)
Target: x86_64-apple-darwin16.6.0
Thread model: posix
InstalledDir: /Applications/Xcode.app/Contents/Developer/Toolchains/XcodeDefault.xctoolchain/usr/bin
configure:3775: $? = 0
configure:3764: g++ -V >&5
clang: error: argument to '-V' is missing (expected 1 value)
clang: error: no input files
configure:3775: $? = 1
configure:3764: g++ -qversion >&5
clang: error: unknown argument: '-qversion'
clang: error: no input files
configure:3775: $? = 1
configure:3795: checking whether the C++ compiler works
configure:3817: g++  -I/usr/local/opt/openssl/include -L/usr/local/opt/openssl/lib conftest.cpp  >&5
configure:3821: $? = 0
configure:3869: result: yes
configure:3872: checking for C++ compiler default output file name
configure:3874: result: a.out
configure:3880: checking for suffix of executables
configure:3887: g++ -o conftest  -I/usr/local/opt/openssl/include -L/usr/local/opt/openssl/lib conftest.cpp  >&5
configure:3891: $? = 0
configure:3913: result: 
configure:3935: checking whether we are cross compiling
configure:3943: g++ -o conftest  -I/usr/local/opt/openssl/include -L/usr/local/opt/openssl/lib conftest.cpp  >&5
configure:3947: $? = 0
configure:3954: ./conftest
configure:3958: $? = 0
configure:3973: result: no
configure:3978: checking for suffix of object files
configure:4000: g++ -c  -I/usr/local/opt/openssl/include conftest.cpp >&5
configure:4004: $? = 0
configure:4025: result: o
configure:4029: checking whether we are using the GNU C++ compiler
configure:4048: g++ -c  -I/usr/local/opt/openssl/include conftest.cpp >&5
configure:4048: $? = 0
configure:4057: result: yes
configure:4066: checking whether g++ accepts -g
configure:4086: g++ -c -g -I/usr/local/opt/openssl/include conftest.cpp >&5
configure:4086: $? = 0
configure:4127: result: yes
configure:4161: checking for style of include used by make
configure:4189: result: GNU
configure:4215: checking dependency style of g++
configure:4326: result: gcc3
configure:4355: checking whether g++ supports C++11 features by default
configure:4649: g++ -c -g -O2 -I/usr/local/opt/openssl/include conftest.cpp >&5
conftest.cpp:20:2: error: "This is not a C++11 compiler"
#error "This is not a C++11 compiler"
 ^
1 error generated.
configure:4649: $? = 1
configure: failed program was:
| /* confdefs.h */
| #define PACKAGE_NAME "Divi Core"
| #define PACKAGE_TARNAME "divi"
| #define PACKAGE_VERSION "2.2.99"
| #define PACKAGE_STRING "Divi Core 2.2.99"
| #define PACKAGE_BUGREPORT "www.divi.org"
| #define PACKAGE_URL ""
| /* end confdefs.h.  */
| 
| 
| // If the compiler admits that it is not ready for C++11, why torture it?
| // Hopefully, this will speed up the test.
| 
| #ifndef __cplusplus
| 
| #error "This is not a C++ compiler"
| 
| #elif __cplusplus < 201103L
| 
| #error "This is not a C++11 compiler"
| 
| #else
| 
| namespace cxx11
| {
| 
|   namespace test_static_assert
|   {
| 
|     template <typename T>
|     struct check
|     {
|       static_assert(sizeof(int) <= sizeof(T), "not big enough");
|     };
| 
|   }
| 
|   namespace test_final_override
|   {
| 
|     struct Base
|     {
|       virtual void f() {}
|     };
| 
|     struct Derived : public Base
|     {
|       virtual void f() override {}
|     };
| 
|   }
| 
|   namespace test_double_right_angle_brackets
|   {
| 
|     template < typename T >
|     struct check {};
| 
|     typedef check<void> single_type;
|     typedef check<check<void>> double_type;
|     typedef check<check<check<void>>> triple_type;
|     typedef check<check<check<check<void>>>> quadruple_type;
| 
|   }
| 
|   namespace test_decltype
|   {
| 
|     int
|     f()
|     {
|       int a = 1;
|       decltype(a) b = 2;
|       return a + b;
|     }
| 
|   }
| 
|   namespace test_type_deduction
|   {
| 
|     template < typename T1, typename T2 >
|     struct is_same
|     {
|       static const bool value = false;
|     };
| 
|     template < typename T >
|     struct is_same<T, T>
|     {
|       static const bool value = true;
|     };
| 
|     template < typename T1, typename T2 >
|     auto
|     add(T1 a1, T2 a2) -> decltype(a1 + a2)
|     {
|       return a1 + a2;
|     }
| 
|     int
|     test(const int c, volatile int v)
|     {
|       static_assert(is_same<int, decltype(0)>::value == true, "");
|       static_assert(is_same<int, decltype(c)>::value == false, "");
|       static_assert(is_same<int, decltype(v)>::value == false, "");
|       auto ac = c;
|       auto av = v;
|       auto sumi = ac + av + 'x';
|       auto sumf = ac + av + 1.0;
|       static_assert(is_same<int, decltype(ac)>::value == true, "");
|       static_assert(is_same<int, decltype(av)>::value == true, "");
|       static_assert(is_same<int, decltype(sumi)>::value == true, "");
|       static_assert(is_same<int, decltype(sumf)>::value == false, "");
|       static_assert(is_same<int, decltype(add(c, v))>::value == true, "");
|       return (sumf > 0.0) ? sumi : add(c, v);
|     }
| 
|   }
| 
|   namespace test_noexcept
|   {
| 
|     int f() { return 0; }
|     int g() noexcept { return 0; }
| 
|     static_assert(noexcept(f()) == false, "");
|     static_assert(noexcept(g()) == true, "");
| 
|   }
| 
|   namespace test_constexpr
|   {
| 
|     template < typename CharT >
|     unsigned long constexpr
|     strlen_c_r(const CharT *const s, const unsigned long acc) noexcept
|     {
|       return *s ? strlen_c_r(s + 1, acc + 1) : acc;
|     }
| 
|     template < typename CharT >
|     unsigned long constexpr
|     strlen_c(const CharT *const s) noexcept
|     {
|       return strlen_c_r(s, 0UL);
|     }
| 
|     static_assert(strlen_c("") == 0UL, "");
|     static_assert(strlen_c("1") == 1UL, "");
|     static_assert(strlen_c("example") == 7UL, "");
|     static_assert(strlen_c("another\0example") == 7UL, "");
| 
|   }
| 
|   namespace test_rvalue_references
|   {
| 
|     template < int N >
|     struct answer
|     {
|       static constexpr int value = N;
|     };
| 
|     answer<1> f(int&)       { return answer<1>(); }
|     answer<2> f(const int&) { return answer<2>(); }
|     answer<3> f(int&&)      { return answer<3>(); }
| 
|     void
|     test()
|     {
|       int i = 0;
|       const int c = 0;
|       static_assert(decltype(f(i))::value == 1, "");
|       static_assert(decltype(f(c))::value == 2, "");
|       static_assert(decltype(f(0))::value == 3, "");
|     }
| 
|   }
| 
|   namespace test_uniform_initialization
|   {
| 
|     struct test
|     {
|       static const int zero {};
|       static const int one {1};
|     };
| 
|     static_assert(test::zero == 0, "");
|     static_assert(test::one == 1, "");
| 
|   }
| 
|   namespace test_lambdas
|   {
| 
|     void
|     test1()
|     {
|       auto lambda1 = [](){};
|       auto lambda2 = lambda1;
|       lambda1();
|       lambda2();
|     }
| 
|     int
|     test2()
|     {
|       auto a = [](int i, int j){ return i + j; }(1, 2);
|       auto b = []() -> int { return '0'; }();
|       auto c = [=](){ return a + b; }();
|       auto d = [&](){ return c; }();
|       auto e = [a, &b](int x) mutable {
|         const auto identity = [](int y){ return y; };
|         for (auto i = 0; i < a; ++i)
|           a += b--;
|         return x + identity(a + b);
|       }(0);
|       return a + b + c + d + e;
|     }
| 
|     int
|     test3()
|     {
|       const auto nullary = [](){ return 0; };
|       const auto unary = [](int x){ return x; };
|       using nullary_t = decltype(nullary);
|       using unary_t = decltype(unary);
|       const auto higher1st = [](nullary_t f){ return f(); };
|       const auto higher2nd = [unary](nullary_t f1){
|         return [unary, f1](unary_t f2){ return f2(unary(f1())); };
|       };
|       return higher1st(nullary) + higher2nd(nullary)(unary);
|     }
| 
|   }
| 
|   namespace test_variadic_templates
|   {
| 
|     template <int...>
|     struct sum;
| 
|     template <int N0, int... N1toN>
|     struct sum<N0, N1toN...>
|     {
|       static constexpr auto value = N0 + sum<N1toN...>::value;
|     };
| 
|     template <>
|     struct sum<>
|     {
|       static constexpr auto value = 0;
|     };
| 
|     static_assert(sum<>::value == 0, "");
|     static_assert(sum<1>::value == 1, "");
|     static_assert(sum<23>::value == 23, "");
|     static_assert(sum<1, 2>::value == 3, "");
|     static_assert(sum<5, 5, 11>::value == 21, "");
|     static_assert(sum<2, 3, 5, 7, 11, 13>::value == 41, "");
| 
|   }
| 
|   // http://stackoverflow.com/questions/13728184/template-aliases-and-sfinae
|   // Clang 3.1 fails with headers of libstd++ 4.8.3 when using std::function
|   // because of this.
|   namespace test_template_alias_sfinae
|   {
| 
|     struct foo {};
| 
|     template<typename T>
|     using member = typename T::member_type;
| 
|     template<typename T>
|     void func(...) {}
| 
|     template<typename T>
|     void func(member<T>*) {}
| 
|     void test();
| 
|     void test() { func<foo>(0); }
| 
|   }
| 
| }  // namespace cxx11
| 
| #endif  // __cplusplus >= 201103L
| 
| 
| 
configure:4656: result: no
configure:4667: checking whether g++ supports C++11 features with -std=c++11
configure:4963: g++ -std=c++11 -c -g -O2 -I/usr/local/opt/openssl/include conftest.cpp >&5
configure:4963: $? = 0
configure:4972: result: yes
configure:5118: checking for Objective C++ compiler version
configure:5127: g++ -std=c++11 --version >&5
Apple LLVM version 8.1.0 (clang-802.0.42)
Target: x86_64-apple-darwin16.6.0
Thread model: posix
InstalledDir: /Applications/Xcode.app/Contents/Developer/Toolchains/XcodeDefault.xctoolchain/usr/bin
configure:5138: $? = 0
configure:5127: g++ -std=c++11 -v >&5
Apple LLVM version 8.1.0 (clang-802.0.42)
Target: x86_64-apple-darwin16.6.0
Thread model: posix
InstalledDir: /Applications/Xcode.app/Contents/Developer/Toolchains/XcodeDefault.xctoolchain/usr/bin
clang: warning: argument unused during compilation: '-std=c++11' [-Wunused-command-line-argument]
configure:5138: $? = 0
configure:5127: g++ -std=c++11 -V >&5
clang: error: argument to '-V' is missing (expected 1 value)
clang: error: no input files
configure:5138: $? = 1
configure:5127: g++ -std=c++11 -qversion >&5
clang: error: unknown argument: '-qversion'
clang: error: no input files
configure:5138: $? = 1
configure:5142: checking whether we are using the GNU Objective C++ compiler
configure:5161: g++ -std=c++11 -c  -I/usr/local/opt/openssl/include conftest.mm >&5
configure:5161: $? = 0
configure:5170: result: yes
configure:5179: checking whether g++ -std=c++11 accepts -g
configure:5199: g++ -std=c++11 -c -g -I/usr/local/opt/openssl/include conftest.mm >&5
configure:5199: $? = 0
configure:5240: result: yes
configure:5265: checking dependency style of g++ -std=c++11
configure:5374: result: gcc3
configure:5436: checking how to print strings
configure:5463: result: printf
configure:5532: checking for gcc
configure:5548: found /usr/bin/gcc
configure:5559: result: gcc
configure:5788: checking for C compiler version
configure:5797: gcc --version >&5
Apple LLVM version 8.1.0 (clang-802.0.42)
Target: x86_64-apple-darwin16.6.0
Thread model: posix
InstalledDir: /Applications/Xcode.app/Contents/Developer/Toolchains/XcodeDefault.xctoolchain/usr/bin
Configured with: --prefix=/Applications/Xcode.app/Contents/Developer/usr --with-gxx-include-dir=/usr/include/c++/4.2.1
configure:5808: $? = 0
configure:5797: gcc -v >&5
Configured with: --prefix=/Applications/Xcode.app/Contents/Developer/usr --with-gxx-include-dir=/usr/include/c++/4.2.1
Apple LLVM version 8.1.0 (clang-802.0.42)
Target: x86_64-apple-darwin16.6.0
Thread model: posix
InstalledDir: /Applications/Xcode.app/Contents/Developer/Toolchains/XcodeDefault.xctoolchain/usr/bin
configure:5808: $? = 0
configure:5797: gcc -V >&5
clang: error: argument to '-V' is missing (expected 1 value)
clang: error: no input files
configure:5808: $? = 1
configure:5797: gcc -qversion >&5
clang: error: unknown argument: '-qversion'
clang: error: no input files
configure:5808: $? = 1
configure:5812: checking whether we are using the GNU C compiler
configure:5831: gcc -c  -I/usr/local/opt/openssl/include conftest.c >&5
configure:5831: $? = 0
configure:5840: result: yes
configure:5849: checking whether gcc accepts -g
configure:5869: gcc -c -g -I/usr/local/opt/openssl/include conftest.c >&5
configure:5869: $? = 0
configure:5910: result: yes
configure:5927: checking for gcc option to accept ISO C89
configure:5990: gcc  -c -g -O2 -I/usr/local/opt/openssl/include conftest.c >&5
configure:5990: $? = 0
configure:6003: result: none needed
configure:6028: checking whether gcc understands -c and -o together
configure:6050: gcc -c conftest.c -o conftest2.o
configure:6053: $? = 0
configure:6050: gcc -c conftest.c -o conftest2.o
configure:6053: $? = 0
configure:6065: result: yes
configure:6084: checking dependency style of gcc
configure:6195: result: gcc3
configure:6210: checking for a sed that does not truncate output
configure:6274: result: /usr/bin/sed
configure:6292: checking for grep that handles long lines and -e
configure:6350: result: /usr/bin/grep
configure:6355: checking for egrep
configure:6417: result: /usr/bin/grep -E
configure:6422: checking for fgrep
configure:6484: result: /usr/bin/grep -F
configure:6519: checking for ld used by gcc
configure:6586: result: /Applications/Xcode.app/Contents/Developer/Toolchains/XcodeDefault.xctoolchain/usr/bin/ld
configure:6593: checking if the linker (/Applications/Xcode.app/Contents/Developer/Toolchains/XcodeDefault.xctoolchain/usr/bin/ld) is GNU ld
configure:6608: result: no
configure:6620: checking for BSD- or MS-compatible name lister (nm)
configure:6674: result: /usr/bin/nm -B
configure:6804: checking the name lister (/usr/bin/nm -B) interface
configure:6811: gcc -c -g -O2 -I/usr/local/opt/openssl/include conftest.c >&5
configure:6814: /usr/bin/nm -B "conftest.o"
configure:6817: output
00000000000001f0 S _some_variable
configure:6824: result: BSD nm
configure:6827: checking whether ln -s works
configure:6831: result: yes
configure:6839: checking the maximum length of command line arguments
configure:6970: result: 196608
configure:7018: checking how to convert x86_64-apple-darwin16.6.0 file names to x86_64-apple-darwin16.6.0 format
configure:7058: result: func_convert_file_noop
configure:7065: checking how to convert x86_64-apple-darwin16.6.0 file names to toolchain format
configure:7085: result: func_convert_file_noop
configure:7092: checking for /Applications/Xcode.app/Contents/Developer/Toolchains/XcodeDefault.xctoolchain/usr/bin/ld option to reload object files
configure:7099: result: -r
configure:7173: checking for objdump
configure:7189: found /usr/bin/objdump
configure:7200: result: objdump
configure:7232: checking how to recognize dependent libraries
configure:7432: result: pass_all
configure:7517: checking for dlltool
configure:7547: result: no
configure:7577: checking how to associate runtime and link libraries
configure:7604: result: printf %s\n
configure:7665: checking for ar
configure:7681: found /usr/bin/ar
configure:7692: result: ar
configure:7729: checking for archiver @FILE support
configure:7746: gcc -c -g -O2 -I/usr/local/opt/openssl/include conftest.c >&5
configure:7746: $? = 0
configure:7749: ar cru libconftest.a @conftest.lst >&5
ar: @conftest.lst: No such file or directory
configure:7752: $? = 1
configure:7772: result: no
configure:7830: checking for strip
configure:7846: found /usr/bin/strip
configure:7857: result: strip
configure:7929: checking for ranlib
configure:7945: found /usr/bin/ranlib
configure:7956: result: ranlib
configure:8058: checking command to parse /usr/bin/nm -B output from gcc object
configure:8211: gcc -c -g -O2 -I/usr/local/opt/openssl/include conftest.c >&5
configure:8214: $? = 0
configure:8218: /usr/bin/nm -B conftest.o \| sed -n -e 's/^.*[ ]\([BCDEGRST][BCDEGRST]*\)[ ][ ]*\([_A-Za-z][_A-Za-z0-9]*\)$/\1 \2 \2/p' | sed '/ __gnu_lto/d' \> conftest.nm
configure:8221: $? = 0
cannot find nm_test_var in conftest.nm
configure:8211: gcc -c -g -O2 -I/usr/local/opt/openssl/include conftest.c >&5
configure:8214: $? = 0
configure:8218: /usr/bin/nm -B conftest.o \| sed -n -e 's/^.*[ ]\([BCDEGRST][BCDEGRST]*\)[ ][ ]*_\([_A-Za-z][_A-Za-z0-9]*\)$/\1 _\2 \2/p' | sed '/ __gnu_lto/d' \> conftest.nm
configure:8221: $? = 0
configure:8287: gcc -o conftest -g -O2 -I/usr/local/opt/openssl/include -L/usr/local/opt/openssl/lib conftest.c conftstm.o >&5
warning: (x86_64)  could not find object file symbol for symbol _main
configure:8290: $? = 0
configure:8328: result: ok
configure:8375: checking for sysroot
configure:8405: result: no
configure:8412: checking for a working dd
configure:8450: result: /bin/dd
configure:8454: checking how to truncate binary pipes
configure:8469: result: /bin/dd bs=4096 count=1
configure:8798: checking for mt
configure:8828: result: no
configure:8848: checking if : is a manifest tool
configure:8854: : '-?'
configure:8862: result: no
configure:8918: checking for dsymutil
configure:8934: found /usr/bin/dsymutil
configure:8945: result: dsymutil
configure:9010: checking for nmedit
configure:9026: found /usr/bin/nmedit
configure:9037: result: nmedit
configure:9102: checking for lipo
configure:9118: found /usr/bin/lipo
configure:9129: result: lipo
configure:9194: checking for otool
configure:9210: found /usr/bin/otool
configure:9221: result: otool
configure:9286: checking for otool64
configure:9316: result: no
configure:9361: checking for -single_module linker flag
gcc -g -O2 -L/usr/local/opt/openssl/lib -o libconftest.dylib -dynamiclib -Wl,-single_module conftest.c
configure:9394: result: yes
configure:9397: checking for -exported_symbols_list linker flag
configure:9417: gcc -o conftest -g -O2 -I/usr/local/opt/openssl/include -L/usr/local/opt/openssl/lib -Wl,-exported_symbols_list,conftest.sym conftest.c  >&5
configure:9417: $? = 0
configure:9427: result: yes
configure:9430: checking for -force_load linker flag
gcc -g -O2 -c -o conftest.o conftest.c
ar cru libconftest.a conftest.o
ranlib libconftest.a
gcc -g -O2 -L/usr/local/opt/openssl/lib -o conftest conftest.c -Wl,-force_load,./libconftest.a
configure:9462: result: yes
configure:9539: checking how to run the C preprocessor
configure:9570: gcc -E -I/usr/local/opt/openssl/include conftest.c
configure:9570: $? = 0
configure:9584: gcc -E -I/usr/local/opt/openssl/include conftest.c
conftest.c:10:10: fatal error: 'ac_nonexistent.h' file not found
#include <ac_nonexistent.h>
         ^
1 error generated.
configure:9584: $? = 1
configure: failed program was:
| /* confdefs.h */
| #define PACKAGE_NAME "Divi Core"
| #define PACKAGE_TARNAME "divi"
| #define PACKAGE_VERSION "2.2.99"
| #define PACKAGE_STRING "Divi Core 2.2.99"
| #define PACKAGE_BUGREPORT "www.divi.org"
| #define PACKAGE_URL ""
| #define HAVE_CXX11 1
| /* end confdefs.h.  */
| #include <ac_nonexistent.h>
configure:9609: result: gcc -E
configure:9629: gcc -E -I/usr/local/opt/openssl/include conftest.c
configure:9629: $? = 0
configure:9643: gcc -E -I/usr/local/opt/openssl/include conftest.c
conftest.c:10:10: fatal error: 'ac_nonexistent.h' file not found
#include <ac_nonexistent.h>
         ^
1 error generated.
configure:9643: $? = 1
configure: failed program was:
| /* confdefs.h */
| #define PACKAGE_NAME "Divi Core"
| #define PACKAGE_TARNAME "divi"
| #define PACKAGE_VERSION "2.2.99"
| #define PACKAGE_STRING "Divi Core 2.2.99"
| #define PACKAGE_BUGREPORT "www.divi.org"
| #define PACKAGE_URL ""
| #define HAVE_CXX11 1
| /* end confdefs.h.  */
| #include <ac_nonexistent.h>
configure:9672: checking for ANSI C header files
configure:9692: gcc -c -g -O2 -I/usr/local/opt/openssl/include conftest.c >&5
configure:9692: $? = 0
configure:9765: gcc -o conftest -g -O2 -I/usr/local/opt/openssl/include -L/usr/local/opt/openssl/lib conftest.c  >&5
configure:9765: $? = 0
configure:9765: ./conftest
configure:9765: $? = 0
configure:9776: result: yes
configure:9789: checking for sys/types.h
configure:9789: gcc -c -g -O2 -I/usr/local/opt/openssl/include conftest.c >&5
configure:9789: $? = 0
configure:9789: result: yes
configure:9789: checking for sys/stat.h
configure:9789: gcc -c -g -O2 -I/usr/local/opt/openssl/include conftest.c >&5
configure:9789: $? = 0
configure:9789: result: yes
configure:9789: checking for stdlib.h
configure:9789: gcc -c -g -O2 -I/usr/local/opt/openssl/include conftest.c >&5
configure:9789: $? = 0
configure:9789: result: yes
configure:9789: checking for string.h
configure:9789: gcc -c -g -O2 -I/usr/local/opt/openssl/include conftest.c >&5
configure:9789: $? = 0
configure:9789: result: yes
configure:9789: checking for memory.h
configure:9789: gcc -c -g -O2 -I/usr/local/opt/openssl/include conftest.c >&5
configure:9789: $? = 0
configure:9789: result: yes
configure:9789: checking for strings.h
configure:9789: gcc -c -g -O2 -I/usr/local/opt/openssl/include conftest.c >&5
configure:9789: $? = 0
configure:9789: result: yes
configure:9789: checking for inttypes.h
configure:9789: gcc -c -g -O2 -I/usr/local/opt/openssl/include conftest.c >&5
configure:9789: $? = 0
configure:9789: result: yes
configure:9789: checking for stdint.h
configure:9789: gcc -c -g -O2 -I/usr/local/opt/openssl/include conftest.c >&5
configure:9789: $? = 0
configure:9789: result: yes
configure:9789: checking for unistd.h
configure:9789: gcc -c -g -O2 -I/usr/local/opt/openssl/include conftest.c >&5
configure:9789: $? = 0
configure:9789: result: yes
configure:9803: checking for dlfcn.h
configure:9803: gcc -c -g -O2 -I/usr/local/opt/openssl/include conftest.c >&5
configure:9803: $? = 0
configure:9803: result: yes
configure:10068: checking for objdir
configure:10083: result: .libs
configure:10347: checking if gcc supports -fno-rtti -fno-exceptions
configure:10365: gcc -c -g -O2 -I/usr/local/opt/openssl/include -fno-rtti -fno-exceptions conftest.c >&5
configure:10369: $? = 0
configure:10382: result: yes
configure:10740: checking for gcc option to produce PIC
configure:10747: result: -fno-common -DPIC
configure:10755: checking if gcc PIC flag -fno-common -DPIC works
configure:10773: gcc -c -g -O2 -I/usr/local/opt/openssl/include -fno-common -DPIC -DPIC conftest.c >&5
configure:10777: $? = 0
configure:10790: result: yes
configure:10819: checking if gcc static flag -static works
configure:10847: result: no
configure:10862: checking if gcc supports -c -o file.o
configure:10883: gcc -c -g -O2 -I/usr/local/opt/openssl/include -o out/conftest2.o conftest.c >&5
configure:10887: $? = 0
configure:10909: result: yes
configure:10917: checking if gcc supports -c -o file.o
configure:10964: result: yes
configure:10997: checking whether the gcc linker (/Applications/Xcode.app/Contents/Developer/Toolchains/XcodeDefault.xctoolchain/usr/bin/ld) supports shared libraries
configure:12256: result: yes
configure:12496: checking dynamic linker characteristics
configure:13314: result: darwin16.6.0 dyld
configure:13436: checking how to hardcode library paths into programs
configure:13461: result: immediate
configure:14009: checking whether stripping libraries is possible
configure:14023: result: yes
configure:14049: checking if libtool supports shared libraries
configure:14051: result: yes
configure:14054: checking whether to build shared libraries
configure:14079: result: yes
configure:14082: checking whether to build static libraries
configure:14086: result: yes
configure:14109: checking how to run the C++ preprocessor
configure:14136: g++ -std=c++11 -E -I/usr/local/opt/openssl/include conftest.cpp
configure:14136: $? = 0
configure:14150: g++ -std=c++11 -E -I/usr/local/opt/openssl/include conftest.cpp
conftest.cpp:22:10: fatal error: 'ac_nonexistent.h' file not found
#include <ac_nonexistent.h>
         ^
1 error generated.
configure:14150: $? = 1
configure: failed program was:
| /* confdefs.h */
| #define PACKAGE_NAME "Divi Core"
| #define PACKAGE_TARNAME "divi"
| #define PACKAGE_VERSION "2.2.99"
| #define PACKAGE_STRING "Divi Core 2.2.99"
| #define PACKAGE_BUGREPORT "www.divi.org"
| #define PACKAGE_URL ""
| #define HAVE_CXX11 1
| #define STDC_HEADERS 1
| #define HAVE_SYS_TYPES_H 1
| #define HAVE_SYS_STAT_H 1
| #define HAVE_STDLIB_H 1
| #define HAVE_STRING_H 1
| #define HAVE_MEMORY_H 1
| #define HAVE_STRINGS_H 1
| #define HAVE_INTTYPES_H 1
| #define HAVE_STDINT_H 1
| #define HAVE_UNISTD_H 1
| #define HAVE_DLFCN_H 1
| #define LT_OBJDIR ".libs/"
| /* end confdefs.h.  */
| #include <ac_nonexistent.h>
configure:14175: result: g++ -std=c++11 -E
configure:14195: g++ -std=c++11 -E -I/usr/local/opt/openssl/include conftest.cpp
configure:14195: $? = 0
configure:14209: g++ -std=c++11 -E -I/usr/local/opt/openssl/include conftest.cpp
conftest.cpp:22:10: fatal error: 'ac_nonexistent.h' file not found
#include <ac_nonexistent.h>
         ^
1 error generated.
configure:14209: $? = 1
configure: failed program was:
| /* confdefs.h */
| #define PACKAGE_NAME "Divi Core"
| #define PACKAGE_TARNAME "divi"
| #define PACKAGE_VERSION "2.2.99"
| #define PACKAGE_STRING "Divi Core 2.2.99"
| #define PACKAGE_BUGREPORT "www.divi.org"
| #define PACKAGE_URL ""
| #define HAVE_CXX11 1
| #define STDC_HEADERS 1
| #define HAVE_SYS_TYPES_H 1
| #define HAVE_SYS_STAT_H 1
| #define HAVE_STDLIB_H 1
| #define HAVE_STRING_H 1
| #define HAVE_MEMORY_H 1
| #define HAVE_STRINGS_H 1
| #define HAVE_INTTYPES_H 1
| #define HAVE_STDINT_H 1
| #define HAVE_UNISTD_H 1
| #define HAVE_DLFCN_H 1
| #define LT_OBJDIR ".libs/"
| /* end confdefs.h.  */
| #include <ac_nonexistent.h>
configure:14371: checking for ld used by g++ -std=c++11
configure:14438: result: /Applications/Xcode.app/Contents/Developer/Toolchains/XcodeDefault.xctoolchain/usr/bin/ld
configure:14445: checking if the linker (/Applications/Xcode.app/Contents/Developer/Toolchains/XcodeDefault.xctoolchain/usr/bin/ld) is GNU ld
configure:14460: result: no
configure:14515: checking whether the g++ -std=c++11 linker (/Applications/Xcode.app/Contents/Developer/Toolchains/XcodeDefault.xctoolchain/usr/bin/ld) supports shared libraries
configure:15588: result: yes
configure:15624: g++ -std=c++11 -c -g -O2 -I/usr/local/opt/openssl/include conftest.cpp >&5
configure:15627: $? = 0
configure:16108: checking for g++ -std=c++11 option to produce PIC
configure:16115: result: -fno-common -DPIC
configure:16123: checking if g++ -std=c++11 PIC flag -fno-common -DPIC works
configure:16141: g++ -std=c++11 -c -g -O2 -I/usr/local/opt/openssl/include -fno-common -DPIC -DPIC conftest.cpp >&5
configure:16145: $? = 0
configure:16158: result: yes
configure:16181: checking if g++ -std=c++11 static flag -static works
configure:16209: result: no
configure:16221: checking if g++ -std=c++11 supports -c -o file.o
configure:16242: g++ -std=c++11 -c -g -O2 -I/usr/local/opt/openssl/include -o out/conftest2.o conftest.cpp >&5
configure:16246: $? = 0
configure:16268: result: yes
configure:16273: checking if g++ -std=c++11 supports -c -o file.o
configure:16320: result: yes
configure:16350: checking whether the g++ -std=c++11 linker (/Applications/Xcode.app/Contents/Developer/Toolchains/XcodeDefault.xctoolchain/usr/bin/ld) supports shared libraries
configure:16390: result: yes
configure:16531: checking dynamic linker characteristics
configure:17276: result: darwin16.6.0 dyld
configure:17341: checking how to hardcode library paths into programs
configure:17366: result: immediate
configure:17474: checking for ar
configure:17492: found /usr/bin/ar
configure:17504: result: /usr/bin/ar
configure:17572: checking for ranlib
configure:17590: found /usr/bin/ranlib
configure:17602: result: /usr/bin/ranlib
configure:17670: checking for strip
configure:17688: found /usr/bin/strip
configure:17700: result: /usr/bin/strip
configure:17768: checking for gcov
configure:17786: found /usr/bin/gcov
configure:17798: result: /usr/bin/gcov
configure:17822: checking for lcov
configure:17855: result: no
configure:17862: checking for java
configure:17880: found /usr/bin/java
configure:17892: result: /usr/bin/java
configure:17904: checking for python3
configure:17937: result: no
configure:17904: checking for python2.7
configure:17922: found /usr/bin/python2.7
configure:17934: result: /usr/bin/python2.7
configure:17947: checking for genhtml
configure:17980: result: no
configure:17987: checking for git
configure:18005: found /usr/bin/git
configure:18017: result: /usr/bin/git
configure:18027: checking for ccache
configure:18060: result: no
configure:18067: checking for xgettext
configure:18100: result: no
configure:18107: checking for hexdump
configure:18125: found /usr/bin/hexdump
configure:18137: result: /usr/bin/hexdump
configure:18191: checking for readelf
configure:18224: result: no
configure:18289: checking for c++filt
configure:18307: found /usr/bin/c++filt
configure:18319: result: /usr/bin/c++filt
configure:18387: checking for objcopy
configure:18420: result: no
configure:18588: checking for pkg-config
configure:18606: found /usr/local/bin/pkg-config
configure:18618: result: /usr/local/bin/pkg-config
configure:18643: checking pkg-config is at least version 0.9.0
configure:18646: result: yes
configure:19829: checking for port
configure:19859: result: no
configure:19877: checking for rsvg-convert
configure:19910: result: no
configure:19877: checking for rsvg
configure:19910: result: no
configure:19921: checking for brew
configure:19937: found /usr/local/bin/brew
configure:19948: result: brew
configure:20366: checking whether the linker accepts -Wl,-headerpad_max_install_names
configure:20385: g++ -std=c++11 -o conftest -g3 -O0 -DDEBUG -Wall -Wextra -Wformat -Wformat-security -Wno-unused-parameter -I/usr/local/opt/openssl/include -DBOOST_SPIRIT_THREADSAFE -DHAVE_BUILD_INFO -D__STDC_FORMAT_MACROS -I/usr/local/opt/berkeley-db@4/include -L/usr/local/opt/openssl/lib  -Wl,-headerpad_max_install_names conftest.cpp  -L/usr/local/opt/berkeley-db@4/lib >&5
configure:20385: $? = 0
configure:20394: result: yes
configure:20481: checking whether byte ordering is bigendian
configure:20496: g++ -std=c++11 -c -g3 -O0 -DDEBUG -Wall -Wextra -Wformat -Wformat-security -Wno-unused-parameter -I/usr/local/opt/openssl/include -DBOOST_SPIRIT_THREADSAFE -DHAVE_BUILD_INFO -D__STDC_FORMAT_MACROS -I/usr/local/opt/berkeley-db@4/include -DMAC_OSX conftest.cpp >&5
configure:20496: $? = 0
configure:20541: g++ -std=c++11 -c -g3 -O0 -DDEBUG -Wall -Wextra -Wformat -Wformat-security -Wno-unused-parameter -I/usr/local/opt/openssl/include -DBOOST_SPIRIT_THREADSAFE -DHAVE_BUILD_INFO -D__STDC_FORMAT_MACROS -I/usr/local/opt/berkeley-db@4/include -DMAC_OSX conftest.cpp >&5
configure:20541: $? = 0
configure:20559: g++ -std=c++11 -c -g3 -O0 -DDEBUG -Wall -Wextra -Wformat -Wformat-security -Wno-unused-parameter -I/usr/local/opt/openssl/include -DBOOST_SPIRIT_THREADSAFE -DHAVE_BUILD_INFO -D__STDC_FORMAT_MACROS -I/usr/local/opt/berkeley-db@4/include -DMAC_OSX conftest.cpp >&5
conftest.cpp:29:11: error: expected ';' after expression
                 not big endian
                        ^
                        ;
conftest.cpp:29:8: error: use of undeclared identifier 'big'
                 not big endian
                     ^
conftest.cpp:29:12: error: use of undeclared identifier 'endian'
                 not big endian
                         ^
3 errors generated.
configure:20559: $? = 1
configure: failed program was:
| /* confdefs.h */
| #define PACKAGE_NAME "Divi Core"
| #define PACKAGE_TARNAME "divi"
| #define PACKAGE_VERSION "2.2.99"
| #define PACKAGE_STRING "Divi Core 2.2.99"
| #define PACKAGE_BUGREPORT "www.divi.org"
| #define PACKAGE_URL ""
| #define HAVE_CXX11 1
| #define STDC_HEADERS 1
| #define HAVE_SYS_TYPES_H 1
| #define HAVE_SYS_STAT_H 1
| #define HAVE_STDLIB_H 1
| #define HAVE_STRING_H 1
| #define HAVE_MEMORY_H 1
| #define HAVE_STRINGS_H 1
| #define HAVE_INTTYPES_H 1
| #define HAVE_STDINT_H 1
| #define HAVE_UNISTD_H 1
| #define HAVE_DLFCN_H 1
| #define LT_OBJDIR ".libs/"
| /* end confdefs.h.  */
| #include <sys/types.h>
| 		#include <sys/param.h>
| 
| int
| main ()
| {
| #if BYTE_ORDER != BIG_ENDIAN
| 		 not big endian
| 		#endif
| 
|   ;
|   return 0;
| }
configure:20687: result: no
configure:20817: checking if compiler needs -Werror to reject unknown flags
configure:20833: gcc -c -g3 -O0 -DDEBUG -Werror -Wunknown-warning-option -Wsizeof-array-argument -I/usr/local/opt/openssl/include -DBOOST_SPIRIT_THREADSAFE -DHAVE_BUILD_INFO -D__STDC_FORMAT_MACROS -I/usr/local/opt/berkeley-db@4/include -DMAC_OSX conftest.c >&5
configure:20833: $? = 0
configure:20834: result: yes
configure:20854: checking whether pthreads work with -pthread
configure:20942: gcc -o conftest -g3 -O0 -DDEBUG -pthread -Werror -I/usr/local/opt/openssl/include -DBOOST_SPIRIT_THREADSAFE -DHAVE_BUILD_INFO -D__STDC_FORMAT_MACROS -I/usr/local/opt/berkeley-db@4/include -DMAC_OSX -L/usr/local/opt/openssl/lib -Wl,-headerpad_max_install_names conftest.c   -L/usr/local/opt/berkeley-db@4/lib >&5
configure:20942: $? = 0
configure:20951: result: yes
configure:20970: checking for joinable pthread attribute
configure:20985: gcc -o conftest -g3 -O0 -DDEBUG -pthread -I/usr/local/opt/openssl/include -DBOOST_SPIRIT_THREADSAFE -DHAVE_BUILD_INFO -D__STDC_FORMAT_MACROS -I/usr/local/opt/berkeley-db@4/include -DMAC_OSX -L/usr/local/opt/openssl/lib -Wl,-headerpad_max_install_names conftest.c   -L/usr/local/opt/berkeley-db@4/lib >&5
configure:20985: $? = 0
configure:20991: result: PTHREAD_CREATE_JOINABLE
configure:21001: checking if more special flags are required for pthreads
configure:21016: result: -D_THREAD_SAFE
configure:21022: checking for PTHREAD_PRIO_INHERIT
configure:21039: gcc -o conftest -g3 -O0 -DDEBUG -pthread -I/usr/local/opt/openssl/include -DBOOST_SPIRIT_THREADSAFE -DHAVE_BUILD_INFO -D__STDC_FORMAT_MACROS -I/usr/local/opt/berkeley-db@4/include -DMAC_OSX -L/usr/local/opt/openssl/lib -Wl,-headerpad_max_install_names conftest.c   -L/usr/local/opt/berkeley-db@4/lib >&5
configure:21039: $? = 0
configure:21048: result: yes
configure:21158: checking for special C compiler options needed for large files
configure:21203: result: no
configure:21209: checking for _FILE_OFFSET_BITS value needed for large files
configure:21234: g++ -std=c++11 -c -g3 -O0 -DDEBUG -Wall -Wextra -Wformat -Wformat-security -Wno-unused-parameter -I/usr/local/opt/openssl/include -DBOOST_SPIRIT_THREADSAFE -DHAVE_BUILD_INFO -D__STDC_FORMAT_MACROS -I/usr/local/opt/berkeley-db@4/include -DMAC_OSX conftest.cpp >&5
configure:21234: $? = 0
configure:21266: result: no
configure:21352: checking whether strerror_r is declared
configure:21352: g++ -std=c++11 -c -g3 -O0 -DDEBUG -Wall -Wextra -Wformat -Wformat-security -Wno-unused-parameter -I/usr/local/opt/openssl/include -DBOOST_SPIRIT_THREADSAFE -DHAVE_BUILD_INFO -D__STDC_FORMAT_MACROS -I/usr/local/opt/berkeley-db@4/include -DMAC_OSX conftest.cpp >&5
configure:21352: $? = 0
configure:21352: result: yes
configure:21365: checking for strerror_r
configure:21365: g++ -std=c++11 -o conftest -g3 -O0 -DDEBUG -Wall -Wextra -Wformat -Wformat-security -Wno-unused-parameter -I/usr/local/opt/openssl/include -DBOOST_SPIRIT_THREADSAFE -DHAVE_BUILD_INFO -D__STDC_FORMAT_MACROS -I/usr/local/opt/berkeley-db@4/include -DMAC_OSX -L/usr/local/opt/openssl/lib -Wl,-headerpad_max_install_names conftest.cpp  -L/usr/local/opt/berkeley-db@4/lib >&5
configure:21365: $? = 0
configure:21365: result: yes
configure:21374: checking whether strerror_r returns char *
configure:21398: g++ -std=c++11 -c -g3 -O0 -DDEBUG -Wall -Wextra -Wformat -Wformat-security -Wno-unused-parameter -I/usr/local/opt/openssl/include -DBOOST_SPIRIT_THREADSAFE -DHAVE_BUILD_INFO -D__STDC_FORMAT_MACROS -I/usr/local/opt/berkeley-db@4/include -DMAC_OSX conftest.cpp >&5
conftest.cpp:64:13: error: indirection requires pointer operand ('int' invalid)
          char x = *strerror_r (0, buf, sizeof buf);
                   ^~~~~~~~~~~~~~~~~~~~~~~~~~~~~~~~
conftest.cpp:65:10: error: cannot initialize a variable of type 'char *' with an rvalue of type 'int'
          char *p = strerror_r (0, buf, sizeof buf);
                ^   ~~~~~~~~~~~~~~~~~~~~~~~~~~~~~~~
2 errors generated.
configure:21398: $? = 1
configure: failed program was:
| /* confdefs.h */
| #define PACKAGE_NAME "Divi Core"
| #define PACKAGE_TARNAME "divi"
| #define PACKAGE_VERSION "2.2.99"
| #define PACKAGE_STRING "Divi Core 2.2.99"
| #define PACKAGE_BUGREPORT "www.divi.org"
| #define PACKAGE_URL ""
| #define HAVE_CXX11 1
| #define STDC_HEADERS 1
| #define HAVE_SYS_TYPES_H 1
| #define HAVE_SYS_STAT_H 1
| #define HAVE_STDLIB_H 1
| #define HAVE_STRING_H 1
| #define HAVE_MEMORY_H 1
| #define HAVE_STRINGS_H 1
| #define HAVE_INTTYPES_H 1
| #define HAVE_STDINT_H 1
| #define HAVE_UNISTD_H 1
| #define HAVE_DLFCN_H 1
| #define LT_OBJDIR ".libs/"
| #define HAVE_PTHREAD_PRIO_INHERIT 1
| #define HAVE_PTHREAD 1
| #define HAVE_DECL_STRERROR_R 1
| #define HAVE_STRERROR_R 1
| /* end confdefs.h.  */
| #include <stdio.h>
| #ifdef HAVE_SYS_TYPES_H
| # include <sys/types.h>
| #endif
| #ifdef HAVE_SYS_STAT_H
| # include <sys/stat.h>
| #endif
| #ifdef STDC_HEADERS
| # include <stdlib.h>
| # include <stddef.h>
| #else
| # ifdef HAVE_STDLIB_H
| #  include <stdlib.h>
| # endif
| #endif
| #ifdef HAVE_STRING_H
| # if !defined STDC_HEADERS && defined HAVE_MEMORY_H
| #  include <memory.h>
| # endif
| # include <string.h>
| #endif
| #ifdef HAVE_STRINGS_H
| # include <strings.h>
| #endif
| #ifdef HAVE_INTTYPES_H
| # include <inttypes.h>
| #endif
| #ifdef HAVE_STDINT_H
| # include <stdint.h>
| #endif
| #ifdef HAVE_UNISTD_H
| # include <unistd.h>
| #endif
| int
| main ()
| {
| 
| 	  char buf[100];
| 	  char x = *strerror_r (0, buf, sizeof buf);
| 	  char *p = strerror_r (0, buf, sizeof buf);
| 	  return !p || x;
| 
|   ;
|   return 0;
| }
configure:21436: result: no
configure:21457: checking whether the linker accepts -Wl,--large-address-aware
configure:21476: g++ -std=c++11 -o conftest -g3 -O0 -DDEBUG -Wall -Wextra -Wformat -Wformat-security -Wno-unused-parameter -I/usr/local/opt/openssl/include -DBOOST_SPIRIT_THREADSAFE -DHAVE_BUILD_INFO -D__STDC_FORMAT_MACROS -I/usr/local/opt/berkeley-db@4/include -DMAC_OSX -L/usr/local/opt/openssl/lib -Wl,-headerpad_max_install_names  -Wl,--large-address-aware conftest.cpp  -L/usr/local/opt/berkeley-db@4/lib >&5
ld: unknown option: --large-address-aware
clang: error: linker command failed with exit code 1 (use -v to see invocation)
configure:21476: $? = 1
configure: failed program was:
| /* confdefs.h */
| #define PACKAGE_NAME "Divi Core"
| #define PACKAGE_TARNAME "divi"
| #define PACKAGE_VERSION "2.2.99"
| #define PACKAGE_STRING "Divi Core 2.2.99"
| #define PACKAGE_BUGREPORT "www.divi.org"
| #define PACKAGE_URL ""
| #define HAVE_CXX11 1
| #define STDC_HEADERS 1
| #define HAVE_SYS_TYPES_H 1
| #define HAVE_SYS_STAT_H 1
| #define HAVE_STDLIB_H 1
| #define HAVE_STRING_H 1
| #define HAVE_MEMORY_H 1
| #define HAVE_STRINGS_H 1
| #define HAVE_INTTYPES_H 1
| #define HAVE_STDINT_H 1
| #define HAVE_UNISTD_H 1
| #define HAVE_DLFCN_H 1
| #define LT_OBJDIR ".libs/"
| #define HAVE_PTHREAD_PRIO_INHERIT 1
| #define HAVE_PTHREAD 1
| #define HAVE_DECL_STRERROR_R 1
| #define HAVE_STRERROR_R 1
| /* end confdefs.h.  */
| 
| int
| main ()
| {
| 
|   ;
|   return 0;
| }
configure:21485: result: no
configure:21497: checking for __attribute__((visibility))
configure:21519: g++ -std=c++11 -o conftest -g3 -O0 -DDEBUG -Wall -Wextra -Wformat -Wformat-security -Wno-unused-parameter -I/usr/local/opt/openssl/include -DBOOST_SPIRIT_THREADSAFE -DHAVE_BUILD_INFO -D__STDC_FORMAT_MACROS -I/usr/local/opt/berkeley-db@4/include -DMAC_OSX -L/usr/local/opt/openssl/lib -Wl,-headerpad_max_install_names conftest.cpp  -L/usr/local/opt/berkeley-db@4/lib >&5
configure:21519: $? = 0
configure:21532: result: yes
configure:21548: checking for __attribute__((dllexport))
configure:21569: g++ -std=c++11 -o conftest -g3 -O0 -DDEBUG -Wall -Wextra -Wformat -Wformat-security -Wno-unused-parameter -I/usr/local/opt/openssl/include -DBOOST_SPIRIT_THREADSAFE -DHAVE_BUILD_INFO -D__STDC_FORMAT_MACROS -I/usr/local/opt/berkeley-db@4/include -DMAC_OSX -L/usr/local/opt/openssl/lib -Wl,-headerpad_max_install_names conftest.cpp  -L/usr/local/opt/berkeley-db@4/lib >&5
conftest.cpp:29:36: warning: unknown attribute 'dllexport' ignored [-Wunknown-attributes]
                    __attribute__((dllexport)) int foo( void ) { return 0; }
                                   ^
1 warning generated.
configure:21569: $? = 0
configure:21582: result: no
configure:21598: checking for __attribute__((dllimport))
configure:21619: g++ -std=c++11 -o conftest -g3 -O0 -DDEBUG -Wall -Wextra -Wformat -Wformat-security -Wno-unused-parameter -I/usr/local/opt/openssl/include -DBOOST_SPIRIT_THREADSAFE -DHAVE_BUILD_INFO -D__STDC_FORMAT_MACROS -I/usr/local/opt/berkeley-db@4/include -DMAC_OSX -L/usr/local/opt/openssl/lib -Wl,-headerpad_max_install_names conftest.cpp  -L/usr/local/opt/berkeley-db@4/lib >&5
conftest.cpp:29:52: warning: unknown attribute 'dllimport' ignored [-Wunknown-attributes]
                    int foo( void ) __attribute__((dllimport));
                                                   ^
1 warning generated.
configure:21619: $? = 0
configure:21632: result: no
configure:21685: checking whether C++ compiler accepts -Wstack-protector
configure:21704: g++ -std=c++11 -c -g3 -O0 -DDEBUG -Wall -Wextra -Wformat -Wformat-security -Wno-unused-parameter  -Wstack-protector -I/usr/local/opt/openssl/include -DBOOST_SPIRIT_THREADSAFE -DHAVE_BUILD_INFO -D__STDC_FORMAT_MACROS -I/usr/local/opt/berkeley-db@4/include -DMAC_OSX conftest.cpp >&5
configure:21704: $? = 0
configure:21712: result: yes
configure:21720: checking whether C++ compiler accepts -fstack-protector-all
configure:21739: g++ -std=c++11 -c -g3 -O0 -DDEBUG -Wall -Wextra -Wformat -Wformat-security -Wno-unused-parameter  -fstack-protector-all -I/usr/local/opt/openssl/include -DBOOST_SPIRIT_THREADSAFE -DHAVE_BUILD_INFO -D__STDC_FORMAT_MACROS -I/usr/local/opt/berkeley-db@4/include -DMAC_OSX conftest.cpp >&5
configure:21739: $? = 0
configure:21747: result: yes
configure:21757: checking whether C++ preprocessor accepts -D_FORTIFY_SOURCE=2
configure:21776: g++ -std=c++11 -E -I/usr/local/opt/openssl/include -DBOOST_SPIRIT_THREADSAFE -DHAVE_BUILD_INFO -D__STDC_FORMAT_MACROS -I/usr/local/opt/berkeley-db@4/include -DMAC_OSX  -D_FORTIFY_SOURCE=2 conftest.cpp
configure:21776: $? = 0
configure:21784: result: yes
configure:21788: checking whether C++ preprocessor accepts -U_FORTIFY_SOURCE
configure:21807: g++ -std=c++11 -E -I/usr/local/opt/openssl/include -DBOOST_SPIRIT_THREADSAFE -DHAVE_BUILD_INFO -D__STDC_FORMAT_MACROS -I/usr/local/opt/berkeley-db@4/include -DMAC_OSX  -U_FORTIFY_SOURCE conftest.cpp
configure:21807: $? = 0
configure:21815: result: yes
configure:21832: checking whether the linker accepts -Wl,--dynamicbase
configure:21851: g++ -std=c++11 -o conftest -g3 -O0 -DDEBUG -Wall -Wextra -Wformat -Wformat-security -Wno-unused-parameter -I/usr/local/opt/openssl/include -DBOOST_SPIRIT_THREADSAFE -DHAVE_BUILD_INFO -D__STDC_FORMAT_MACROS -I/usr/local/opt/berkeley-db@4/include -DMAC_OSX -L/usr/local/opt/openssl/lib -Wl,-headerpad_max_install_names  -Wl,--dynamicbase conftest.cpp  -L/usr/local/opt/berkeley-db@4/lib >&5
ld: unknown option: --dynamicbase
clang: error: linker command failed with exit code 1 (use -v to see invocation)
configure:21851: $? = 1
configure: failed program was:
| /* confdefs.h */
| #define PACKAGE_NAME "Divi Core"
| #define PACKAGE_TARNAME "divi"
| #define PACKAGE_VERSION "2.2.99"
| #define PACKAGE_STRING "Divi Core 2.2.99"
| #define PACKAGE_BUGREPORT "www.divi.org"
| #define PACKAGE_URL ""
| #define HAVE_CXX11 1
| #define STDC_HEADERS 1
| #define HAVE_SYS_TYPES_H 1
| #define HAVE_SYS_STAT_H 1
| #define HAVE_STDLIB_H 1
| #define HAVE_STRING_H 1
| #define HAVE_MEMORY_H 1
| #define HAVE_STRINGS_H 1
| #define HAVE_INTTYPES_H 1
| #define HAVE_STDINT_H 1
| #define HAVE_UNISTD_H 1
| #define HAVE_DLFCN_H 1
| #define LT_OBJDIR ".libs/"
| #define HAVE_PTHREAD_PRIO_INHERIT 1
| #define HAVE_PTHREAD 1
| #define HAVE_DECL_STRERROR_R 1
| #define HAVE_STRERROR_R 1
| #define HAVE_FUNC_ATTRIBUTE_VISIBILITY 1
| /* end confdefs.h.  */
| 
| int
| main ()
| {
| 
|   ;
|   return 0;
| }
configure:21860: result: no
configure:21868: checking whether the linker accepts -Wl,--nxcompat
configure:21887: g++ -std=c++11 -o conftest -g3 -O0 -DDEBUG -Wall -Wextra -Wformat -Wformat-security -Wno-unused-parameter -I/usr/local/opt/openssl/include -DBOOST_SPIRIT_THREADSAFE -DHAVE_BUILD_INFO -D__STDC_FORMAT_MACROS -I/usr/local/opt/berkeley-db@4/include -DMAC_OSX -L/usr/local/opt/openssl/lib -Wl,-headerpad_max_install_names  -Wl,--nxcompat conftest.cpp  -L/usr/local/opt/berkeley-db@4/lib >&5
ld: unknown option: --nxcompat
clang: error: linker command failed with exit code 1 (use -v to see invocation)
configure:21887: $? = 1
configure: failed program was:
| /* confdefs.h */
| #define PACKAGE_NAME "Divi Core"
| #define PACKAGE_TARNAME "divi"
| #define PACKAGE_VERSION "2.2.99"
| #define PACKAGE_STRING "Divi Core 2.2.99"
| #define PACKAGE_BUGREPORT "www.divi.org"
| #define PACKAGE_URL ""
| #define HAVE_CXX11 1
| #define STDC_HEADERS 1
| #define HAVE_SYS_TYPES_H 1
| #define HAVE_SYS_STAT_H 1
| #define HAVE_STDLIB_H 1
| #define HAVE_STRING_H 1
| #define HAVE_MEMORY_H 1
| #define HAVE_STRINGS_H 1
| #define HAVE_INTTYPES_H 1
| #define HAVE_STDINT_H 1
| #define HAVE_UNISTD_H 1
| #define HAVE_DLFCN_H 1
| #define LT_OBJDIR ".libs/"
| #define HAVE_PTHREAD_PRIO_INHERIT 1
| #define HAVE_PTHREAD 1
| #define HAVE_DECL_STRERROR_R 1
| #define HAVE_STRERROR_R 1
| #define HAVE_FUNC_ATTRIBUTE_VISIBILITY 1
| /* end confdefs.h.  */
| 
| int
| main ()
| {
| 
|   ;
|   return 0;
| }
configure:21896: result: no
configure:21904: checking whether the linker accepts -Wl,-z,relro
configure:21923: g++ -std=c++11 -o conftest -g3 -O0 -DDEBUG -Wall -Wextra -Wformat -Wformat-security -Wno-unused-parameter -I/usr/local/opt/openssl/include -DBOOST_SPIRIT_THREADSAFE -DHAVE_BUILD_INFO -D__STDC_FORMAT_MACROS -I/usr/local/opt/berkeley-db@4/include -DMAC_OSX -L/usr/local/opt/openssl/lib -Wl,-headerpad_max_install_names  -Wl,-z,relro conftest.cpp  -L/usr/local/opt/berkeley-db@4/lib >&5
ld: unknown option: -z
clang: error: linker command failed with exit code 1 (use -v to see invocation)
configure:21923: $? = 1
configure: failed program was:
| /* confdefs.h */
| #define PACKAGE_NAME "Divi Core"
| #define PACKAGE_TARNAME "divi"
| #define PACKAGE_VERSION "2.2.99"
| #define PACKAGE_STRING "Divi Core 2.2.99"
| #define PACKAGE_BUGREPORT "www.divi.org"
| #define PACKAGE_URL ""
| #define HAVE_CXX11 1
| #define STDC_HEADERS 1
| #define HAVE_SYS_TYPES_H 1
| #define HAVE_SYS_STAT_H 1
| #define HAVE_STDLIB_H 1
| #define HAVE_STRING_H 1
| #define HAVE_MEMORY_H 1
| #define HAVE_STRINGS_H 1
| #define HAVE_INTTYPES_H 1
| #define HAVE_STDINT_H 1
| #define HAVE_UNISTD_H 1
| #define HAVE_DLFCN_H 1
| #define LT_OBJDIR ".libs/"
| #define HAVE_PTHREAD_PRIO_INHERIT 1
| #define HAVE_PTHREAD 1
| #define HAVE_DECL_STRERROR_R 1
| #define HAVE_STRERROR_R 1
| #define HAVE_FUNC_ATTRIBUTE_VISIBILITY 1
| /* end confdefs.h.  */
| 
| int
| main ()
| {
| 
|   ;
|   return 0;
| }
configure:21932: result: no
configure:21940: checking whether the linker accepts -Wl,-z,now
configure:21959: g++ -std=c++11 -o conftest -g3 -O0 -DDEBUG -Wall -Wextra -Wformat -Wformat-security -Wno-unused-parameter -I/usr/local/opt/openssl/include -DBOOST_SPIRIT_THREADSAFE -DHAVE_BUILD_INFO -D__STDC_FORMAT_MACROS -I/usr/local/opt/berkeley-db@4/include -DMAC_OSX -L/usr/local/opt/openssl/lib -Wl,-headerpad_max_install_names  -Wl,-z,now conftest.cpp  -L/usr/local/opt/berkeley-db@4/lib >&5
ld: unknown option: -z
clang: error: linker command failed with exit code 1 (use -v to see invocation)
configure:21959: $? = 1
configure: failed program was:
| /* confdefs.h */
| #define PACKAGE_NAME "Divi Core"
| #define PACKAGE_TARNAME "divi"
| #define PACKAGE_VERSION "2.2.99"
| #define PACKAGE_STRING "Divi Core 2.2.99"
| #define PACKAGE_BUGREPORT "www.divi.org"
| #define PACKAGE_URL ""
| #define HAVE_CXX11 1
| #define STDC_HEADERS 1
| #define HAVE_SYS_TYPES_H 1
| #define HAVE_SYS_STAT_H 1
| #define HAVE_STDLIB_H 1
| #define HAVE_STRING_H 1
| #define HAVE_MEMORY_H 1
| #define HAVE_STRINGS_H 1
| #define HAVE_INTTYPES_H 1
| #define HAVE_STDINT_H 1
| #define HAVE_UNISTD_H 1
| #define HAVE_DLFCN_H 1
| #define LT_OBJDIR ".libs/"
| #define HAVE_PTHREAD_PRIO_INHERIT 1
| #define HAVE_PTHREAD 1
| #define HAVE_DECL_STRERROR_R 1
| #define HAVE_STRERROR_R 1
| #define HAVE_FUNC_ATTRIBUTE_VISIBILITY 1
| /* end confdefs.h.  */
| 
| int
| main ()
| {
| 
|   ;
|   return 0;
| }
configure:21968: result: no
configure:21979: checking whether C++ compiler accepts -fPIC
configure:21998: g++ -std=c++11 -c -g3 -O0 -DDEBUG -Wall -Wextra -Wformat -Wformat-security -Wno-unused-parameter  -fPIC -I/usr/local/opt/openssl/include -DBOOST_SPIRIT_THREADSAFE -DHAVE_BUILD_INFO -D__STDC_FORMAT_MACROS -I/usr/local/opt/berkeley-db@4/include -DMAC_OSX conftest.cpp >&5
configure:21998: $? = 0
configure:22006: result: yes
configure:22014: checking whether the linker accepts -pic
configure:22033: g++ -std=c++11 -o conftest -g3 -O0 -DDEBUG -Wall -Wextra -Wformat -Wformat-security -Wno-unused-parameter -I/usr/local/opt/openssl/include -DBOOST_SPIRIT_THREADSAFE -DHAVE_BUILD_INFO -D__STDC_FORMAT_MACROS -I/usr/local/opt/berkeley-db@4/include -DMAC_OSX -L/usr/local/opt/openssl/lib -Wl,-headerpad_max_install_names  -pic conftest.cpp  -L/usr/local/opt/berkeley-db@4/lib >&5
clang: error: unknown argument: '-pic'
configure:22033: $? = 1
configure: failed program was:
| /* confdefs.h */
| #define PACKAGE_NAME "Divi Core"
| #define PACKAGE_TARNAME "divi"
| #define PACKAGE_VERSION "2.2.99"
| #define PACKAGE_STRING "Divi Core 2.2.99"
| #define PACKAGE_BUGREPORT "www.divi.org"
| #define PACKAGE_URL ""
| #define HAVE_CXX11 1
| #define STDC_HEADERS 1
| #define HAVE_SYS_TYPES_H 1
| #define HAVE_SYS_STAT_H 1
| #define HAVE_STDLIB_H 1
| #define HAVE_STRING_H 1
| #define HAVE_MEMORY_H 1
| #define HAVE_STRINGS_H 1
| #define HAVE_INTTYPES_H 1
| #define HAVE_STDINT_H 1
| #define HAVE_UNISTD_H 1
| #define HAVE_DLFCN_H 1
| #define LT_OBJDIR ".libs/"
| #define HAVE_PTHREAD_PRIO_INHERIT 1
| #define HAVE_PTHREAD 1
| #define HAVE_DECL_STRERROR_R 1
| #define HAVE_STRERROR_R 1
| #define HAVE_FUNC_ATTRIBUTE_VISIBILITY 1
| /* end confdefs.h.  */
| 
| int
| main ()
| {
| 
|   ;
|   return 0;
| }
configure:22042: result: no
configure:22105: checking whether the linker accepts -Wl,-dead_strip
configure:22124: g++ -std=c++11 -o conftest -g3 -O0 -DDEBUG -Wall -Wextra -Wformat -Wformat-security -Wno-unused-parameter  -Wstack-protector -fstack-protector-all -fPIC -I/usr/local/opt/openssl/include -DBOOST_SPIRIT_THREADSAFE -DHAVE_BUILD_INFO -D__STDC_FORMAT_MACROS -I/usr/local/opt/berkeley-db@4/include -DMAC_OSX  -U_FORTIFY_SOURCE -D_FORTIFY_SOURCE=2 -L/usr/local/opt/openssl/lib -Wl,-headerpad_max_install_names   -Wl,-dead_strip conftest.cpp  -L/usr/local/opt/berkeley-db@4/lib >&5
configure:22124: $? = 0
configure:22133: result: yes
configure:22146: checking endian.h usability
configure:22146: g++ -std=c++11 -c -g3 -O0 -DDEBUG -Wall -Wextra -Wformat -Wformat-security -Wno-unused-parameter  -Wstack-protector -fstack-protector-all -fPIC -I/usr/local/opt/openssl/include -DBOOST_SPIRIT_THREADSAFE -DHAVE_BUILD_INFO -D__STDC_FORMAT_MACROS -I/usr/local/opt/berkeley-db@4/include -DMAC_OSX  -U_FORTIFY_SOURCE -D_FORTIFY_SOURCE=2 conftest.cpp >&5
conftest.cpp:60:10: fatal error: 'endian.h' file not found
#include <endian.h>
         ^
1 error generated.
configure:22146: $? = 1
configure: failed program was:
| /* confdefs.h */
| #define PACKAGE_NAME "Divi Core"
| #define PACKAGE_TARNAME "divi"
| #define PACKAGE_VERSION "2.2.99"
| #define PACKAGE_STRING "Divi Core 2.2.99"
| #define PACKAGE_BUGREPORT "www.divi.org"
| #define PACKAGE_URL ""
| #define HAVE_CXX11 1
| #define STDC_HEADERS 1
| #define HAVE_SYS_TYPES_H 1
| #define HAVE_SYS_STAT_H 1
| #define HAVE_STDLIB_H 1
| #define HAVE_STRING_H 1
| #define HAVE_MEMORY_H 1
| #define HAVE_STRINGS_H 1
| #define HAVE_INTTYPES_H 1
| #define HAVE_STDINT_H 1
| #define HAVE_UNISTD_H 1
| #define HAVE_DLFCN_H 1
| #define LT_OBJDIR ".libs/"
| #define HAVE_PTHREAD_PRIO_INHERIT 1
| #define HAVE_PTHREAD 1
| #define HAVE_DECL_STRERROR_R 1
| #define HAVE_STRERROR_R 1
| #define HAVE_FUNC_ATTRIBUTE_VISIBILITY 1
| /* end confdefs.h.  */
| #include <stdio.h>
| #ifdef HAVE_SYS_TYPES_H
| # include <sys/types.h>
| #endif
| #ifdef HAVE_SYS_STAT_H
| # include <sys/stat.h>
| #endif
| #ifdef STDC_HEADERS
| # include <stdlib.h>
| # include <stddef.h>
| #else
| # ifdef HAVE_STDLIB_H
| #  include <stdlib.h>
| # endif
| #endif
| #ifdef HAVE_STRING_H
| # if !defined STDC_HEADERS && defined HAVE_MEMORY_H
| #  include <memory.h>
| # endif
| # include <string.h>
| #endif
| #ifdef HAVE_STRINGS_H
| # include <strings.h>
| #endif
| #ifdef HAVE_INTTYPES_H
| # include <inttypes.h>
| #endif
| #ifdef HAVE_STDINT_H
| # include <stdint.h>
| #endif
| #ifdef HAVE_UNISTD_H
| # include <unistd.h>
| #endif
| #include <endian.h>
configure:22146: result: no
configure:22146: checking endian.h presence
configure:22146: g++ -std=c++11 -E -I/usr/local/opt/openssl/include -DBOOST_SPIRIT_THREADSAFE -DHAVE_BUILD_INFO -D__STDC_FORMAT_MACROS -I/usr/local/opt/berkeley-db@4/include -DMAC_OSX  -U_FORTIFY_SOURCE -D_FORTIFY_SOURCE=2 conftest.cpp
conftest.cpp:27:10: fatal error: 'endian.h' file not found
#include <endian.h>
         ^
1 error generated.
configure:22146: $? = 1
configure: failed program was:
| /* confdefs.h */
| #define PACKAGE_NAME "Divi Core"
| #define PACKAGE_TARNAME "divi"
| #define PACKAGE_VERSION "2.2.99"
| #define PACKAGE_STRING "Divi Core 2.2.99"
| #define PACKAGE_BUGREPORT "www.divi.org"
| #define PACKAGE_URL ""
| #define HAVE_CXX11 1
| #define STDC_HEADERS 1
| #define HAVE_SYS_TYPES_H 1
| #define HAVE_SYS_STAT_H 1
| #define HAVE_STDLIB_H 1
| #define HAVE_STRING_H 1
| #define HAVE_MEMORY_H 1
| #define HAVE_STRINGS_H 1
| #define HAVE_INTTYPES_H 1
| #define HAVE_STDINT_H 1
| #define HAVE_UNISTD_H 1
| #define HAVE_DLFCN_H 1
| #define LT_OBJDIR ".libs/"
| #define HAVE_PTHREAD_PRIO_INHERIT 1
| #define HAVE_PTHREAD 1
| #define HAVE_DECL_STRERROR_R 1
| #define HAVE_STRERROR_R 1
| #define HAVE_FUNC_ATTRIBUTE_VISIBILITY 1
| /* end confdefs.h.  */
| #include <endian.h>
configure:22146: result: no
configure:22146: checking for endian.h
configure:22146: result: no
configure:22146: checking stdio.h usability
configure:22146: g++ -std=c++11 -c -g3 -O0 -DDEBUG -Wall -Wextra -Wformat -Wformat-security -Wno-unused-parameter  -Wstack-protector -fstack-protector-all -fPIC -I/usr/local/opt/openssl/include -DBOOST_SPIRIT_THREADSAFE -DHAVE_BUILD_INFO -D__STDC_FORMAT_MACROS -I/usr/local/opt/berkeley-db@4/include -DMAC_OSX  -U_FORTIFY_SOURCE -D_FORTIFY_SOURCE=2 conftest.cpp >&5
configure:22146: $? = 0
configure:22146: result: yes
configure:22146: checking stdio.h presence
configure:22146: g++ -std=c++11 -E -I/usr/local/opt/openssl/include -DBOOST_SPIRIT_THREADSAFE -DHAVE_BUILD_INFO -D__STDC_FORMAT_MACROS -I/usr/local/opt/berkeley-db@4/include -DMAC_OSX  -U_FORTIFY_SOURCE -D_FORTIFY_SOURCE=2 conftest.cpp
configure:22146: $? = 0
configure:22146: result: yes
configure:22146: checking for stdio.h
configure:22146: result: yes
configure:22146: checking for stdlib.h
configure:22146: result: yes
configure:22146: checking for unistd.h
configure:22146: result: yes
configure:22146: checking for strings.h
configure:22146: result: yes
configure:22146: checking for sys/types.h
configure:22146: result: yes
configure:22146: checking for sys/stat.h
configure:22146: result: yes
configure:22146: checking sys/select.h usability
configure:22146: g++ -std=c++11 -c -g3 -O0 -DDEBUG -Wall -Wextra -Wformat -Wformat-security -Wno-unused-parameter  -Wstack-protector -fstack-protector-all -fPIC -I/usr/local/opt/openssl/include -DBOOST_SPIRIT_THREADSAFE -DHAVE_BUILD_INFO -D__STDC_FORMAT_MACROS -I/usr/local/opt/berkeley-db@4/include -DMAC_OSX  -U_FORTIFY_SOURCE -D_FORTIFY_SOURCE=2 conftest.cpp >&5
configure:22146: $? = 0
configure:22146: result: yes
configure:22146: checking sys/select.h presence
configure:22146: g++ -std=c++11 -E -I/usr/local/opt/openssl/include -DBOOST_SPIRIT_THREADSAFE -DHAVE_BUILD_INFO -D__STDC_FORMAT_MACROS -I/usr/local/opt/berkeley-db@4/include -DMAC_OSX  -U_FORTIFY_SOURCE -D_FORTIFY_SOURCE=2 conftest.cpp
configure:22146: $? = 0
configure:22146: result: yes
configure:22146: checking for sys/select.h
configure:22146: result: yes
configure:22146: checking sys/prctl.h usability
configure:22146: g++ -std=c++11 -c -g3 -O0 -DDEBUG -Wall -Wextra -Wformat -Wformat-security -Wno-unused-parameter  -Wstack-protector -fstack-protector-all -fPIC -I/usr/local/opt/openssl/include -DBOOST_SPIRIT_THREADSAFE -DHAVE_BUILD_INFO -D__STDC_FORMAT_MACROS -I/usr/local/opt/berkeley-db@4/include -DMAC_OSX  -U_FORTIFY_SOURCE -D_FORTIFY_SOURCE=2 conftest.cpp >&5
conftest.cpp:67:10: fatal error: 'sys/prctl.h' file not found
#include <sys/prctl.h>
         ^
1 error generated.
configure:22146: $? = 1
configure: failed program was:
| /* confdefs.h */
| #define PACKAGE_NAME "Divi Core"
| #define PACKAGE_TARNAME "divi"
| #define PACKAGE_VERSION "2.2.99"
| #define PACKAGE_STRING "Divi Core 2.2.99"
| #define PACKAGE_BUGREPORT "www.divi.org"
| #define PACKAGE_URL ""
| #define HAVE_CXX11 1
| #define STDC_HEADERS 1
| #define HAVE_SYS_TYPES_H 1
| #define HAVE_SYS_STAT_H 1
| #define HAVE_STDLIB_H 1
| #define HAVE_STRING_H 1
| #define HAVE_MEMORY_H 1
| #define HAVE_STRINGS_H 1
| #define HAVE_INTTYPES_H 1
| #define HAVE_STDINT_H 1
| #define HAVE_UNISTD_H 1
| #define HAVE_DLFCN_H 1
| #define LT_OBJDIR ".libs/"
| #define HAVE_PTHREAD_PRIO_INHERIT 1
| #define HAVE_PTHREAD 1
| #define HAVE_DECL_STRERROR_R 1
| #define HAVE_STRERROR_R 1
| #define HAVE_FUNC_ATTRIBUTE_VISIBILITY 1
| #define HAVE_STDIO_H 1
| #define HAVE_STDLIB_H 1
| #define HAVE_UNISTD_H 1
| #define HAVE_STRINGS_H 1
| #define HAVE_SYS_TYPES_H 1
| #define HAVE_SYS_STAT_H 1
| #define HAVE_SYS_SELECT_H 1
| /* end confdefs.h.  */
| #include <stdio.h>
| #ifdef HAVE_SYS_TYPES_H
| # include <sys/types.h>
| #endif
| #ifdef HAVE_SYS_STAT_H
| # include <sys/stat.h>
| #endif
| #ifdef STDC_HEADERS
| # include <stdlib.h>
| # include <stddef.h>
| #else
| # ifdef HAVE_STDLIB_H
| #  include <stdlib.h>
| # endif
| #endif
| #ifdef HAVE_STRING_H
| # if !defined STDC_HEADERS && defined HAVE_MEMORY_H
| #  include <memory.h>
| # endif
| # include <string.h>
| #endif
| #ifdef HAVE_STRINGS_H
| # include <strings.h>
| #endif
| #ifdef HAVE_INTTYPES_H
| # include <inttypes.h>
| #endif
| #ifdef HAVE_STDINT_H
| # include <stdint.h>
| #endif
| #ifdef HAVE_UNISTD_H
| # include <unistd.h>
| #endif
| #include <sys/prctl.h>
configure:22146: result: no
configure:22146: checking sys/prctl.h presence
configure:22146: g++ -std=c++11 -E -I/usr/local/opt/openssl/include -DBOOST_SPIRIT_THREADSAFE -DHAVE_BUILD_INFO -D__STDC_FORMAT_MACROS -I/usr/local/opt/berkeley-db@4/include -DMAC_OSX  -U_FORTIFY_SOURCE -D_FORTIFY_SOURCE=2 conftest.cpp
conftest.cpp:34:10: fatal error: 'sys/prctl.h' file not found
#include <sys/prctl.h>
         ^
1 error generated.
configure:22146: $? = 1
configure: failed program was:
| /* confdefs.h */
| #define PACKAGE_NAME "Divi Core"
| #define PACKAGE_TARNAME "divi"
| #define PACKAGE_VERSION "2.2.99"
| #define PACKAGE_STRING "Divi Core 2.2.99"
| #define PACKAGE_BUGREPORT "www.divi.org"
| #define PACKAGE_URL ""
| #define HAVE_CXX11 1
| #define STDC_HEADERS 1
| #define HAVE_SYS_TYPES_H 1
| #define HAVE_SYS_STAT_H 1
| #define HAVE_STDLIB_H 1
| #define HAVE_STRING_H 1
| #define HAVE_MEMORY_H 1
| #define HAVE_STRINGS_H 1
| #define HAVE_INTTYPES_H 1
| #define HAVE_STDINT_H 1
| #define HAVE_UNISTD_H 1
| #define HAVE_DLFCN_H 1
| #define LT_OBJDIR ".libs/"
| #define HAVE_PTHREAD_PRIO_INHERIT 1
| #define HAVE_PTHREAD 1
| #define HAVE_DECL_STRERROR_R 1
| #define HAVE_STRERROR_R 1
| #define HAVE_FUNC_ATTRIBUTE_VISIBILITY 1
| #define HAVE_STDIO_H 1
| #define HAVE_STDLIB_H 1
| #define HAVE_UNISTD_H 1
| #define HAVE_STRINGS_H 1
| #define HAVE_SYS_TYPES_H 1
| #define HAVE_SYS_STAT_H 1
| #define HAVE_SYS_SELECT_H 1
| /* end confdefs.h.  */
| #include <sys/prctl.h>
configure:22146: result: no
configure:22146: checking for sys/prctl.h
configure:22146: result: no
configure:22156: checking for library containing getaddrinfo_a
configure:22187: g++ -std=c++11 -o conftest -g3 -O0 -DDEBUG -Wall -Wextra -Wformat -Wformat-security -Wno-unused-parameter  -Wstack-protector -fstack-protector-all -fPIC -I/usr/local/opt/openssl/include -DBOOST_SPIRIT_THREADSAFE -DHAVE_BUILD_INFO -D__STDC_FORMAT_MACROS -I/usr/local/opt/berkeley-db@4/include -DMAC_OSX  -U_FORTIFY_SOURCE -D_FORTIFY_SOURCE=2 -L/usr/local/opt/openssl/lib -Wl,-headerpad_max_install_names  -Wl,-dead_strip conftest.cpp  -L/usr/local/opt/berkeley-db@4/lib >&5
Undefined symbols for architecture x86_64:
  "_getaddrinfo_a", referenced from:
      _main in conftest-c59d65.o
ld: symbol(s) not found for architecture x86_64
clang: error: linker command failed with exit code 1 (use -v to see invocation)
configure:22187: $? = 1
configure: failed program was:
| /* confdefs.h */
| #define PACKAGE_NAME "Divi Core"
| #define PACKAGE_TARNAME "divi"
| #define PACKAGE_VERSION "2.2.99"
| #define PACKAGE_STRING "Divi Core 2.2.99"
| #define PACKAGE_BUGREPORT "www.divi.org"
| #define PACKAGE_URL ""
| #define HAVE_CXX11 1
| #define STDC_HEADERS 1
| #define HAVE_SYS_TYPES_H 1
| #define HAVE_SYS_STAT_H 1
| #define HAVE_STDLIB_H 1
| #define HAVE_STRING_H 1
| #define HAVE_MEMORY_H 1
| #define HAVE_STRINGS_H 1
| #define HAVE_INTTYPES_H 1
| #define HAVE_STDINT_H 1
| #define HAVE_UNISTD_H 1
| #define HAVE_DLFCN_H 1
| #define LT_OBJDIR ".libs/"
| #define HAVE_PTHREAD_PRIO_INHERIT 1
| #define HAVE_PTHREAD 1
| #define HAVE_DECL_STRERROR_R 1
| #define HAVE_STRERROR_R 1
| #define HAVE_FUNC_ATTRIBUTE_VISIBILITY 1
| #define HAVE_STDIO_H 1
| #define HAVE_STDLIB_H 1
| #define HAVE_UNISTD_H 1
| #define HAVE_STRINGS_H 1
| #define HAVE_SYS_TYPES_H 1
| #define HAVE_SYS_STAT_H 1
| #define HAVE_SYS_SELECT_H 1
| /* end confdefs.h.  */
| 
| /* Override any GCC internal prototype to avoid an error.
|    Use char because int might match the return type of a GCC
|    builtin and then its argument prototype would still apply.  */
| #ifdef __cplusplus
| extern "C"
| #endif
| char getaddrinfo_a ();
| int
| main ()
| {
| return getaddrinfo_a ();
|   ;
|   return 0;
| }
configure:22187: g++ -std=c++11 -o conftest -g3 -O0 -DDEBUG -Wall -Wextra -Wformat -Wformat-security -Wno-unused-parameter  -Wstack-protector -fstack-protector-all -fPIC -I/usr/local/opt/openssl/include -DBOOST_SPIRIT_THREADSAFE -DHAVE_BUILD_INFO -D__STDC_FORMAT_MACROS -I/usr/local/opt/berkeley-db@4/include -DMAC_OSX  -U_FORTIFY_SOURCE -D_FORTIFY_SOURCE=2 -L/usr/local/opt/openssl/lib -Wl,-headerpad_max_install_names  -Wl,-dead_strip conftest.cpp -lanl   -L/usr/local/opt/berkeley-db@4/lib >&5
ld: library not found for -lanl
clang: error: linker command failed with exit code 1 (use -v to see invocation)
configure:22187: $? = 1
configure: failed program was:
| /* confdefs.h */
| #define PACKAGE_NAME "Divi Core"
| #define PACKAGE_TARNAME "divi"
| #define PACKAGE_VERSION "2.2.99"
| #define PACKAGE_STRING "Divi Core 2.2.99"
| #define PACKAGE_BUGREPORT "www.divi.org"
| #define PACKAGE_URL ""
| #define HAVE_CXX11 1
| #define STDC_HEADERS 1
| #define HAVE_SYS_TYPES_H 1
| #define HAVE_SYS_STAT_H 1
| #define HAVE_STDLIB_H 1
| #define HAVE_STRING_H 1
| #define HAVE_MEMORY_H 1
| #define HAVE_STRINGS_H 1
| #define HAVE_INTTYPES_H 1
| #define HAVE_STDINT_H 1
| #define HAVE_UNISTD_H 1
| #define HAVE_DLFCN_H 1
| #define LT_OBJDIR ".libs/"
| #define HAVE_PTHREAD_PRIO_INHERIT 1
| #define HAVE_PTHREAD 1
| #define HAVE_DECL_STRERROR_R 1
| #define HAVE_STRERROR_R 1
| #define HAVE_FUNC_ATTRIBUTE_VISIBILITY 1
| #define HAVE_STDIO_H 1
| #define HAVE_STDLIB_H 1
| #define HAVE_UNISTD_H 1
| #define HAVE_STRINGS_H 1
| #define HAVE_SYS_TYPES_H 1
| #define HAVE_SYS_STAT_H 1
| #define HAVE_SYS_SELECT_H 1
| /* end confdefs.h.  */
| 
| /* Override any GCC internal prototype to avoid an error.
|    Use char because int might match the return type of a GCC
|    builtin and then its argument prototype would still apply.  */
| #ifdef __cplusplus
| extern "C"
| #endif
| char getaddrinfo_a ();
| int
| main ()
| {
| return getaddrinfo_a ();
|   ;
|   return 0;
| }
configure:22204: result: no
configure:22214: checking for library containing inet_pton
configure:22245: g++ -std=c++11 -o conftest -g3 -O0 -DDEBUG -Wall -Wextra -Wformat -Wformat-security -Wno-unused-parameter  -Wstack-protector -fstack-protector-all -fPIC -I/usr/local/opt/openssl/include -DBOOST_SPIRIT_THREADSAFE -DHAVE_BUILD_INFO -D__STDC_FORMAT_MACROS -I/usr/local/opt/berkeley-db@4/include -DMAC_OSX  -U_FORTIFY_SOURCE -D_FORTIFY_SOURCE=2 -L/usr/local/opt/openssl/lib -Wl,-headerpad_max_install_names  -Wl,-dead_strip conftest.cpp  -L/usr/local/opt/berkeley-db@4/lib >&5
configure:22245: $? = 0
configure:22262: result: none required
configure:22273: checking whether strnlen is declared
configure:22273: g++ -std=c++11 -c -g3 -O0 -DDEBUG -Wall -Wextra -Wformat -Wformat-security -Wno-unused-parameter  -Wstack-protector -fstack-protector-all -fPIC -I/usr/local/opt/openssl/include -DBOOST_SPIRIT_THREADSAFE -DHAVE_BUILD_INFO -D__STDC_FORMAT_MACROS -I/usr/local/opt/berkeley-db@4/include -DMAC_OSX  -U_FORTIFY_SOURCE -D_FORTIFY_SOURCE=2 conftest.cpp >&5
configure:22273: $? = 0
configure:22273: result: yes
configure:22285: checking whether le32toh is declared
configure:22285: g++ -std=c++11 -c -g3 -O0 -DDEBUG -Wall -Wextra -Wformat -Wformat-security -Wno-unused-parameter  -Wstack-protector -fstack-protector-all -fPIC -I/usr/local/opt/openssl/include -DBOOST_SPIRIT_THREADSAFE -DHAVE_BUILD_INFO -D__STDC_FORMAT_MACROS -I/usr/local/opt/berkeley-db@4/include -DMAC_OSX  -U_FORTIFY_SOURCE -D_FORTIFY_SOURCE=2 conftest.cpp >&5
conftest.cpp:45:10: error: use of undeclared identifier 'le32toh'
  (void) le32toh;
         ^
1 error generated.
configure:22285: $? = 1
configure: failed program was:
| /* confdefs.h */
| #define PACKAGE_NAME "Divi Core"
| #define PACKAGE_TARNAME "divi"
| #define PACKAGE_VERSION "2.2.99"
| #define PACKAGE_STRING "Divi Core 2.2.99"
| #define PACKAGE_BUGREPORT "www.divi.org"
| #define PACKAGE_URL ""
| #define HAVE_CXX11 1
| #define STDC_HEADERS 1
| #define HAVE_SYS_TYPES_H 1
| #define HAVE_SYS_STAT_H 1
| #define HAVE_STDLIB_H 1
| #define HAVE_STRING_H 1
| #define HAVE_MEMORY_H 1
| #define HAVE_STRINGS_H 1
| #define HAVE_INTTYPES_H 1
| #define HAVE_STDINT_H 1
| #define HAVE_UNISTD_H 1
| #define HAVE_DLFCN_H 1
| #define LT_OBJDIR ".libs/"
| #define HAVE_PTHREAD_PRIO_INHERIT 1
| #define HAVE_PTHREAD 1
| #define HAVE_DECL_STRERROR_R 1
| #define HAVE_STRERROR_R 1
| #define HAVE_FUNC_ATTRIBUTE_VISIBILITY 1
| #define HAVE_STDIO_H 1
| #define HAVE_STDLIB_H 1
| #define HAVE_UNISTD_H 1
| #define HAVE_STRINGS_H 1
| #define HAVE_SYS_TYPES_H 1
| #define HAVE_SYS_STAT_H 1
| #define HAVE_SYS_SELECT_H 1
| #define HAVE_INET_PTON 1
| #define HAVE_DECL_STRNLEN 1
| /* end confdefs.h.  */
| #if HAVE_ENDIAN_H
|                  #include <endian.h>
|                  #endif
| 
| int
| main ()
| {
| #ifndef le32toh
| #ifdef __cplusplus
|   (void) le32toh;
| #else
|   (void) le32toh;
| #endif
| #endif
| 
|   ;
|   return 0;
| }
configure:22285: result: no
configure:22298: checking whether le64toh is declared
configure:22298: g++ -std=c++11 -c -g3 -O0 -DDEBUG -Wall -Wextra -Wformat -Wformat-security -Wno-unused-parameter  -Wstack-protector -fstack-protector-all -fPIC -I/usr/local/opt/openssl/include -DBOOST_SPIRIT_THREADSAFE -DHAVE_BUILD_INFO -D__STDC_FORMAT_MACROS -I/usr/local/opt/berkeley-db@4/include -DMAC_OSX  -U_FORTIFY_SOURCE -D_FORTIFY_SOURCE=2 conftest.cpp >&5
conftest.cpp:46:10: error: use of undeclared identifier 'le64toh'
  (void) le64toh;
         ^
1 error generated.
configure:22298: $? = 1
configure: failed program was:
| /* confdefs.h */
| #define PACKAGE_NAME "Divi Core"
| #define PACKAGE_TARNAME "divi"
| #define PACKAGE_VERSION "2.2.99"
| #define PACKAGE_STRING "Divi Core 2.2.99"
| #define PACKAGE_BUGREPORT "www.divi.org"
| #define PACKAGE_URL ""
| #define HAVE_CXX11 1
| #define STDC_HEADERS 1
| #define HAVE_SYS_TYPES_H 1
| #define HAVE_SYS_STAT_H 1
| #define HAVE_STDLIB_H 1
| #define HAVE_STRING_H 1
| #define HAVE_MEMORY_H 1
| #define HAVE_STRINGS_H 1
| #define HAVE_INTTYPES_H 1
| #define HAVE_STDINT_H 1
| #define HAVE_UNISTD_H 1
| #define HAVE_DLFCN_H 1
| #define LT_OBJDIR ".libs/"
| #define HAVE_PTHREAD_PRIO_INHERIT 1
| #define HAVE_PTHREAD 1
| #define HAVE_DECL_STRERROR_R 1
| #define HAVE_STRERROR_R 1
| #define HAVE_FUNC_ATTRIBUTE_VISIBILITY 1
| #define HAVE_STDIO_H 1
| #define HAVE_STDLIB_H 1
| #define HAVE_UNISTD_H 1
| #define HAVE_STRINGS_H 1
| #define HAVE_SYS_TYPES_H 1
| #define HAVE_SYS_STAT_H 1
| #define HAVE_SYS_SELECT_H 1
| #define HAVE_INET_PTON 1
| #define HAVE_DECL_STRNLEN 1
| #define HAVE_DECL_LE32TOH 0
| /* end confdefs.h.  */
| #if HAVE_ENDIAN_H
|                  #include <endian.h>
|                  #endif
| 
| int
| main ()
| {
| #ifndef le64toh
| #ifdef __cplusplus
|   (void) le64toh;
| #else
|   (void) le64toh;
| #endif
| #endif
| 
|   ;
|   return 0;
| }
configure:22298: result: no
configure:22311: checking whether htole32 is declared
configure:22311: g++ -std=c++11 -c -g3 -O0 -DDEBUG -Wall -Wextra -Wformat -Wformat-security -Wno-unused-parameter  -Wstack-protector -fstack-protector-all -fPIC -I/usr/local/opt/openssl/include -DBOOST_SPIRIT_THREADSAFE -DHAVE_BUILD_INFO -D__STDC_FORMAT_MACROS -I/usr/local/opt/berkeley-db@4/include -DMAC_OSX  -U_FORTIFY_SOURCE -D_FORTIFY_SOURCE=2 conftest.cpp >&5
conftest.cpp:47:10: error: use of undeclared identifier 'htole32'
  (void) htole32;
         ^
1 error generated.
configure:22311: $? = 1
configure: failed program was:
| /* confdefs.h */
| #define PACKAGE_NAME "Divi Core"
| #define PACKAGE_TARNAME "divi"
| #define PACKAGE_VERSION "2.2.99"
| #define PACKAGE_STRING "Divi Core 2.2.99"
| #define PACKAGE_BUGREPORT "www.divi.org"
| #define PACKAGE_URL ""
| #define HAVE_CXX11 1
| #define STDC_HEADERS 1
| #define HAVE_SYS_TYPES_H 1
| #define HAVE_SYS_STAT_H 1
| #define HAVE_STDLIB_H 1
| #define HAVE_STRING_H 1
| #define HAVE_MEMORY_H 1
| #define HAVE_STRINGS_H 1
| #define HAVE_INTTYPES_H 1
| #define HAVE_STDINT_H 1
| #define HAVE_UNISTD_H 1
| #define HAVE_DLFCN_H 1
| #define LT_OBJDIR ".libs/"
| #define HAVE_PTHREAD_PRIO_INHERIT 1
| #define HAVE_PTHREAD 1
| #define HAVE_DECL_STRERROR_R 1
| #define HAVE_STRERROR_R 1
| #define HAVE_FUNC_ATTRIBUTE_VISIBILITY 1
| #define HAVE_STDIO_H 1
| #define HAVE_STDLIB_H 1
| #define HAVE_UNISTD_H 1
| #define HAVE_STRINGS_H 1
| #define HAVE_SYS_TYPES_H 1
| #define HAVE_SYS_STAT_H 1
| #define HAVE_SYS_SELECT_H 1
| #define HAVE_INET_PTON 1
| #define HAVE_DECL_STRNLEN 1
| #define HAVE_DECL_LE32TOH 0
| #define HAVE_DECL_LE64TOH 0
| /* end confdefs.h.  */
| #if HAVE_ENDIAN_H
|                  #include <endian.h>
|                  #endif
| 
| int
| main ()
| {
| #ifndef htole32
| #ifdef __cplusplus
|   (void) htole32;
| #else
|   (void) htole32;
| #endif
| #endif
| 
|   ;
|   return 0;
| }
configure:22311: result: no
configure:22324: checking whether htole64 is declared
configure:22324: g++ -std=c++11 -c -g3 -O0 -DDEBUG -Wall -Wextra -Wformat -Wformat-security -Wno-unused-parameter  -Wstack-protector -fstack-protector-all -fPIC -I/usr/local/opt/openssl/include -DBOOST_SPIRIT_THREADSAFE -DHAVE_BUILD_INFO -D__STDC_FORMAT_MACROS -I/usr/local/opt/berkeley-db@4/include -DMAC_OSX  -U_FORTIFY_SOURCE -D_FORTIFY_SOURCE=2 conftest.cpp >&5
conftest.cpp:48:10: error: use of undeclared identifier 'htole64'
  (void) htole64;
         ^
1 error generated.
configure:22324: $? = 1
configure: failed program was:
| /* confdefs.h */
| #define PACKAGE_NAME "Divi Core"
| #define PACKAGE_TARNAME "divi"
| #define PACKAGE_VERSION "2.2.99"
| #define PACKAGE_STRING "Divi Core 2.2.99"
| #define PACKAGE_BUGREPORT "www.divi.org"
| #define PACKAGE_URL ""
| #define HAVE_CXX11 1
| #define STDC_HEADERS 1
| #define HAVE_SYS_TYPES_H 1
| #define HAVE_SYS_STAT_H 1
| #define HAVE_STDLIB_H 1
| #define HAVE_STRING_H 1
| #define HAVE_MEMORY_H 1
| #define HAVE_STRINGS_H 1
| #define HAVE_INTTYPES_H 1
| #define HAVE_STDINT_H 1
| #define HAVE_UNISTD_H 1
| #define HAVE_DLFCN_H 1
| #define LT_OBJDIR ".libs/"
| #define HAVE_PTHREAD_PRIO_INHERIT 1
| #define HAVE_PTHREAD 1
| #define HAVE_DECL_STRERROR_R 1
| #define HAVE_STRERROR_R 1
| #define HAVE_FUNC_ATTRIBUTE_VISIBILITY 1
| #define HAVE_STDIO_H 1
| #define HAVE_STDLIB_H 1
| #define HAVE_UNISTD_H 1
| #define HAVE_STRINGS_H 1
| #define HAVE_SYS_TYPES_H 1
| #define HAVE_SYS_STAT_H 1
| #define HAVE_SYS_SELECT_H 1
| #define HAVE_INET_PTON 1
| #define HAVE_DECL_STRNLEN 1
| #define HAVE_DECL_LE32TOH 0
| #define HAVE_DECL_LE64TOH 0
| #define HAVE_DECL_HTOLE32 0
| /* end confdefs.h.  */
| #if HAVE_ENDIAN_H
|                  #include <endian.h>
|                  #endif
| 
| int
| main ()
| {
| #ifndef htole64
| #ifdef __cplusplus
|   (void) htole64;
| #else
|   (void) htole64;
| #endif
| #endif
| 
|   ;
|   return 0;
| }
configure:22324: result: no
configure:22337: checking whether be32toh is declared
configure:22337: g++ -std=c++11 -c -g3 -O0 -DDEBUG -Wall -Wextra -Wformat -Wformat-security -Wno-unused-parameter  -Wstack-protector -fstack-protector-all -fPIC -I/usr/local/opt/openssl/include -DBOOST_SPIRIT_THREADSAFE -DHAVE_BUILD_INFO -D__STDC_FORMAT_MACROS -I/usr/local/opt/berkeley-db@4/include -DMAC_OSX  -U_FORTIFY_SOURCE -D_FORTIFY_SOURCE=2 conftest.cpp >&5
conftest.cpp:49:10: error: use of undeclared identifier 'be32toh'
  (void) be32toh;
         ^
1 error generated.
configure:22337: $? = 1
configure: failed program was:
| /* confdefs.h */
| #define PACKAGE_NAME "Divi Core"
| #define PACKAGE_TARNAME "divi"
| #define PACKAGE_VERSION "2.2.99"
| #define PACKAGE_STRING "Divi Core 2.2.99"
| #define PACKAGE_BUGREPORT "www.divi.org"
| #define PACKAGE_URL ""
| #define HAVE_CXX11 1
| #define STDC_HEADERS 1
| #define HAVE_SYS_TYPES_H 1
| #define HAVE_SYS_STAT_H 1
| #define HAVE_STDLIB_H 1
| #define HAVE_STRING_H 1
| #define HAVE_MEMORY_H 1
| #define HAVE_STRINGS_H 1
| #define HAVE_INTTYPES_H 1
| #define HAVE_STDINT_H 1
| #define HAVE_UNISTD_H 1
| #define HAVE_DLFCN_H 1
| #define LT_OBJDIR ".libs/"
| #define HAVE_PTHREAD_PRIO_INHERIT 1
| #define HAVE_PTHREAD 1
| #define HAVE_DECL_STRERROR_R 1
| #define HAVE_STRERROR_R 1
| #define HAVE_FUNC_ATTRIBUTE_VISIBILITY 1
| #define HAVE_STDIO_H 1
| #define HAVE_STDLIB_H 1
| #define HAVE_UNISTD_H 1
| #define HAVE_STRINGS_H 1
| #define HAVE_SYS_TYPES_H 1
| #define HAVE_SYS_STAT_H 1
| #define HAVE_SYS_SELECT_H 1
| #define HAVE_INET_PTON 1
| #define HAVE_DECL_STRNLEN 1
| #define HAVE_DECL_LE32TOH 0
| #define HAVE_DECL_LE64TOH 0
| #define HAVE_DECL_HTOLE32 0
| #define HAVE_DECL_HTOLE64 0
| /* end confdefs.h.  */
| #if HAVE_ENDIAN_H
|                  #include <endian.h>
|                  #endif
| 
| int
| main ()
| {
| #ifndef be32toh
| #ifdef __cplusplus
|   (void) be32toh;
| #else
|   (void) be32toh;
| #endif
| #endif
| 
|   ;
|   return 0;
| }
configure:22337: result: no
configure:22350: checking whether be64toh is declared
configure:22350: g++ -std=c++11 -c -g3 -O0 -DDEBUG -Wall -Wextra -Wformat -Wformat-security -Wno-unused-parameter  -Wstack-protector -fstack-protector-all -fPIC -I/usr/local/opt/openssl/include -DBOOST_SPIRIT_THREADSAFE -DHAVE_BUILD_INFO -D__STDC_FORMAT_MACROS -I/usr/local/opt/berkeley-db@4/include -DMAC_OSX  -U_FORTIFY_SOURCE -D_FORTIFY_SOURCE=2 conftest.cpp >&5
conftest.cpp:50:10: error: use of undeclared identifier 'be64toh'
  (void) be64toh;
         ^
1 error generated.
configure:22350: $? = 1
configure: failed program was:
| /* confdefs.h */
| #define PACKAGE_NAME "Divi Core"
| #define PACKAGE_TARNAME "divi"
| #define PACKAGE_VERSION "2.2.99"
| #define PACKAGE_STRING "Divi Core 2.2.99"
| #define PACKAGE_BUGREPORT "www.divi.org"
| #define PACKAGE_URL ""
| #define HAVE_CXX11 1
| #define STDC_HEADERS 1
| #define HAVE_SYS_TYPES_H 1
| #define HAVE_SYS_STAT_H 1
| #define HAVE_STDLIB_H 1
| #define HAVE_STRING_H 1
| #define HAVE_MEMORY_H 1
| #define HAVE_STRINGS_H 1
| #define HAVE_INTTYPES_H 1
| #define HAVE_STDINT_H 1
| #define HAVE_UNISTD_H 1
| #define HAVE_DLFCN_H 1
| #define LT_OBJDIR ".libs/"
| #define HAVE_PTHREAD_PRIO_INHERIT 1
| #define HAVE_PTHREAD 1
| #define HAVE_DECL_STRERROR_R 1
| #define HAVE_STRERROR_R 1
| #define HAVE_FUNC_ATTRIBUTE_VISIBILITY 1
| #define HAVE_STDIO_H 1
| #define HAVE_STDLIB_H 1
| #define HAVE_UNISTD_H 1
| #define HAVE_STRINGS_H 1
| #define HAVE_SYS_TYPES_H 1
| #define HAVE_SYS_STAT_H 1
| #define HAVE_SYS_SELECT_H 1
| #define HAVE_INET_PTON 1
| #define HAVE_DECL_STRNLEN 1
| #define HAVE_DECL_LE32TOH 0
| #define HAVE_DECL_LE64TOH 0
| #define HAVE_DECL_HTOLE32 0
| #define HAVE_DECL_HTOLE64 0
| #define HAVE_DECL_BE32TOH 0
| /* end confdefs.h.  */
| #if HAVE_ENDIAN_H
|                  #include <endian.h>
|                  #endif
| 
| int
| main ()
| {
| #ifndef be64toh
| #ifdef __cplusplus
|   (void) be64toh;
| #else
|   (void) be64toh;
| #endif
| #endif
| 
|   ;
|   return 0;
| }
configure:22350: result: no
configure:22363: checking whether htobe32 is declared
configure:22363: g++ -std=c++11 -c -g3 -O0 -DDEBUG -Wall -Wextra -Wformat -Wformat-security -Wno-unused-parameter  -Wstack-protector -fstack-protector-all -fPIC -I/usr/local/opt/openssl/include -DBOOST_SPIRIT_THREADSAFE -DHAVE_BUILD_INFO -D__STDC_FORMAT_MACROS -I/usr/local/opt/berkeley-db@4/include -DMAC_OSX  -U_FORTIFY_SOURCE -D_FORTIFY_SOURCE=2 conftest.cpp >&5
conftest.cpp:51:10: error: use of undeclared identifier 'htobe32'
  (void) htobe32;
         ^
1 error generated.
configure:22363: $? = 1
configure: failed program was:
| /* confdefs.h */
| #define PACKAGE_NAME "Divi Core"
| #define PACKAGE_TARNAME "divi"
| #define PACKAGE_VERSION "2.2.99"
| #define PACKAGE_STRING "Divi Core 2.2.99"
| #define PACKAGE_BUGREPORT "www.divi.org"
| #define PACKAGE_URL ""
| #define HAVE_CXX11 1
| #define STDC_HEADERS 1
| #define HAVE_SYS_TYPES_H 1
| #define HAVE_SYS_STAT_H 1
| #define HAVE_STDLIB_H 1
| #define HAVE_STRING_H 1
| #define HAVE_MEMORY_H 1
| #define HAVE_STRINGS_H 1
| #define HAVE_INTTYPES_H 1
| #define HAVE_STDINT_H 1
| #define HAVE_UNISTD_H 1
| #define HAVE_DLFCN_H 1
| #define LT_OBJDIR ".libs/"
| #define HAVE_PTHREAD_PRIO_INHERIT 1
| #define HAVE_PTHREAD 1
| #define HAVE_DECL_STRERROR_R 1
| #define HAVE_STRERROR_R 1
| #define HAVE_FUNC_ATTRIBUTE_VISIBILITY 1
| #define HAVE_STDIO_H 1
| #define HAVE_STDLIB_H 1
| #define HAVE_UNISTD_H 1
| #define HAVE_STRINGS_H 1
| #define HAVE_SYS_TYPES_H 1
| #define HAVE_SYS_STAT_H 1
| #define HAVE_SYS_SELECT_H 1
| #define HAVE_INET_PTON 1
| #define HAVE_DECL_STRNLEN 1
| #define HAVE_DECL_LE32TOH 0
| #define HAVE_DECL_LE64TOH 0
| #define HAVE_DECL_HTOLE32 0
| #define HAVE_DECL_HTOLE64 0
| #define HAVE_DECL_BE32TOH 0
| #define HAVE_DECL_BE64TOH 0
| /* end confdefs.h.  */
| #if HAVE_ENDIAN_H
|                  #include <endian.h>
|                  #endif
| 
| int
| main ()
| {
| #ifndef htobe32
| #ifdef __cplusplus
|   (void) htobe32;
| #else
|   (void) htobe32;
| #endif
| #endif
| 
|   ;
|   return 0;
| }
configure:22363: result: no
configure:22376: checking whether htobe64 is declared
configure:22376: g++ -std=c++11 -c -g3 -O0 -DDEBUG -Wall -Wextra -Wformat -Wformat-security -Wno-unused-parameter  -Wstack-protector -fstack-protector-all -fPIC -I/usr/local/opt/openssl/include -DBOOST_SPIRIT_THREADSAFE -DHAVE_BUILD_INFO -D__STDC_FORMAT_MACROS -I/usr/local/opt/berkeley-db@4/include -DMAC_OSX  -U_FORTIFY_SOURCE -D_FORTIFY_SOURCE=2 conftest.cpp >&5
conftest.cpp:52:10: error: use of undeclared identifier 'htobe64'
  (void) htobe64;
         ^
1 error generated.
configure:22376: $? = 1
configure: failed program was:
| /* confdefs.h */
| #define PACKAGE_NAME "Divi Core"
| #define PACKAGE_TARNAME "divi"
| #define PACKAGE_VERSION "2.2.99"
| #define PACKAGE_STRING "Divi Core 2.2.99"
| #define PACKAGE_BUGREPORT "www.divi.org"
| #define PACKAGE_URL ""
| #define HAVE_CXX11 1
| #define STDC_HEADERS 1
| #define HAVE_SYS_TYPES_H 1
| #define HAVE_SYS_STAT_H 1
| #define HAVE_STDLIB_H 1
| #define HAVE_STRING_H 1
| #define HAVE_MEMORY_H 1
| #define HAVE_STRINGS_H 1
| #define HAVE_INTTYPES_H 1
| #define HAVE_STDINT_H 1
| #define HAVE_UNISTD_H 1
| #define HAVE_DLFCN_H 1
| #define LT_OBJDIR ".libs/"
| #define HAVE_PTHREAD_PRIO_INHERIT 1
| #define HAVE_PTHREAD 1
| #define HAVE_DECL_STRERROR_R 1
| #define HAVE_STRERROR_R 1
| #define HAVE_FUNC_ATTRIBUTE_VISIBILITY 1
| #define HAVE_STDIO_H 1
| #define HAVE_STDLIB_H 1
| #define HAVE_UNISTD_H 1
| #define HAVE_STRINGS_H 1
| #define HAVE_SYS_TYPES_H 1
| #define HAVE_SYS_STAT_H 1
| #define HAVE_SYS_SELECT_H 1
| #define HAVE_INET_PTON 1
| #define HAVE_DECL_STRNLEN 1
| #define HAVE_DECL_LE32TOH 0
| #define HAVE_DECL_LE64TOH 0
| #define HAVE_DECL_HTOLE32 0
| #define HAVE_DECL_HTOLE64 0
| #define HAVE_DECL_BE32TOH 0
| #define HAVE_DECL_BE64TOH 0
| #define HAVE_DECL_HTOBE32 0
| /* end confdefs.h.  */
| #if HAVE_ENDIAN_H
|                  #include <endian.h>
|                  #endif
| 
| int
| main ()
| {
| #ifndef htobe64
| #ifdef __cplusplus
|   (void) htobe64;
| #else
|   (void) htobe64;
| #endif
| #endif
| 
|   ;
|   return 0;
| }
configure:22376: result: no
configure:22391: checking for MSG_NOSIGNAL
configure:22404: g++ -std=c++11 -c -g3 -O0 -DDEBUG -Wall -Wextra -Wformat -Wformat-security -Wno-unused-parameter  -Wstack-protector -fstack-protector-all -fPIC -I/usr/local/opt/openssl/include -DBOOST_SPIRIT_THREADSAFE -DHAVE_BUILD_INFO -D__STDC_FORMAT_MACROS -I/usr/local/opt/berkeley-db@4/include -DMAC_OSX  -U_FORTIFY_SOURCE -D_FORTIFY_SOURCE=2 conftest.cpp >&5
conftest.cpp:48:10: error: use of undeclared identifier 'MSG_NOSIGNAL'
 int f = MSG_NOSIGNAL;
         ^
1 error generated.
configure:22404: $? = 1
configure: failed program was:
| /* confdefs.h */
| #define PACKAGE_NAME "Divi Core"
| #define PACKAGE_TARNAME "divi"
| #define PACKAGE_VERSION "2.2.99"
| #define PACKAGE_STRING "Divi Core 2.2.99"
| #define PACKAGE_BUGREPORT "www.divi.org"
| #define PACKAGE_URL ""
| #define HAVE_CXX11 1
| #define STDC_HEADERS 1
| #define HAVE_SYS_TYPES_H 1
| #define HAVE_SYS_STAT_H 1
| #define HAVE_STDLIB_H 1
| #define HAVE_STRING_H 1
| #define HAVE_MEMORY_H 1
| #define HAVE_STRINGS_H 1
| #define HAVE_INTTYPES_H 1
| #define HAVE_STDINT_H 1
| #define HAVE_UNISTD_H 1
| #define HAVE_DLFCN_H 1
| #define LT_OBJDIR ".libs/"
| #define HAVE_PTHREAD_PRIO_INHERIT 1
| #define HAVE_PTHREAD 1
| #define HAVE_DECL_STRERROR_R 1
| #define HAVE_STRERROR_R 1
| #define HAVE_FUNC_ATTRIBUTE_VISIBILITY 1
| #define HAVE_STDIO_H 1
| #define HAVE_STDLIB_H 1
| #define HAVE_UNISTD_H 1
| #define HAVE_STRINGS_H 1
| #define HAVE_SYS_TYPES_H 1
| #define HAVE_SYS_STAT_H 1
| #define HAVE_SYS_SELECT_H 1
| #define HAVE_INET_PTON 1
| #define HAVE_DECL_STRNLEN 1
| #define HAVE_DECL_LE32TOH 0
| #define HAVE_DECL_LE64TOH 0
| #define HAVE_DECL_HTOLE32 0
| #define HAVE_DECL_HTOLE64 0
| #define HAVE_DECL_BE32TOH 0
| #define HAVE_DECL_BE64TOH 0
| #define HAVE_DECL_HTOBE32 0
| #define HAVE_DECL_HTOBE64 0
| /* end confdefs.h.  */
| #include <sys/socket.h>
| int
| main ()
| {
|  int f = MSG_NOSIGNAL;
|   ;
|   return 0;
| }
configure:22410: result: no
configure:22416: checking for library containing clock_gettime
configure:22447: g++ -std=c++11 -o conftest -g3 -O0 -DDEBUG -Wall -Wextra -Wformat -Wformat-security -Wno-unused-parameter  -Wstack-protector -fstack-protector-all -fPIC -I/usr/local/opt/openssl/include -DBOOST_SPIRIT_THREADSAFE -DHAVE_BUILD_INFO -D__STDC_FORMAT_MACROS -I/usr/local/opt/berkeley-db@4/include -DMAC_OSX  -U_FORTIFY_SOURCE -D_FORTIFY_SOURCE=2 -L/usr/local/opt/openssl/lib -Wl,-headerpad_max_install_names  -Wl,-dead_strip conftest.cpp  -L/usr/local/opt/berkeley-db@4/lib >&5
configure:22447: $? = 0
configure:22464: result: none required
configure:22473: checking for visibility attribute
configure:22482: g++ -std=c++11 -o conftest -g3 -O0 -DDEBUG -Wall -Wextra -Wformat -Wformat-security -Wno-unused-parameter  -Wstack-protector -fstack-protector-all -fPIC -I/usr/local/opt/openssl/include -DBOOST_SPIRIT_THREADSAFE -DHAVE_BUILD_INFO -D__STDC_FORMAT_MACROS -I/usr/local/opt/berkeley-db@4/include -DMAC_OSX  -U_FORTIFY_SOURCE -D_FORTIFY_SOURCE=2 -L/usr/local/opt/openssl/lib -Wl,-headerpad_max_install_names  -Wl,-dead_strip conftest.cpp  -L/usr/local/opt/berkeley-db@4/lib >&5
configure:22482: $? = 0
configure:22487: result: yes
configure:22507: checking whether C++ compiler accepts -fvisibility=hidden
configure:22526: g++ -std=c++11 -c -g3 -O0 -DDEBUG -Wall -Wextra -Wformat -Wformat-security -Wno-unused-parameter  -Wstack-protector -fstack-protector-all -fPIC  -fvisibility=hidden -I/usr/local/opt/openssl/include -DBOOST_SPIRIT_THREADSAFE -DHAVE_BUILD_INFO -D__STDC_FORMAT_MACROS -I/usr/local/opt/berkeley-db@4/include -DMAC_OSX  -U_FORTIFY_SOURCE -D_FORTIFY_SOURCE=2 conftest.cpp >&5
configure:22526: $? = 0
configure:22534: result: yes
configure:22568: checking for Berkeley DB C++ headers
configure:22599: g++ -std=c++11 -c -g3 -O0 -DDEBUG -Wall -Wextra -Wformat -Wformat-security -Wno-unused-parameter  -Wstack-protector -fstack-protector-all -fPIC -I/usr/local/opt/openssl/include -DBOOST_SPIRIT_THREADSAFE -DHAVE_BUILD_INFO -D__STDC_FORMAT_MACROS -I/usr/local/opt/berkeley-db@4/include -DMAC_OSX  -U_FORTIFY_SOURCE -D_FORTIFY_SOURCE=2 conftest.cpp >&5
conftest.cpp:46:16: fatal error: 'bdb4.8/db_cxx.h' file not found
      #include <bdb4.8/db_cxx.h>
               ^
1 error generated.
configure:22599: $? = 1
configure: failed program was:
| /* confdefs.h */
| #define PACKAGE_NAME "Divi Core"
| #define PACKAGE_TARNAME "divi"
| #define PACKAGE_VERSION "2.2.99"
| #define PACKAGE_STRING "Divi Core 2.2.99"
| #define PACKAGE_BUGREPORT "www.divi.org"
| #define PACKAGE_URL ""
| #define HAVE_CXX11 1
| #define STDC_HEADERS 1
| #define HAVE_SYS_TYPES_H 1
| #define HAVE_SYS_STAT_H 1
| #define HAVE_STDLIB_H 1
| #define HAVE_STRING_H 1
| #define HAVE_MEMORY_H 1
| #define HAVE_STRINGS_H 1
| #define HAVE_INTTYPES_H 1
| #define HAVE_STDINT_H 1
| #define HAVE_UNISTD_H 1
| #define HAVE_DLFCN_H 1
| #define LT_OBJDIR ".libs/"
| #define HAVE_PTHREAD_PRIO_INHERIT 1
| #define HAVE_PTHREAD 1
| #define HAVE_DECL_STRERROR_R 1
| #define HAVE_STRERROR_R 1
| #define HAVE_FUNC_ATTRIBUTE_VISIBILITY 1
| #define HAVE_STDIO_H 1
| #define HAVE_STDLIB_H 1
| #define HAVE_UNISTD_H 1
| #define HAVE_STRINGS_H 1
| #define HAVE_SYS_TYPES_H 1
| #define HAVE_SYS_STAT_H 1
| #define HAVE_SYS_SELECT_H 1
| #define HAVE_INET_PTON 1
| #define HAVE_DECL_STRNLEN 1
| #define HAVE_DECL_LE32TOH 0
| #define HAVE_DECL_LE64TOH 0
| #define HAVE_DECL_HTOLE32 0
| #define HAVE_DECL_HTOLE64 0
| #define HAVE_DECL_BE32TOH 0
| #define HAVE_DECL_BE64TOH 0
| #define HAVE_DECL_HTOBE32 0
| #define HAVE_DECL_HTOBE64 0
| #define HAVE_VISIBILITY_ATTRIBUTE 1
| /* end confdefs.h.  */
| 
|       #include <bdb4.8/db_cxx.h>
| 
| int
| main ()
| {
| 
|       #if !((DB_VERSION_MAJOR == 4 && DB_VERSION_MINOR >= 8) || DB_VERSION_MAJOR > 4)
|         #error "failed to find bdb 4.8+"
|       #endif
| 
|   ;
|   return 0;
| }
configure:22599: g++ -std=c++11 -c -g3 -O0 -DDEBUG -Wall -Wextra -Wformat -Wformat-security -Wno-unused-parameter  -Wstack-protector -fstack-protector-all -fPIC -I/usr/local/opt/openssl/include -DBOOST_SPIRIT_THREADSAFE -DHAVE_BUILD_INFO -D__STDC_FORMAT_MACROS -I/usr/local/opt/berkeley-db@4/include -DMAC_OSX  -U_FORTIFY_SOURCE -D_FORTIFY_SOURCE=2 conftest.cpp >&5
conftest.cpp:46:16: fatal error: 'libdb4.8/db_cxx.h' file not found
      #include <libdb4.8/db_cxx.h>
               ^
1 error generated.
configure:22599: $? = 1
configure: failed program was:
| /* confdefs.h */
| #define PACKAGE_NAME "Divi Core"
| #define PACKAGE_TARNAME "divi"
| #define PACKAGE_VERSION "2.2.99"
| #define PACKAGE_STRING "Divi Core 2.2.99"
| #define PACKAGE_BUGREPORT "www.divi.org"
| #define PACKAGE_URL ""
| #define HAVE_CXX11 1
| #define STDC_HEADERS 1
| #define HAVE_SYS_TYPES_H 1
| #define HAVE_SYS_STAT_H 1
| #define HAVE_STDLIB_H 1
| #define HAVE_STRING_H 1
| #define HAVE_MEMORY_H 1
| #define HAVE_STRINGS_H 1
| #define HAVE_INTTYPES_H 1
| #define HAVE_STDINT_H 1
| #define HAVE_UNISTD_H 1
| #define HAVE_DLFCN_H 1
| #define LT_OBJDIR ".libs/"
| #define HAVE_PTHREAD_PRIO_INHERIT 1
| #define HAVE_PTHREAD 1
| #define HAVE_DECL_STRERROR_R 1
| #define HAVE_STRERROR_R 1
| #define HAVE_FUNC_ATTRIBUTE_VISIBILITY 1
| #define HAVE_STDIO_H 1
| #define HAVE_STDLIB_H 1
| #define HAVE_UNISTD_H 1
| #define HAVE_STRINGS_H 1
| #define HAVE_SYS_TYPES_H 1
| #define HAVE_SYS_STAT_H 1
| #define HAVE_SYS_SELECT_H 1
| #define HAVE_INET_PTON 1
| #define HAVE_DECL_STRNLEN 1
| #define HAVE_DECL_LE32TOH 0
| #define HAVE_DECL_LE64TOH 0
| #define HAVE_DECL_HTOLE32 0
| #define HAVE_DECL_HTOLE64 0
| #define HAVE_DECL_BE32TOH 0
| #define HAVE_DECL_BE64TOH 0
| #define HAVE_DECL_HTOBE32 0
| #define HAVE_DECL_HTOBE64 0
| #define HAVE_VISIBILITY_ATTRIBUTE 1
| /* end confdefs.h.  */
| 
|       #include <libdb4.8/db_cxx.h>
| 
| int
| main ()
| {
| 
|       #if !((DB_VERSION_MAJOR == 4 && DB_VERSION_MINOR >= 8) || DB_VERSION_MAJOR > 4)
|         #error "failed to find bdb 4.8+"
|       #endif
| 
|   ;
|   return 0;
| }
configure:22599: g++ -std=c++11 -c -g3 -O0 -DDEBUG -Wall -Wextra -Wformat -Wformat-security -Wno-unused-parameter  -Wstack-protector -fstack-protector-all -fPIC -I/usr/local/opt/openssl/include -DBOOST_SPIRIT_THREADSAFE -DHAVE_BUILD_INFO -D__STDC_FORMAT_MACROS -I/usr/local/opt/berkeley-db@4/include -DMAC_OSX  -U_FORTIFY_SOURCE -D_FORTIFY_SOURCE=2 conftest.cpp >&5
conftest.cpp:46:16: fatal error: 'db4.8/db_cxx.h' file not found
      #include <db4.8/db_cxx.h>
               ^
1 error generated.
configure:22599: $? = 1
configure: failed program was:
| /* confdefs.h */
| #define PACKAGE_NAME "Divi Core"
| #define PACKAGE_TARNAME "divi"
| #define PACKAGE_VERSION "2.2.99"
| #define PACKAGE_STRING "Divi Core 2.2.99"
| #define PACKAGE_BUGREPORT "www.divi.org"
| #define PACKAGE_URL ""
| #define HAVE_CXX11 1
| #define STDC_HEADERS 1
| #define HAVE_SYS_TYPES_H 1
| #define HAVE_SYS_STAT_H 1
| #define HAVE_STDLIB_H 1
| #define HAVE_STRING_H 1
| #define HAVE_MEMORY_H 1
| #define HAVE_STRINGS_H 1
| #define HAVE_INTTYPES_H 1
| #define HAVE_STDINT_H 1
| #define HAVE_UNISTD_H 1
| #define HAVE_DLFCN_H 1
| #define LT_OBJDIR ".libs/"
| #define HAVE_PTHREAD_PRIO_INHERIT 1
| #define HAVE_PTHREAD 1
| #define HAVE_DECL_STRERROR_R 1
| #define HAVE_STRERROR_R 1
| #define HAVE_FUNC_ATTRIBUTE_VISIBILITY 1
| #define HAVE_STDIO_H 1
| #define HAVE_STDLIB_H 1
| #define HAVE_UNISTD_H 1
| #define HAVE_STRINGS_H 1
| #define HAVE_SYS_TYPES_H 1
| #define HAVE_SYS_STAT_H 1
| #define HAVE_SYS_SELECT_H 1
| #define HAVE_INET_PTON 1
| #define HAVE_DECL_STRNLEN 1
| #define HAVE_DECL_LE32TOH 0
| #define HAVE_DECL_LE64TOH 0
| #define HAVE_DECL_HTOLE32 0
| #define HAVE_DECL_HTOLE64 0
| #define HAVE_DECL_BE32TOH 0
| #define HAVE_DECL_BE64TOH 0
| #define HAVE_DECL_HTOBE32 0
| #define HAVE_DECL_HTOBE64 0
| #define HAVE_VISIBILITY_ATTRIBUTE 1
| /* end confdefs.h.  */
| 
|       #include <db4.8/db_cxx.h>
| 
| int
| main ()
| {
| 
|       #if !((DB_VERSION_MAJOR == 4 && DB_VERSION_MINOR >= 8) || DB_VERSION_MAJOR > 4)
|         #error "failed to find bdb 4.8+"
|       #endif
| 
|   ;
|   return 0;
| }
configure:22599: g++ -std=c++11 -c -g3 -O0 -DDEBUG -Wall -Wextra -Wformat -Wformat-security -Wno-unused-parameter  -Wstack-protector -fstack-protector-all -fPIC -I/usr/local/opt/openssl/include -DBOOST_SPIRIT_THREADSAFE -DHAVE_BUILD_INFO -D__STDC_FORMAT_MACROS -I/usr/local/opt/berkeley-db@4/include -DMAC_OSX  -U_FORTIFY_SOURCE -D_FORTIFY_SOURCE=2 conftest.cpp >&5
conftest.cpp:46:16: fatal error: 'bdb48/db_cxx.h' file not found
      #include <bdb48/db_cxx.h>
               ^
1 error generated.
configure:22599: $? = 1
configure: failed program was:
| /* confdefs.h */
| #define PACKAGE_NAME "Divi Core"
| #define PACKAGE_TARNAME "divi"
| #define PACKAGE_VERSION "2.2.99"
| #define PACKAGE_STRING "Divi Core 2.2.99"
| #define PACKAGE_BUGREPORT "www.divi.org"
| #define PACKAGE_URL ""
| #define HAVE_CXX11 1
| #define STDC_HEADERS 1
| #define HAVE_SYS_TYPES_H 1
| #define HAVE_SYS_STAT_H 1
| #define HAVE_STDLIB_H 1
| #define HAVE_STRING_H 1
| #define HAVE_MEMORY_H 1
| #define HAVE_STRINGS_H 1
| #define HAVE_INTTYPES_H 1
| #define HAVE_STDINT_H 1
| #define HAVE_UNISTD_H 1
| #define HAVE_DLFCN_H 1
| #define LT_OBJDIR ".libs/"
| #define HAVE_PTHREAD_PRIO_INHERIT 1
| #define HAVE_PTHREAD 1
| #define HAVE_DECL_STRERROR_R 1
| #define HAVE_STRERROR_R 1
| #define HAVE_FUNC_ATTRIBUTE_VISIBILITY 1
| #define HAVE_STDIO_H 1
| #define HAVE_STDLIB_H 1
| #define HAVE_UNISTD_H 1
| #define HAVE_STRINGS_H 1
| #define HAVE_SYS_TYPES_H 1
| #define HAVE_SYS_STAT_H 1
| #define HAVE_SYS_SELECT_H 1
| #define HAVE_INET_PTON 1
| #define HAVE_DECL_STRNLEN 1
| #define HAVE_DECL_LE32TOH 0
| #define HAVE_DECL_LE64TOH 0
| #define HAVE_DECL_HTOLE32 0
| #define HAVE_DECL_HTOLE64 0
| #define HAVE_DECL_BE32TOH 0
| #define HAVE_DECL_BE64TOH 0
| #define HAVE_DECL_HTOBE32 0
| #define HAVE_DECL_HTOBE64 0
| #define HAVE_VISIBILITY_ATTRIBUTE 1
| /* end confdefs.h.  */
| 
|       #include <bdb48/db_cxx.h>
| 
| int
| main ()
| {
| 
|       #if !((DB_VERSION_MAJOR == 4 && DB_VERSION_MINOR >= 8) || DB_VERSION_MAJOR > 4)
|         #error "failed to find bdb 4.8+"
|       #endif
| 
|   ;
|   return 0;
| }
configure:22599: g++ -std=c++11 -c -g3 -O0 -DDEBUG -Wall -Wextra -Wformat -Wformat-security -Wno-unused-parameter  -Wstack-protector -fstack-protector-all -fPIC -I/usr/local/opt/openssl/include -DBOOST_SPIRIT_THREADSAFE -DHAVE_BUILD_INFO -D__STDC_FORMAT_MACROS -I/usr/local/opt/berkeley-db@4/include -DMAC_OSX  -U_FORTIFY_SOURCE -D_FORTIFY_SOURCE=2 conftest.cpp >&5
conftest.cpp:46:16: fatal error: 'libdb48/db_cxx.h' file not found
      #include <libdb48/db_cxx.h>
               ^
1 error generated.
configure:22599: $? = 1
configure: failed program was:
| /* confdefs.h */
| #define PACKAGE_NAME "Divi Core"
| #define PACKAGE_TARNAME "divi"
| #define PACKAGE_VERSION "2.2.99"
| #define PACKAGE_STRING "Divi Core 2.2.99"
| #define PACKAGE_BUGREPORT "www.divi.org"
| #define PACKAGE_URL ""
| #define HAVE_CXX11 1
| #define STDC_HEADERS 1
| #define HAVE_SYS_TYPES_H 1
| #define HAVE_SYS_STAT_H 1
| #define HAVE_STDLIB_H 1
| #define HAVE_STRING_H 1
| #define HAVE_MEMORY_H 1
| #define HAVE_STRINGS_H 1
| #define HAVE_INTTYPES_H 1
| #define HAVE_STDINT_H 1
| #define HAVE_UNISTD_H 1
| #define HAVE_DLFCN_H 1
| #define LT_OBJDIR ".libs/"
| #define HAVE_PTHREAD_PRIO_INHERIT 1
| #define HAVE_PTHREAD 1
| #define HAVE_DECL_STRERROR_R 1
| #define HAVE_STRERROR_R 1
| #define HAVE_FUNC_ATTRIBUTE_VISIBILITY 1
| #define HAVE_STDIO_H 1
| #define HAVE_STDLIB_H 1
| #define HAVE_UNISTD_H 1
| #define HAVE_STRINGS_H 1
| #define HAVE_SYS_TYPES_H 1
| #define HAVE_SYS_STAT_H 1
| #define HAVE_SYS_SELECT_H 1
| #define HAVE_INET_PTON 1
| #define HAVE_DECL_STRNLEN 1
| #define HAVE_DECL_LE32TOH 0
| #define HAVE_DECL_LE64TOH 0
| #define HAVE_DECL_HTOLE32 0
| #define HAVE_DECL_HTOLE64 0
| #define HAVE_DECL_BE32TOH 0
| #define HAVE_DECL_BE64TOH 0
| #define HAVE_DECL_HTOBE32 0
| #define HAVE_DECL_HTOBE64 0
| #define HAVE_VISIBILITY_ATTRIBUTE 1
| /* end confdefs.h.  */
| 
|       #include <libdb48/db_cxx.h>
| 
| int
| main ()
| {
| 
|       #if !((DB_VERSION_MAJOR == 4 && DB_VERSION_MINOR >= 8) || DB_VERSION_MAJOR > 4)
|         #error "failed to find bdb 4.8+"
|       #endif
| 
|   ;
|   return 0;
| }
configure:22599: g++ -std=c++11 -c -g3 -O0 -DDEBUG -Wall -Wextra -Wformat -Wformat-security -Wno-unused-parameter  -Wstack-protector -fstack-protector-all -fPIC -I/usr/local/opt/openssl/include -DBOOST_SPIRIT_THREADSAFE -DHAVE_BUILD_INFO -D__STDC_FORMAT_MACROS -I/usr/local/opt/berkeley-db@4/include -DMAC_OSX  -U_FORTIFY_SOURCE -D_FORTIFY_SOURCE=2 conftest.cpp >&5
conftest.cpp:46:16: fatal error: 'db48/db_cxx.h' file not found
      #include <db48/db_cxx.h>
               ^
1 error generated.
configure:22599: $? = 1
configure: failed program was:
| /* confdefs.h */
| #define PACKAGE_NAME "Divi Core"
| #define PACKAGE_TARNAME "divi"
| #define PACKAGE_VERSION "2.2.99"
| #define PACKAGE_STRING "Divi Core 2.2.99"
| #define PACKAGE_BUGREPORT "www.divi.org"
| #define PACKAGE_URL ""
| #define HAVE_CXX11 1
| #define STDC_HEADERS 1
| #define HAVE_SYS_TYPES_H 1
| #define HAVE_SYS_STAT_H 1
| #define HAVE_STDLIB_H 1
| #define HAVE_STRING_H 1
| #define HAVE_MEMORY_H 1
| #define HAVE_STRINGS_H 1
| #define HAVE_INTTYPES_H 1
| #define HAVE_STDINT_H 1
| #define HAVE_UNISTD_H 1
| #define HAVE_DLFCN_H 1
| #define LT_OBJDIR ".libs/"
| #define HAVE_PTHREAD_PRIO_INHERIT 1
| #define HAVE_PTHREAD 1
| #define HAVE_DECL_STRERROR_R 1
| #define HAVE_STRERROR_R 1
| #define HAVE_FUNC_ATTRIBUTE_VISIBILITY 1
| #define HAVE_STDIO_H 1
| #define HAVE_STDLIB_H 1
| #define HAVE_UNISTD_H 1
| #define HAVE_STRINGS_H 1
| #define HAVE_SYS_TYPES_H 1
| #define HAVE_SYS_STAT_H 1
| #define HAVE_SYS_SELECT_H 1
| #define HAVE_INET_PTON 1
| #define HAVE_DECL_STRNLEN 1
| #define HAVE_DECL_LE32TOH 0
| #define HAVE_DECL_LE64TOH 0
| #define HAVE_DECL_HTOLE32 0
| #define HAVE_DECL_HTOLE64 0
| #define HAVE_DECL_BE32TOH 0
| #define HAVE_DECL_BE64TOH 0
| #define HAVE_DECL_HTOBE32 0
| #define HAVE_DECL_HTOBE64 0
| #define HAVE_VISIBILITY_ATTRIBUTE 1
| /* end confdefs.h.  */
| 
|       #include <db48/db_cxx.h>
| 
| int
| main ()
| {
| 
|       #if !((DB_VERSION_MAJOR == 4 && DB_VERSION_MINOR >= 8) || DB_VERSION_MAJOR > 4)
|         #error "failed to find bdb 4.8+"
|       #endif
| 
|   ;
|   return 0;
| }
configure:22599: g++ -std=c++11 -c -g3 -O0 -DDEBUG -Wall -Wextra -Wformat -Wformat-security -Wno-unused-parameter  -Wstack-protector -fstack-protector-all -fPIC -I/usr/local/opt/openssl/include -DBOOST_SPIRIT_THREADSAFE -DHAVE_BUILD_INFO -D__STDC_FORMAT_MACROS -I/usr/local/opt/berkeley-db@4/include -DMAC_OSX  -U_FORTIFY_SOURCE -D_FORTIFY_SOURCE=2 conftest.cpp >&5
conftest.cpp:46:16: fatal error: 'bdb4/db_cxx.h' file not found
      #include <bdb4/db_cxx.h>
               ^
1 error generated.
configure:22599: $? = 1
configure: failed program was:
| /* confdefs.h */
| #define PACKAGE_NAME "Divi Core"
| #define PACKAGE_TARNAME "divi"
| #define PACKAGE_VERSION "2.2.99"
| #define PACKAGE_STRING "Divi Core 2.2.99"
| #define PACKAGE_BUGREPORT "www.divi.org"
| #define PACKAGE_URL ""
| #define HAVE_CXX11 1
| #define STDC_HEADERS 1
| #define HAVE_SYS_TYPES_H 1
| #define HAVE_SYS_STAT_H 1
| #define HAVE_STDLIB_H 1
| #define HAVE_STRING_H 1
| #define HAVE_MEMORY_H 1
| #define HAVE_STRINGS_H 1
| #define HAVE_INTTYPES_H 1
| #define HAVE_STDINT_H 1
| #define HAVE_UNISTD_H 1
| #define HAVE_DLFCN_H 1
| #define LT_OBJDIR ".libs/"
| #define HAVE_PTHREAD_PRIO_INHERIT 1
| #define HAVE_PTHREAD 1
| #define HAVE_DECL_STRERROR_R 1
| #define HAVE_STRERROR_R 1
| #define HAVE_FUNC_ATTRIBUTE_VISIBILITY 1
| #define HAVE_STDIO_H 1
| #define HAVE_STDLIB_H 1
| #define HAVE_UNISTD_H 1
| #define HAVE_STRINGS_H 1
| #define HAVE_SYS_TYPES_H 1
| #define HAVE_SYS_STAT_H 1
| #define HAVE_SYS_SELECT_H 1
| #define HAVE_INET_PTON 1
| #define HAVE_DECL_STRNLEN 1
| #define HAVE_DECL_LE32TOH 0
| #define HAVE_DECL_LE64TOH 0
| #define HAVE_DECL_HTOLE32 0
| #define HAVE_DECL_HTOLE64 0
| #define HAVE_DECL_BE32TOH 0
| #define HAVE_DECL_BE64TOH 0
| #define HAVE_DECL_HTOBE32 0
| #define HAVE_DECL_HTOBE64 0
| #define HAVE_VISIBILITY_ATTRIBUTE 1
| /* end confdefs.h.  */
| 
|       #include <bdb4/db_cxx.h>
| 
| int
| main ()
| {
| 
|       #if !((DB_VERSION_MAJOR == 4 && DB_VERSION_MINOR >= 8) || DB_VERSION_MAJOR > 4)
|         #error "failed to find bdb 4.8+"
|       #endif
| 
|   ;
|   return 0;
| }
configure:22599: g++ -std=c++11 -c -g3 -O0 -DDEBUG -Wall -Wextra -Wformat -Wformat-security -Wno-unused-parameter  -Wstack-protector -fstack-protector-all -fPIC -I/usr/local/opt/openssl/include -DBOOST_SPIRIT_THREADSAFE -DHAVE_BUILD_INFO -D__STDC_FORMAT_MACROS -I/usr/local/opt/berkeley-db@4/include -DMAC_OSX  -U_FORTIFY_SOURCE -D_FORTIFY_SOURCE=2 conftest.cpp >&5
conftest.cpp:46:16: fatal error: 'libdb4/db_cxx.h' file not found
      #include <libdb4/db_cxx.h>
               ^
1 error generated.
configure:22599: $? = 1
configure: failed program was:
| /* confdefs.h */
| #define PACKAGE_NAME "Divi Core"
| #define PACKAGE_TARNAME "divi"
| #define PACKAGE_VERSION "2.2.99"
| #define PACKAGE_STRING "Divi Core 2.2.99"
| #define PACKAGE_BUGREPORT "www.divi.org"
| #define PACKAGE_URL ""
| #define HAVE_CXX11 1
| #define STDC_HEADERS 1
| #define HAVE_SYS_TYPES_H 1
| #define HAVE_SYS_STAT_H 1
| #define HAVE_STDLIB_H 1
| #define HAVE_STRING_H 1
| #define HAVE_MEMORY_H 1
| #define HAVE_STRINGS_H 1
| #define HAVE_INTTYPES_H 1
| #define HAVE_STDINT_H 1
| #define HAVE_UNISTD_H 1
| #define HAVE_DLFCN_H 1
| #define LT_OBJDIR ".libs/"
| #define HAVE_PTHREAD_PRIO_INHERIT 1
| #define HAVE_PTHREAD 1
| #define HAVE_DECL_STRERROR_R 1
| #define HAVE_STRERROR_R 1
| #define HAVE_FUNC_ATTRIBUTE_VISIBILITY 1
| #define HAVE_STDIO_H 1
| #define HAVE_STDLIB_H 1
| #define HAVE_UNISTD_H 1
| #define HAVE_STRINGS_H 1
| #define HAVE_SYS_TYPES_H 1
| #define HAVE_SYS_STAT_H 1
| #define HAVE_SYS_SELECT_H 1
| #define HAVE_INET_PTON 1
| #define HAVE_DECL_STRNLEN 1
| #define HAVE_DECL_LE32TOH 0
| #define HAVE_DECL_LE64TOH 0
| #define HAVE_DECL_HTOLE32 0
| #define HAVE_DECL_HTOLE64 0
| #define HAVE_DECL_BE32TOH 0
| #define HAVE_DECL_BE64TOH 0
| #define HAVE_DECL_HTOBE32 0
| #define HAVE_DECL_HTOBE64 0
| #define HAVE_VISIBILITY_ATTRIBUTE 1
| /* end confdefs.h.  */
| 
|       #include <libdb4/db_cxx.h>
| 
| int
| main ()
| {
| 
|       #if !((DB_VERSION_MAJOR == 4 && DB_VERSION_MINOR >= 8) || DB_VERSION_MAJOR > 4)
|         #error "failed to find bdb 4.8+"
|       #endif
| 
|   ;
|   return 0;
| }
configure:22599: g++ -std=c++11 -c -g3 -O0 -DDEBUG -Wall -Wextra -Wformat -Wformat-security -Wno-unused-parameter  -Wstack-protector -fstack-protector-all -fPIC -I/usr/local/opt/openssl/include -DBOOST_SPIRIT_THREADSAFE -DHAVE_BUILD_INFO -D__STDC_FORMAT_MACROS -I/usr/local/opt/berkeley-db@4/include -DMAC_OSX  -U_FORTIFY_SOURCE -D_FORTIFY_SOURCE=2 conftest.cpp >&5
conftest.cpp:46:16: fatal error: 'db4/db_cxx.h' file not found
      #include <db4/db_cxx.h>
               ^
1 error generated.
configure:22599: $? = 1
configure: failed program was:
| /* confdefs.h */
| #define PACKAGE_NAME "Divi Core"
| #define PACKAGE_TARNAME "divi"
| #define PACKAGE_VERSION "2.2.99"
| #define PACKAGE_STRING "Divi Core 2.2.99"
| #define PACKAGE_BUGREPORT "www.divi.org"
| #define PACKAGE_URL ""
| #define HAVE_CXX11 1
| #define STDC_HEADERS 1
| #define HAVE_SYS_TYPES_H 1
| #define HAVE_SYS_STAT_H 1
| #define HAVE_STDLIB_H 1
| #define HAVE_STRING_H 1
| #define HAVE_MEMORY_H 1
| #define HAVE_STRINGS_H 1
| #define HAVE_INTTYPES_H 1
| #define HAVE_STDINT_H 1
| #define HAVE_UNISTD_H 1
| #define HAVE_DLFCN_H 1
| #define LT_OBJDIR ".libs/"
| #define HAVE_PTHREAD_PRIO_INHERIT 1
| #define HAVE_PTHREAD 1
| #define HAVE_DECL_STRERROR_R 1
| #define HAVE_STRERROR_R 1
| #define HAVE_FUNC_ATTRIBUTE_VISIBILITY 1
| #define HAVE_STDIO_H 1
| #define HAVE_STDLIB_H 1
| #define HAVE_UNISTD_H 1
| #define HAVE_STRINGS_H 1
| #define HAVE_SYS_TYPES_H 1
| #define HAVE_SYS_STAT_H 1
| #define HAVE_SYS_SELECT_H 1
| #define HAVE_INET_PTON 1
| #define HAVE_DECL_STRNLEN 1
| #define HAVE_DECL_LE32TOH 0
| #define HAVE_DECL_LE64TOH 0
| #define HAVE_DECL_HTOLE32 0
| #define HAVE_DECL_HTOLE64 0
| #define HAVE_DECL_BE32TOH 0
| #define HAVE_DECL_BE64TOH 0
| #define HAVE_DECL_HTOBE32 0
| #define HAVE_DECL_HTOBE64 0
| #define HAVE_VISIBILITY_ATTRIBUTE 1
| /* end confdefs.h.  */
| 
|       #include <db4/db_cxx.h>
| 
| int
| main ()
| {
| 
|       #if !((DB_VERSION_MAJOR == 4 && DB_VERSION_MINOR >= 8) || DB_VERSION_MAJOR > 4)
|         #error "failed to find bdb 4.8+"
|       #endif
| 
|   ;
|   return 0;
| }
configure:22599: g++ -std=c++11 -c -g3 -O0 -DDEBUG -Wall -Wextra -Wformat -Wformat-security -Wno-unused-parameter  -Wstack-protector -fstack-protector-all -fPIC -I/usr/local/opt/openssl/include -DBOOST_SPIRIT_THREADSAFE -DHAVE_BUILD_INFO -D__STDC_FORMAT_MACROS -I/usr/local/opt/berkeley-db@4/include -DMAC_OSX  -U_FORTIFY_SOURCE -D_FORTIFY_SOURCE=2 conftest.cpp >&5
conftest.cpp:46:16: fatal error: 'bdb5/db_cxx.h' file not found
      #include <bdb5/db_cxx.h>
               ^
1 error generated.
configure:22599: $? = 1
configure: failed program was:
| /* confdefs.h */
| #define PACKAGE_NAME "Divi Core"
| #define PACKAGE_TARNAME "divi"
| #define PACKAGE_VERSION "2.2.99"
| #define PACKAGE_STRING "Divi Core 2.2.99"
| #define PACKAGE_BUGREPORT "www.divi.org"
| #define PACKAGE_URL ""
| #define HAVE_CXX11 1
| #define STDC_HEADERS 1
| #define HAVE_SYS_TYPES_H 1
| #define HAVE_SYS_STAT_H 1
| #define HAVE_STDLIB_H 1
| #define HAVE_STRING_H 1
| #define HAVE_MEMORY_H 1
| #define HAVE_STRINGS_H 1
| #define HAVE_INTTYPES_H 1
| #define HAVE_STDINT_H 1
| #define HAVE_UNISTD_H 1
| #define HAVE_DLFCN_H 1
| #define LT_OBJDIR ".libs/"
| #define HAVE_PTHREAD_PRIO_INHERIT 1
| #define HAVE_PTHREAD 1
| #define HAVE_DECL_STRERROR_R 1
| #define HAVE_STRERROR_R 1
| #define HAVE_FUNC_ATTRIBUTE_VISIBILITY 1
| #define HAVE_STDIO_H 1
| #define HAVE_STDLIB_H 1
| #define HAVE_UNISTD_H 1
| #define HAVE_STRINGS_H 1
| #define HAVE_SYS_TYPES_H 1
| #define HAVE_SYS_STAT_H 1
| #define HAVE_SYS_SELECT_H 1
| #define HAVE_INET_PTON 1
| #define HAVE_DECL_STRNLEN 1
| #define HAVE_DECL_LE32TOH 0
| #define HAVE_DECL_LE64TOH 0
| #define HAVE_DECL_HTOLE32 0
| #define HAVE_DECL_HTOLE64 0
| #define HAVE_DECL_BE32TOH 0
| #define HAVE_DECL_BE64TOH 0
| #define HAVE_DECL_HTOBE32 0
| #define HAVE_DECL_HTOBE64 0
| #define HAVE_VISIBILITY_ATTRIBUTE 1
| /* end confdefs.h.  */
| 
|       #include <bdb5/db_cxx.h>
| 
| int
| main ()
| {
| 
|       #if !((DB_VERSION_MAJOR == 4 && DB_VERSION_MINOR >= 8) || DB_VERSION_MAJOR > 4)
|         #error "failed to find bdb 4.8+"
|       #endif
| 
|   ;
|   return 0;
| }
configure:22599: g++ -std=c++11 -c -g3 -O0 -DDEBUG -Wall -Wextra -Wformat -Wformat-security -Wno-unused-parameter  -Wstack-protector -fstack-protector-all -fPIC -I/usr/local/opt/openssl/include -DBOOST_SPIRIT_THREADSAFE -DHAVE_BUILD_INFO -D__STDC_FORMAT_MACROS -I/usr/local/opt/berkeley-db@4/include -DMAC_OSX  -U_FORTIFY_SOURCE -D_FORTIFY_SOURCE=2 conftest.cpp >&5
conftest.cpp:46:16: fatal error: 'libdb5/db_cxx.h' file not found
      #include <libdb5/db_cxx.h>
               ^
1 error generated.
configure:22599: $? = 1
configure: failed program was:
| /* confdefs.h */
| #define PACKAGE_NAME "Divi Core"
| #define PACKAGE_TARNAME "divi"
| #define PACKAGE_VERSION "2.2.99"
| #define PACKAGE_STRING "Divi Core 2.2.99"
| #define PACKAGE_BUGREPORT "www.divi.org"
| #define PACKAGE_URL ""
| #define HAVE_CXX11 1
| #define STDC_HEADERS 1
| #define HAVE_SYS_TYPES_H 1
| #define HAVE_SYS_STAT_H 1
| #define HAVE_STDLIB_H 1
| #define HAVE_STRING_H 1
| #define HAVE_MEMORY_H 1
| #define HAVE_STRINGS_H 1
| #define HAVE_INTTYPES_H 1
| #define HAVE_STDINT_H 1
| #define HAVE_UNISTD_H 1
| #define HAVE_DLFCN_H 1
| #define LT_OBJDIR ".libs/"
| #define HAVE_PTHREAD_PRIO_INHERIT 1
| #define HAVE_PTHREAD 1
| #define HAVE_DECL_STRERROR_R 1
| #define HAVE_STRERROR_R 1
| #define HAVE_FUNC_ATTRIBUTE_VISIBILITY 1
| #define HAVE_STDIO_H 1
| #define HAVE_STDLIB_H 1
| #define HAVE_UNISTD_H 1
| #define HAVE_STRINGS_H 1
| #define HAVE_SYS_TYPES_H 1
| #define HAVE_SYS_STAT_H 1
| #define HAVE_SYS_SELECT_H 1
| #define HAVE_INET_PTON 1
| #define HAVE_DECL_STRNLEN 1
| #define HAVE_DECL_LE32TOH 0
| #define HAVE_DECL_LE64TOH 0
| #define HAVE_DECL_HTOLE32 0
| #define HAVE_DECL_HTOLE64 0
| #define HAVE_DECL_BE32TOH 0
| #define HAVE_DECL_BE64TOH 0
| #define HAVE_DECL_HTOBE32 0
| #define HAVE_DECL_HTOBE64 0
| #define HAVE_VISIBILITY_ATTRIBUTE 1
| /* end confdefs.h.  */
| 
|       #include <libdb5/db_cxx.h>
| 
| int
| main ()
| {
| 
|       #if !((DB_VERSION_MAJOR == 4 && DB_VERSION_MINOR >= 8) || DB_VERSION_MAJOR > 4)
|         #error "failed to find bdb 4.8+"
|       #endif
| 
|   ;
|   return 0;
| }
configure:22599: g++ -std=c++11 -c -g3 -O0 -DDEBUG -Wall -Wextra -Wformat -Wformat-security -Wno-unused-parameter  -Wstack-protector -fstack-protector-all -fPIC -I/usr/local/opt/openssl/include -DBOOST_SPIRIT_THREADSAFE -DHAVE_BUILD_INFO -D__STDC_FORMAT_MACROS -I/usr/local/opt/berkeley-db@4/include -DMAC_OSX  -U_FORTIFY_SOURCE -D_FORTIFY_SOURCE=2 conftest.cpp >&5
conftest.cpp:46:16: fatal error: 'db5/db_cxx.h' file not found
      #include <db5/db_cxx.h>
               ^
1 error generated.
configure:22599: $? = 1
configure: failed program was:
| /* confdefs.h */
| #define PACKAGE_NAME "Divi Core"
| #define PACKAGE_TARNAME "divi"
| #define PACKAGE_VERSION "2.2.99"
| #define PACKAGE_STRING "Divi Core 2.2.99"
| #define PACKAGE_BUGREPORT "www.divi.org"
| #define PACKAGE_URL ""
| #define HAVE_CXX11 1
| #define STDC_HEADERS 1
| #define HAVE_SYS_TYPES_H 1
| #define HAVE_SYS_STAT_H 1
| #define HAVE_STDLIB_H 1
| #define HAVE_STRING_H 1
| #define HAVE_MEMORY_H 1
| #define HAVE_STRINGS_H 1
| #define HAVE_INTTYPES_H 1
| #define HAVE_STDINT_H 1
| #define HAVE_UNISTD_H 1
| #define HAVE_DLFCN_H 1
| #define LT_OBJDIR ".libs/"
| #define HAVE_PTHREAD_PRIO_INHERIT 1
| #define HAVE_PTHREAD 1
| #define HAVE_DECL_STRERROR_R 1
| #define HAVE_STRERROR_R 1
| #define HAVE_FUNC_ATTRIBUTE_VISIBILITY 1
| #define HAVE_STDIO_H 1
| #define HAVE_STDLIB_H 1
| #define HAVE_UNISTD_H 1
| #define HAVE_STRINGS_H 1
| #define HAVE_SYS_TYPES_H 1
| #define HAVE_SYS_STAT_H 1
| #define HAVE_SYS_SELECT_H 1
| #define HAVE_INET_PTON 1
| #define HAVE_DECL_STRNLEN 1
| #define HAVE_DECL_LE32TOH 0
| #define HAVE_DECL_LE64TOH 0
| #define HAVE_DECL_HTOLE32 0
| #define HAVE_DECL_HTOLE64 0
| #define HAVE_DECL_BE32TOH 0
| #define HAVE_DECL_BE64TOH 0
| #define HAVE_DECL_HTOBE32 0
| #define HAVE_DECL_HTOBE64 0
| #define HAVE_VISIBILITY_ATTRIBUTE 1
| /* end confdefs.h.  */
| 
|       #include <db5/db_cxx.h>
| 
| int
| main ()
| {
| 
|       #if !((DB_VERSION_MAJOR == 4 && DB_VERSION_MINOR >= 8) || DB_VERSION_MAJOR > 4)
|         #error "failed to find bdb 4.8+"
|       #endif
| 
|   ;
|   return 0;
| }
configure:22599: g++ -std=c++11 -c -g3 -O0 -DDEBUG -Wall -Wextra -Wformat -Wformat-security -Wno-unused-parameter  -Wstack-protector -fstack-protector-all -fPIC -I/usr/local/opt/openssl/include -DBOOST_SPIRIT_THREADSAFE -DHAVE_BUILD_INFO -D__STDC_FORMAT_MACROS -I/usr/local/opt/berkeley-db@4/include -DMAC_OSX  -U_FORTIFY_SOURCE -D_FORTIFY_SOURCE=2 conftest.cpp >&5
conftest.cpp:46:16: fatal error: 'bdb/db_cxx.h' file not found
      #include <bdb/db_cxx.h>
               ^
1 error generated.
configure:22599: $? = 1
configure: failed program was:
| /* confdefs.h */
| #define PACKAGE_NAME "Divi Core"
| #define PACKAGE_TARNAME "divi"
| #define PACKAGE_VERSION "2.2.99"
| #define PACKAGE_STRING "Divi Core 2.2.99"
| #define PACKAGE_BUGREPORT "www.divi.org"
| #define PACKAGE_URL ""
| #define HAVE_CXX11 1
| #define STDC_HEADERS 1
| #define HAVE_SYS_TYPES_H 1
| #define HAVE_SYS_STAT_H 1
| #define HAVE_STDLIB_H 1
| #define HAVE_STRING_H 1
| #define HAVE_MEMORY_H 1
| #define HAVE_STRINGS_H 1
| #define HAVE_INTTYPES_H 1
| #define HAVE_STDINT_H 1
| #define HAVE_UNISTD_H 1
| #define HAVE_DLFCN_H 1
| #define LT_OBJDIR ".libs/"
| #define HAVE_PTHREAD_PRIO_INHERIT 1
| #define HAVE_PTHREAD 1
| #define HAVE_DECL_STRERROR_R 1
| #define HAVE_STRERROR_R 1
| #define HAVE_FUNC_ATTRIBUTE_VISIBILITY 1
| #define HAVE_STDIO_H 1
| #define HAVE_STDLIB_H 1
| #define HAVE_UNISTD_H 1
| #define HAVE_STRINGS_H 1
| #define HAVE_SYS_TYPES_H 1
| #define HAVE_SYS_STAT_H 1
| #define HAVE_SYS_SELECT_H 1
| #define HAVE_INET_PTON 1
| #define HAVE_DECL_STRNLEN 1
| #define HAVE_DECL_LE32TOH 0
| #define HAVE_DECL_LE64TOH 0
| #define HAVE_DECL_HTOLE32 0
| #define HAVE_DECL_HTOLE64 0
| #define HAVE_DECL_BE32TOH 0
| #define HAVE_DECL_BE64TOH 0
| #define HAVE_DECL_HTOBE32 0
| #define HAVE_DECL_HTOBE64 0
| #define HAVE_VISIBILITY_ATTRIBUTE 1
| /* end confdefs.h.  */
| 
|       #include <bdb/db_cxx.h>
| 
| int
| main ()
| {
| 
|       #if !((DB_VERSION_MAJOR == 4 && DB_VERSION_MINOR >= 8) || DB_VERSION_MAJOR > 4)
|         #error "failed to find bdb 4.8+"
|       #endif
| 
|   ;
|   return 0;
| }
configure:22599: g++ -std=c++11 -c -g3 -O0 -DDEBUG -Wall -Wextra -Wformat -Wformat-security -Wno-unused-parameter  -Wstack-protector -fstack-protector-all -fPIC -I/usr/local/opt/openssl/include -DBOOST_SPIRIT_THREADSAFE -DHAVE_BUILD_INFO -D__STDC_FORMAT_MACROS -I/usr/local/opt/berkeley-db@4/include -DMAC_OSX  -U_FORTIFY_SOURCE -D_FORTIFY_SOURCE=2 conftest.cpp >&5
conftest.cpp:46:16: fatal error: 'libdb/db_cxx.h' file not found
      #include <libdb/db_cxx.h>
               ^
1 error generated.
configure:22599: $? = 1
configure: failed program was:
| /* confdefs.h */
| #define PACKAGE_NAME "Divi Core"
| #define PACKAGE_TARNAME "divi"
| #define PACKAGE_VERSION "2.2.99"
| #define PACKAGE_STRING "Divi Core 2.2.99"
| #define PACKAGE_BUGREPORT "www.divi.org"
| #define PACKAGE_URL ""
| #define HAVE_CXX11 1
| #define STDC_HEADERS 1
| #define HAVE_SYS_TYPES_H 1
| #define HAVE_SYS_STAT_H 1
| #define HAVE_STDLIB_H 1
| #define HAVE_STRING_H 1
| #define HAVE_MEMORY_H 1
| #define HAVE_STRINGS_H 1
| #define HAVE_INTTYPES_H 1
| #define HAVE_STDINT_H 1
| #define HAVE_UNISTD_H 1
| #define HAVE_DLFCN_H 1
| #define LT_OBJDIR ".libs/"
| #define HAVE_PTHREAD_PRIO_INHERIT 1
| #define HAVE_PTHREAD 1
| #define HAVE_DECL_STRERROR_R 1
| #define HAVE_STRERROR_R 1
| #define HAVE_FUNC_ATTRIBUTE_VISIBILITY 1
| #define HAVE_STDIO_H 1
| #define HAVE_STDLIB_H 1
| #define HAVE_UNISTD_H 1
| #define HAVE_STRINGS_H 1
| #define HAVE_SYS_TYPES_H 1
| #define HAVE_SYS_STAT_H 1
| #define HAVE_SYS_SELECT_H 1
| #define HAVE_INET_PTON 1
| #define HAVE_DECL_STRNLEN 1
| #define HAVE_DECL_LE32TOH 0
| #define HAVE_DECL_LE64TOH 0
| #define HAVE_DECL_HTOLE32 0
| #define HAVE_DECL_HTOLE64 0
| #define HAVE_DECL_BE32TOH 0
| #define HAVE_DECL_BE64TOH 0
| #define HAVE_DECL_HTOBE32 0
| #define HAVE_DECL_HTOBE64 0
| #define HAVE_VISIBILITY_ATTRIBUTE 1
| /* end confdefs.h.  */
| 
|       #include <libdb/db_cxx.h>
| 
| int
| main ()
| {
| 
|       #if !((DB_VERSION_MAJOR == 4 && DB_VERSION_MINOR >= 8) || DB_VERSION_MAJOR > 4)
|         #error "failed to find bdb 4.8+"
|       #endif
| 
|   ;
|   return 0;
| }
configure:22599: g++ -std=c++11 -c -g3 -O0 -DDEBUG -Wall -Wextra -Wformat -Wformat-security -Wno-unused-parameter  -Wstack-protector -fstack-protector-all -fPIC -I/usr/local/opt/openssl/include -DBOOST_SPIRIT_THREADSAFE -DHAVE_BUILD_INFO -D__STDC_FORMAT_MACROS -I/usr/local/opt/berkeley-db@4/include -DMAC_OSX  -U_FORTIFY_SOURCE -D_FORTIFY_SOURCE=2 conftest.cpp >&5
conftest.cpp:46:16: fatal error: 'db/db_cxx.h' file not found
      #include <db/db_cxx.h>
               ^
1 error generated.
configure:22599: $? = 1
configure: failed program was:
| /* confdefs.h */
| #define PACKAGE_NAME "Divi Core"
| #define PACKAGE_TARNAME "divi"
| #define PACKAGE_VERSION "2.2.99"
| #define PACKAGE_STRING "Divi Core 2.2.99"
| #define PACKAGE_BUGREPORT "www.divi.org"
| #define PACKAGE_URL ""
| #define HAVE_CXX11 1
| #define STDC_HEADERS 1
| #define HAVE_SYS_TYPES_H 1
| #define HAVE_SYS_STAT_H 1
| #define HAVE_STDLIB_H 1
| #define HAVE_STRING_H 1
| #define HAVE_MEMORY_H 1
| #define HAVE_STRINGS_H 1
| #define HAVE_INTTYPES_H 1
| #define HAVE_STDINT_H 1
| #define HAVE_UNISTD_H 1
| #define HAVE_DLFCN_H 1
| #define LT_OBJDIR ".libs/"
| #define HAVE_PTHREAD_PRIO_INHERIT 1
| #define HAVE_PTHREAD 1
| #define HAVE_DECL_STRERROR_R 1
| #define HAVE_STRERROR_R 1
| #define HAVE_FUNC_ATTRIBUTE_VISIBILITY 1
| #define HAVE_STDIO_H 1
| #define HAVE_STDLIB_H 1
| #define HAVE_UNISTD_H 1
| #define HAVE_STRINGS_H 1
| #define HAVE_SYS_TYPES_H 1
| #define HAVE_SYS_STAT_H 1
| #define HAVE_SYS_SELECT_H 1
| #define HAVE_INET_PTON 1
| #define HAVE_DECL_STRNLEN 1
| #define HAVE_DECL_LE32TOH 0
| #define HAVE_DECL_LE64TOH 0
| #define HAVE_DECL_HTOLE32 0
| #define HAVE_DECL_HTOLE64 0
| #define HAVE_DECL_BE32TOH 0
| #define HAVE_DECL_BE64TOH 0
| #define HAVE_DECL_HTOBE32 0
| #define HAVE_DECL_HTOBE64 0
| #define HAVE_VISIBILITY_ATTRIBUTE 1
| /* end confdefs.h.  */
| 
|       #include <db/db_cxx.h>
| 
| int
| main ()
| {
| 
|       #if !((DB_VERSION_MAJOR == 4 && DB_VERSION_MINOR >= 8) || DB_VERSION_MAJOR > 4)
|         #error "failed to find bdb 4.8+"
|       #endif
| 
|   ;
|   return 0;
| }
configure:22599: g++ -std=c++11 -c -g3 -O0 -DDEBUG -Wall -Wextra -Wformat -Wformat-security -Wno-unused-parameter  -Wstack-protector -fstack-protector-all -fPIC -I/usr/local/opt/openssl/include -DBOOST_SPIRIT_THREADSAFE -DHAVE_BUILD_INFO -D__STDC_FORMAT_MACROS -I/usr/local/opt/berkeley-db@4/include -DMAC_OSX  -U_FORTIFY_SOURCE -D_FORTIFY_SOURCE=2 conftest.cpp >&5
configure:22599: $? = 0
configure:22628: g++ -std=c++11 -c -g3 -O0 -DDEBUG -Wall -Wextra -Wformat -Wformat-security -Wno-unused-parameter  -Wstack-protector -fstack-protector-all -fPIC -I/usr/local/opt/openssl/include -DBOOST_SPIRIT_THREADSAFE -DHAVE_BUILD_INFO -D__STDC_FORMAT_MACROS -I/usr/local/opt/berkeley-db@4/include -DMAC_OSX  -U_FORTIFY_SOURCE -D_FORTIFY_SOURCE=2 conftest.cpp >&5
configure:22628: $? = 0
configure:22671: result: default
configure:22690: checking for main in -ldb_cxx-4.8
configure:22709: g++ -std=c++11 -o conftest -g3 -O0 -DDEBUG -Wall -Wextra -Wformat -Wformat-security -Wno-unused-parameter  -Wstack-protector -fstack-protector-all -fPIC -I/usr/local/opt/openssl/include -DBOOST_SPIRIT_THREADSAFE -DHAVE_BUILD_INFO -D__STDC_FORMAT_MACROS -I/usr/local/opt/berkeley-db@4/include -DMAC_OSX  -U_FORTIFY_SOURCE -D_FORTIFY_SOURCE=2 -L/usr/local/opt/openssl/lib -Wl,-headerpad_max_install_names  -Wl,-dead_strip conftest.cpp -ldb_cxx-4.8   -L/usr/local/opt/berkeley-db@4/lib >&5
conftest.cpp:49:1: warning: all paths through this function will call itself [-Winfinite-recursion]
{
^
1 warning generated.
configure:22709: $? = 0
configure:22719: result: yes
configure:22740: checking miniupnpc/miniwget.h usability
configure:22740: g++ -std=c++11 -c -g3 -O0 -DDEBUG -Wall -Wextra -Wformat -Wformat-security -Wno-unused-parameter  -Wstack-protector -fstack-protector-all -fPIC -I/usr/local/opt/openssl/include -DBOOST_SPIRIT_THREADSAFE -DHAVE_BUILD_INFO -D__STDC_FORMAT_MACROS -I/usr/local/opt/berkeley-db@4/include -DMAC_OSX  -U_FORTIFY_SOURCE -D_FORTIFY_SOURCE=2 conftest.cpp >&5
configure:22740: $? = 0
configure:22740: result: yes
configure:22740: checking miniupnpc/miniwget.h presence
configure:22740: g++ -std=c++11 -E -I/usr/local/opt/openssl/include -DBOOST_SPIRIT_THREADSAFE -DHAVE_BUILD_INFO -D__STDC_FORMAT_MACROS -I/usr/local/opt/berkeley-db@4/include -DMAC_OSX  -U_FORTIFY_SOURCE -D_FORTIFY_SOURCE=2 conftest.cpp
configure:22740: $? = 0
configure:22740: result: yes
configure:22740: checking for miniupnpc/miniwget.h
configure:22740: result: yes
configure:22745: checking for main in -lminiupnpc
configure:22764: g++ -std=c++11 -o conftest -g3 -O0 -DDEBUG -Wall -Wextra -Wformat -Wformat-security -Wno-unused-parameter  -Wstack-protector -fstack-protector-all -fPIC -I/usr/local/opt/openssl/include -DBOOST_SPIRIT_THREADSAFE -DHAVE_BUILD_INFO -D__STDC_FORMAT_MACROS -I/usr/local/opt/berkeley-db@4/include -DMAC_OSX  -U_FORTIFY_SOURCE -D_FORTIFY_SOURCE=2 -L/usr/local/opt/openssl/lib -Wl,-headerpad_max_install_names  -Wl,-dead_strip conftest.cpp -lminiupnpc   -L/usr/local/opt/berkeley-db@4/lib >&5
conftest.cpp:50:1: warning: all paths through this function will call itself [-Winfinite-recursion]
{
^
1 warning generated.
configure:22764: $? = 0
configure:22773: result: yes
configure:22740: checking miniupnpc/miniupnpc.h usability
configure:22740: g++ -std=c++11 -c -g3 -O0 -DDEBUG -Wall -Wextra -Wformat -Wformat-security -Wno-unused-parameter  -Wstack-protector -fstack-protector-all -fPIC -I/usr/local/opt/openssl/include -DBOOST_SPIRIT_THREADSAFE -DHAVE_BUILD_INFO -D__STDC_FORMAT_MACROS -I/usr/local/opt/berkeley-db@4/include -DMAC_OSX  -U_FORTIFY_SOURCE -D_FORTIFY_SOURCE=2 conftest.cpp >&5
configure:22740: $? = 0
configure:22740: result: yes
configure:22740: checking miniupnpc/miniupnpc.h presence
configure:22740: g++ -std=c++11 -E -I/usr/local/opt/openssl/include -DBOOST_SPIRIT_THREADSAFE -DHAVE_BUILD_INFO -D__STDC_FORMAT_MACROS -I/usr/local/opt/berkeley-db@4/include -DMAC_OSX  -U_FORTIFY_SOURCE -D_FORTIFY_SOURCE=2 conftest.cpp
configure:22740: $? = 0
configure:22740: result: yes
configure:22740: checking for miniupnpc/miniupnpc.h
configure:22740: result: yes
configure:22745: checking for main in -lminiupnpc
configure:22773: result: yes
configure:22740: checking miniupnpc/upnpcommands.h usability
configure:22740: g++ -std=c++11 -c -g3 -O0 -DDEBUG -Wall -Wextra -Wformat -Wformat-security -Wno-unused-parameter  -Wstack-protector -fstack-protector-all -fPIC -I/usr/local/opt/openssl/include -DBOOST_SPIRIT_THREADSAFE -DHAVE_BUILD_INFO -D__STDC_FORMAT_MACROS -I/usr/local/opt/berkeley-db@4/include -DMAC_OSX  -U_FORTIFY_SOURCE -D_FORTIFY_SOURCE=2 conftest.cpp >&5
configure:22740: $? = 0
configure:22740: result: yes
configure:22740: checking miniupnpc/upnpcommands.h presence
configure:22740: g++ -std=c++11 -E -I/usr/local/opt/openssl/include -DBOOST_SPIRIT_THREADSAFE -DHAVE_BUILD_INFO -D__STDC_FORMAT_MACROS -I/usr/local/opt/berkeley-db@4/include -DMAC_OSX  -U_FORTIFY_SOURCE -D_FORTIFY_SOURCE=2 conftest.cpp
configure:22740: $? = 0
configure:22740: result: yes
configure:22740: checking for miniupnpc/upnpcommands.h
configure:22740: result: yes
configure:22745: checking for main in -lminiupnpc
configure:22773: result: yes
configure:22740: checking miniupnpc/upnperrors.h usability
configure:22740: g++ -std=c++11 -c -g3 -O0 -DDEBUG -Wall -Wextra -Wformat -Wformat-security -Wno-unused-parameter  -Wstack-protector -fstack-protector-all -fPIC -I/usr/local/opt/openssl/include -DBOOST_SPIRIT_THREADSAFE -DHAVE_BUILD_INFO -D__STDC_FORMAT_MACROS -I/usr/local/opt/berkeley-db@4/include -DMAC_OSX  -U_FORTIFY_SOURCE -D_FORTIFY_SOURCE=2 conftest.cpp >&5
configure:22740: $? = 0
configure:22740: result: yes
configure:22740: checking miniupnpc/upnperrors.h presence
configure:22740: g++ -std=c++11 -E -I/usr/local/opt/openssl/include -DBOOST_SPIRIT_THREADSAFE -DHAVE_BUILD_INFO -D__STDC_FORMAT_MACROS -I/usr/local/opt/berkeley-db@4/include -DMAC_OSX  -U_FORTIFY_SOURCE -D_FORTIFY_SOURCE=2 conftest.cpp
configure:22740: $? = 0
configure:22740: result: yes
configure:22740: checking for miniupnpc/upnperrors.h
configure:22740: result: yes
configure:22745: checking for main in -lminiupnpc
configure:22773: result: yes
configure:22883: checking for QT
configure:22890: $PKG_CONFIG --exists --print-errors "$qt5_modules"
configure:22893: $? = 0
configure:22907: $PKG_CONFIG --exists --print-errors "$qt5_modules"
configure:22910: $? = 0
configure:22948: result: yes
configure:23200: checking for QT_TEST
configure:23207: $PKG_CONFIG --exists --print-errors "${QT_LIB_PREFIX}Test"
configure:23210: $? = 0
configure:23224: $PKG_CONFIG --exists --print-errors "${QT_LIB_PREFIX}Test"
configure:23227: $? = 0
configure:23265: result: yes
configure:23272: checking for QT_DBUS
configure:23279: $PKG_CONFIG --exists --print-errors "${QT_LIB_PREFIX}DBus"
configure:23282: $? = 0
configure:23296: $PKG_CONFIG --exists --print-errors "${QT_LIB_PREFIX}DBus"
configure:23299: $? = 0
configure:23337: result: yes
configure:24274: checking for static Qt
configure:24297: g++ -std=c++11 -c  -g3 -O0 -DDEBUG -Wall -Wextra -Wformat -Wformat-security -Wno-unused-parameter  -Wstack-protector -fstack-protector-all -fPIC -I/usr/local/Cellar/qt/5.9.1/include/QtNetwork -I/usr/local/Cellar/qt/5.9.1/include -I/usr/local/Cellar/qt/5.9.1/include/QtWidgets -I/usr/local/Cellar/qt/5.9.1/include -I/usr/local/Cellar/qt/5.9.1/include/QtGui -I/usr/local/Cellar/qt/5.9.1/include -I/usr/local/Cellar/qt/5.9.1/include/QtCore -I/usr/local/Cellar/qt/5.9.1/include -I/usr/local/opt/openssl/include -DBOOST_SPIRIT_THREADSAFE -DHAVE_BUILD_INFO -D__STDC_FORMAT_MACROS -I/usr/local/opt/berkeley-db@4/include -DMAC_OSX  -U_FORTIFY_SOURCE -D_FORTIFY_SOURCE=2 conftest.cpp >&5
conftest.cpp:57:7: error: unknown type name 'choke'
      choke me
      ^
1 error generated.
configure:24297: $? = 1
configure: failed program was:
| /* confdefs.h */
| #define PACKAGE_NAME "Divi Core"
| #define PACKAGE_TARNAME "divi"
| #define PACKAGE_VERSION "2.2.99"
| #define PACKAGE_STRING "Divi Core 2.2.99"
| #define PACKAGE_BUGREPORT "www.divi.org"
| #define PACKAGE_URL ""
| #define HAVE_CXX11 1
| #define STDC_HEADERS 1
| #define HAVE_SYS_TYPES_H 1
| #define HAVE_SYS_STAT_H 1
| #define HAVE_STDLIB_H 1
| #define HAVE_STRING_H 1
| #define HAVE_MEMORY_H 1
| #define HAVE_STRINGS_H 1
| #define HAVE_INTTYPES_H 1
| #define HAVE_STDINT_H 1
| #define HAVE_UNISTD_H 1
| #define HAVE_DLFCN_H 1
| #define LT_OBJDIR ".libs/"
| #define HAVE_PTHREAD_PRIO_INHERIT 1
| #define HAVE_PTHREAD 1
| #define HAVE_DECL_STRERROR_R 1
| #define HAVE_STRERROR_R 1
| #define HAVE_FUNC_ATTRIBUTE_VISIBILITY 1
| #define HAVE_STDIO_H 1
| #define HAVE_STDLIB_H 1
| #define HAVE_UNISTD_H 1
| #define HAVE_STRINGS_H 1
| #define HAVE_SYS_TYPES_H 1
| #define HAVE_SYS_STAT_H 1
| #define HAVE_SYS_SELECT_H 1
| #define HAVE_INET_PTON 1
| #define HAVE_DECL_STRNLEN 1
| #define HAVE_DECL_LE32TOH 0
| #define HAVE_DECL_LE64TOH 0
| #define HAVE_DECL_HTOLE32 0
| #define HAVE_DECL_HTOLE64 0
| #define HAVE_DECL_BE32TOH 0
| #define HAVE_DECL_BE64TOH 0
| #define HAVE_DECL_HTOBE32 0
| #define HAVE_DECL_HTOBE64 0
| #define HAVE_VISIBILITY_ATTRIBUTE 1
| #define HAVE_MINIUPNPC_MINIWGET_H 1
| #define HAVE_MINIUPNPC_MINIUPNPC_H 1
| #define HAVE_MINIUPNPC_UPNPCOMMANDS_H 1
| #define HAVE_MINIUPNPC_UPNPERRORS_H 1
| /* end confdefs.h.  */
| #include <QtCore>
| int
| main ()
| {
| 
|       #if defined(QT_STATIC)
|       return 0;
|       #else
|       choke me
|       #endif
| 
|   ;
|   return 0;
| }
configure:24305: result: no
configure:25026: checking whether -fPIE can be used with this Qt config
configure:25047: g++ -std=c++11 -c  -g3 -O0 -DDEBUG -Wall -Wextra -Wformat -Wformat-security -Wno-unused-parameter  -Wstack-protector -fstack-protector-all -fPIC -I/usr/local/Cellar/qt/5.9.1/include/QtNetwork -I/usr/local/Cellar/qt/5.9.1/include -I/usr/local/Cellar/qt/5.9.1/include/QtWidgets -I/usr/local/Cellar/qt/5.9.1/include -I/usr/local/Cellar/qt/5.9.1/include/QtGui -I/usr/local/Cellar/qt/5.9.1/include -I/usr/local/Cellar/qt/5.9.1/include/QtCore -I/usr/local/Cellar/qt/5.9.1/include -I/usr/local/opt/openssl/include -DBOOST_SPIRIT_THREADSAFE -DHAVE_BUILD_INFO -D__STDC_FORMAT_MACROS -I/usr/local/opt/berkeley-db@4/include -DMAC_OSX  -U_FORTIFY_SOURCE -D_FORTIFY_SOURCE=2 -DHAVE_QT5 conftest.cpp >&5
configure:25047: $? = 0
configure:25048: result: yes
configure:25116: checking for moc-qt5
configure:25149: result: no
configure:25116: checking for moc5
configure:25149: result: no
configure:25116: checking for moc
configure:25134: found /usr/local/Cellar/qt/5.9.1/bin/moc
configure:25146: result: /usr/local/Cellar/qt/5.9.1/bin/moc
configure:25235: checking for uic-qt5
configure:25268: result: no
configure:25235: checking for uic5
configure:25268: result: no
configure:25235: checking for uic
configure:25253: found /usr/local/Cellar/qt/5.9.1/bin/uic
configure:25265: result: /usr/local/Cellar/qt/5.9.1/bin/uic
configure:25354: checking for rcc-qt5
configure:25387: result: no
configure:25354: checking for rcc5
configure:25387: result: no
configure:25354: checking for rcc
configure:25372: found /usr/local/Cellar/qt/5.9.1/bin/rcc
configure:25384: result: /usr/local/Cellar/qt/5.9.1/bin/rcc
configure:25473: checking for lrelease-qt5
configure:25506: result: no
configure:25473: checking for lrelease5
configure:25506: result: no
configure:25473: checking for lrelease
configure:25491: found /usr/local/Cellar/qt/5.9.1/bin/lrelease
configure:25503: result: /usr/local/Cellar/qt/5.9.1/bin/lrelease
configure:25592: checking for lupdate-qt5
configure:25625: result: no
configure:25592: checking for lupdate5
configure:25625: result: no
configure:25592: checking for lupdate
configure:25610: found /usr/local/Cellar/qt/5.9.1/bin/lupdate
configure:25622: result: /usr/local/Cellar/qt/5.9.1/bin/lupdate
configure:25712: checking whether the linker accepts -framework Foundation -framework ApplicationServices -framework AppKit
configure:25731: g++ -std=c++11 -o conftest -g3 -O0 -DDEBUG -Wall -Wextra -Wformat -Wformat-security -Wno-unused-parameter  -Wstack-protector -fstack-protector-all -fPIC -I/usr/local/opt/openssl/include -DBOOST_SPIRIT_THREADSAFE -DHAVE_BUILD_INFO -D__STDC_FORMAT_MACROS -I/usr/local/opt/berkeley-db@4/include -DMAC_OSX  -U_FORTIFY_SOURCE -D_FORTIFY_SOURCE=2 -DHAVE_QT5 -L/usr/local/opt/openssl/lib -Wl,-headerpad_max_install_names  -Wl,-dead_strip  -framework Foundation -framework ApplicationServices -framework AppKit conftest.cpp  -L/usr/local/opt/berkeley-db@4/lib >&5
configure:25731: $? = 0
configure:25741: result: yes
configure:25807: checking whether to build Divi Core GUI
configure:25837: result: yes (Qt5)
configure:25860: checking if the trading dialog should be enabled
configure:25863: result: yes
configure:25927: checking for boostlib >= 1.20.0
configure:26012: g++ -std=c++11 -c -g3 -O0 -DDEBUG -Wall -Wextra -Wformat -Wformat-security -Wno-unused-parameter  -Wstack-protector -fstack-protector-all -fPIC -I/usr/local/opt/openssl/include -DBOOST_SPIRIT_THREADSAFE -DHAVE_BUILD_INFO -D__STDC_FORMAT_MACROS -I/usr/local/opt/berkeley-db@4/include -DMAC_OSX  -U_FORTIFY_SOURCE -D_FORTIFY_SOURCE=2 -DHAVE_QT5 -I/usr/local/include conftest.cpp >&5
configure:26012: $? = 0
configure:26014: result: yes
configure:26198: checking whether the Boost::System library is available
configure:26222: g++ -std=c++11 -c -g3 -O0 -DDEBUG -Wall -Wextra -Wformat -Wformat-security -Wno-unused-parameter  -Wstack-protector -fstack-protector-all -fPIC -I/usr/local/opt/openssl/include -DBOOST_SPIRIT_THREADSAFE -DHAVE_BUILD_INFO -D__STDC_FORMAT_MACROS -I/usr/local/opt/berkeley-db@4/include -DMAC_OSX  -U_FORTIFY_SOURCE -D_FORTIFY_SOURCE=2 -DHAVE_QT5 -I/usr/local/include conftest.cpp >&5
conftest.cpp:55:1: warning: expression result unused [-Wunused-value]
boost::system::system_category
^~~~~~~~~~~~~~~~~~~~~~~~~~~~~~
1 warning generated.
configure:26222: $? = 0
configure:26237: result: yes
configure:26253: checking for exit in -lboost_system
configure:26278: g++ -std=c++11 -o conftest -g3 -O0 -DDEBUG -Wall -Wextra -Wformat -Wformat-security -Wno-unused-parameter  -Wstack-protector -fstack-protector-all -fPIC -I/usr/local/opt/openssl/include -DBOOST_SPIRIT_THREADSAFE -DHAVE_BUILD_INFO -D__STDC_FORMAT_MACROS -I/usr/local/opt/berkeley-db@4/include -DMAC_OSX  -U_FORTIFY_SOURCE -D_FORTIFY_SOURCE=2 -DHAVE_QT5 -I/usr/local/include -L/usr/local/opt/openssl/lib -Wl,-headerpad_max_install_names  -Wl,-dead_strip -L/usr/local/lib conftest.cpp -lboost_system   -L/usr/local/opt/berkeley-db@4/lib >&5
configure:26278: $? = 0
configure:26288: result: yes
configure:26443: checking whether the Boost::Filesystem library is available
configure:26467: g++ -std=c++11 -c -g3 -O0 -DDEBUG -Wall -Wextra -Wformat -Wformat-security -Wno-unused-parameter  -Wstack-protector -fstack-protector-all -fPIC -I/usr/local/opt/openssl/include -DBOOST_SPIRIT_THREADSAFE -DHAVE_BUILD_INFO -D__STDC_FORMAT_MACROS -I/usr/local/opt/berkeley-db@4/include -DMAC_OSX  -U_FORTIFY_SOURCE -D_FORTIFY_SOURCE=2 -DHAVE_QT5 -I/usr/local/include conftest.cpp >&5
configure:26467: $? = 0
configure:26481: result: yes
configure:26493: checking for exit in -lboost_filesystem
configure:26518: g++ -std=c++11 -o conftest -g3 -O0 -DDEBUG -Wall -Wextra -Wformat -Wformat-security -Wno-unused-parameter  -Wstack-protector -fstack-protector-all -fPIC -I/usr/local/opt/openssl/include -DBOOST_SPIRIT_THREADSAFE -DHAVE_BUILD_INFO -D__STDC_FORMAT_MACROS -I/usr/local/opt/berkeley-db@4/include -DMAC_OSX  -U_FORTIFY_SOURCE -D_FORTIFY_SOURCE=2 -DHAVE_QT5 -I/usr/local/include -L/usr/local/opt/openssl/lib -Wl,-headerpad_max_install_names  -Wl,-dead_strip -L/usr/local/lib conftest.cpp -lboost_filesystem   -L/usr/local/opt/berkeley-db@4/lib -lboost_system >&5
configure:26518: $? = 0
configure:26528: result: yes
configure:26678: checking whether the Boost::Program_Options library is available
configure:26702: g++ -std=c++11 -c -g3 -O0 -DDEBUG -Wall -Wextra -Wformat -Wformat-security -Wno-unused-parameter  -Wstack-protector -fstack-protector-all -fPIC -I/usr/local/opt/openssl/include -DBOOST_SPIRIT_THREADSAFE -DHAVE_BUILD_INFO -D__STDC_FORMAT_MACROS -I/usr/local/opt/berkeley-db@4/include -DMAC_OSX  -U_FORTIFY_SOURCE -D_FORTIFY_SOURCE=2 -DHAVE_QT5 -I/usr/local/include conftest.cpp >&5
configure:26702: $? = 0
configure:26716: result: yes
configure:26728: checking for exit in -lboost_program_options-mt
configure:26753: g++ -std=c++11 -o conftest -g3 -O0 -DDEBUG -Wall -Wextra -Wformat -Wformat-security -Wno-unused-parameter  -Wstack-protector -fstack-protector-all -fPIC -I/usr/local/opt/openssl/include -DBOOST_SPIRIT_THREADSAFE -DHAVE_BUILD_INFO -D__STDC_FORMAT_MACROS -I/usr/local/opt/berkeley-db@4/include -DMAC_OSX  -U_FORTIFY_SOURCE -D_FORTIFY_SOURCE=2 -DHAVE_QT5 -I/usr/local/include -L/usr/local/opt/openssl/lib -Wl,-headerpad_max_install_names  -Wl,-dead_strip -L/usr/local/lib conftest.cpp -lboost_program_options-mt   -L/usr/local/opt/berkeley-db@4/lib >&5
configure:26753: $? = 0
configure:26763: result: yes
configure:26906: checking whether the Boost::Thread library is available
configure:26938: g++ -std=c++11 -c -pthread -g3 -O0 -DDEBUG -Wall -Wextra -Wformat -Wformat-security -Wno-unused-parameter  -Wstack-protector -fstack-protector-all -fPIC -I/usr/local/opt/openssl/include -DBOOST_SPIRIT_THREADSAFE -DHAVE_BUILD_INFO -D__STDC_FORMAT_MACROS -I/usr/local/opt/berkeley-db@4/include -DMAC_OSX  -U_FORTIFY_SOURCE -D_FORTIFY_SOURCE=2 -DHAVE_QT5 -I/usr/local/include conftest.cpp >&5
configure:26938: $? = 0
configure:26953: result: yes
configure:26983: checking for exit in -lboost_thread-mt
configure:27008: g++ -std=c++11 -o conftest -g3 -O0 -DDEBUG -Wall -Wextra -Wformat -Wformat-security -Wno-unused-parameter  -Wstack-protector -fstack-protector-all -fPIC -I/usr/local/opt/openssl/include -DBOOST_SPIRIT_THREADSAFE -DHAVE_BUILD_INFO -D__STDC_FORMAT_MACROS -I/usr/local/opt/berkeley-db@4/include -DMAC_OSX  -U_FORTIFY_SOURCE -D_FORTIFY_SOURCE=2 -DHAVE_QT5 -I/usr/local/include -L/usr/local/opt/openssl/lib -Wl,-headerpad_max_install_names  -Wl,-dead_strip -L/usr/local/lib conftest.cpp -lboost_thread-mt   -L/usr/local/opt/berkeley-db@4/lib >&5
configure:27008: $? = 0
configure:27018: result: yes
configure:27178: checking whether the Boost::Chrono library is available
configure:27202: g++ -std=c++11 -c -g3 -O0 -DDEBUG -Wall -Wextra -Wformat -Wformat-security -Wno-unused-parameter  -Wstack-protector -fstack-protector-all -fPIC -I/usr/local/opt/openssl/include -DBOOST_SPIRIT_THREADSAFE -DHAVE_BUILD_INFO -D__STDC_FORMAT_MACROS -I/usr/local/opt/berkeley-db@4/include -DMAC_OSX  -U_FORTIFY_SOURCE -D_FORTIFY_SOURCE=2 -DHAVE_QT5 -pthread -I/usr/local/include conftest.cpp >&5
configure:27202: $? = 0
configure:27217: result: yes
configure:27233: checking for exit in -lboost_chrono-mt
configure:27258: g++ -std=c++11 -o conftest -g3 -O0 -DDEBUG -Wall -Wextra -Wformat -Wformat-security -Wno-unused-parameter  -Wstack-protector -fstack-protector-all -fPIC -I/usr/local/opt/openssl/include -DBOOST_SPIRIT_THREADSAFE -DHAVE_BUILD_INFO -D__STDC_FORMAT_MACROS -I/usr/local/opt/berkeley-db@4/include -DMAC_OSX  -U_FORTIFY_SOURCE -D_FORTIFY_SOURCE=2 -DHAVE_QT5 -pthread -I/usr/local/include -L/usr/local/opt/openssl/lib -Wl,-headerpad_max_install_names  -Wl,-dead_strip -L/usr/local/lib conftest.cpp -lboost_chrono-mt   -L/usr/local/opt/berkeley-db@4/lib >&5
configure:27258: $? = 0
configure:27268: result: yes
configure:27391: checking for working boost reduced exports
configure:27414: g++ -std=c++11 -E -pthread -I/usr/local/include -I/usr/local/opt/openssl/include -DBOOST_SPIRIT_THREADSAFE -DHAVE_BUILD_INFO -D__STDC_FORMAT_MACROS -I/usr/local/opt/berkeley-db@4/include -DMAC_OSX  -U_FORTIFY_SOURCE -D_FORTIFY_SOURCE=2 -DHAVE_QT5 conftest.cpp
configure:27414: $? = 0
configure:27416: result: yes
configure:27444: checking whether the linker accepts -Wl,--exclude-libs,ALL
configure:27463: g++ -std=c++11 -o conftest -g3 -O0 -DDEBUG -Wall -Wextra -Wformat -Wformat-security -Wno-unused-parameter  -Wstack-protector -fstack-protector-all -fPIC -fvisibility=hidden -I/usr/local/opt/openssl/include -DBOOST_SPIRIT_THREADSAFE -DHAVE_BUILD_INFO -D__STDC_FORMAT_MACROS -I/usr/local/opt/berkeley-db@4/include -DMAC_OSX  -U_FORTIFY_SOURCE -D_FORTIFY_SOURCE=2 -DHAVE_QT5 -L/usr/local/opt/openssl/lib -Wl,-headerpad_max_install_names  -Wl,-dead_strip  -Wl,--exclude-libs,ALL conftest.cpp  -L/usr/local/opt/berkeley-db@4/lib >&5
ld: unknown option: --exclude-libs
clang: error: linker command failed with exit code 1 (use -v to see invocation)
configure:27463: $? = 1
configure: failed program was:
| /* confdefs.h */
| #define PACKAGE_NAME "Divi Core"
| #define PACKAGE_TARNAME "divi"
| #define PACKAGE_VERSION "2.2.99"
| #define PACKAGE_STRING "Divi Core 2.2.99"
| #define PACKAGE_BUGREPORT "www.divi.org"
| #define PACKAGE_URL ""
| #define HAVE_CXX11 1
| #define STDC_HEADERS 1
| #define HAVE_SYS_TYPES_H 1
| #define HAVE_SYS_STAT_H 1
| #define HAVE_STDLIB_H 1
| #define HAVE_STRING_H 1
| #define HAVE_MEMORY_H 1
| #define HAVE_STRINGS_H 1
| #define HAVE_INTTYPES_H 1
| #define HAVE_STDINT_H 1
| #define HAVE_UNISTD_H 1
| #define HAVE_DLFCN_H 1
| #define LT_OBJDIR ".libs/"
| #define HAVE_PTHREAD_PRIO_INHERIT 1
| #define HAVE_PTHREAD 1
| #define HAVE_DECL_STRERROR_R 1
| #define HAVE_STRERROR_R 1
| #define HAVE_FUNC_ATTRIBUTE_VISIBILITY 1
| #define HAVE_STDIO_H 1
| #define HAVE_STDLIB_H 1
| #define HAVE_UNISTD_H 1
| #define HAVE_STRINGS_H 1
| #define HAVE_SYS_TYPES_H 1
| #define HAVE_SYS_STAT_H 1
| #define HAVE_SYS_SELECT_H 1
| #define HAVE_INET_PTON 1
| #define HAVE_DECL_STRNLEN 1
| #define HAVE_DECL_LE32TOH 0
| #define HAVE_DECL_LE64TOH 0
| #define HAVE_DECL_HTOLE32 0
| #define HAVE_DECL_HTOLE64 0
| #define HAVE_DECL_BE32TOH 0
| #define HAVE_DECL_BE64TOH 0
| #define HAVE_DECL_HTOBE32 0
| #define HAVE_DECL_HTOBE64 0
| #define HAVE_VISIBILITY_ATTRIBUTE 1
| #define HAVE_MINIUPNPC_MINIWGET_H 1
| #define HAVE_MINIUPNPC_MINIUPNPC_H 1
| #define HAVE_MINIUPNPC_UPNPCOMMANDS_H 1
| #define HAVE_MINIUPNPC_UPNPERRORS_H 1
| #define HAVE_QT5 1
| #define HAVE_BOOST /**/
| #define HAVE_BOOST_SYSTEM /**/
| #define HAVE_BOOST_FILESYSTEM /**/
| #define HAVE_BOOST_PROGRAM_OPTIONS /**/
| #define HAVE_BOOST_THREAD /**/
| #define HAVE_BOOST_CHRONO /**/
| /* end confdefs.h.  */
| 
| int
| main ()
| {
| 
|   ;
|   return 0;
| }
configure:27472: result: no
configure:27522: checking whether the Boost::Unit_Test_Framework library is available
configure:27545: g++ -std=c++11 -c -g3 -O0 -DDEBUG -Wall -Wextra -Wformat -Wformat-security -Wno-unused-parameter  -Wstack-protector -fstack-protector-all -fPIC -fvisibility=hidden -I/usr/local/opt/openssl/include -DBOOST_SPIRIT_THREADSAFE -DHAVE_BUILD_INFO -D__STDC_FORMAT_MACROS -I/usr/local/opt/berkeley-db@4/include -DMAC_OSX  -U_FORTIFY_SOURCE -D_FORTIFY_SOURCE=2 -DHAVE_QT5 -pthread -I/usr/local/include conftest.cpp >&5
conftest.cpp:61:21: warning: unused variable 'test' [-Wunused-variable]
                                                         test_suite* test= BOOST_TEST_SUITE( "Unit test example 1" ); return 0;
                                                                     ^
1 warning generated.
configure:27545: $? = 0
configure:27559: result: yes
configure:27671: checking for dynamic linked boost test
configure:27686: g++ -std=c++11 -o conftest -g3 -O0 -DDEBUG -Wall -Wextra -Wformat -Wformat-security -Wno-unused-parameter  -Wstack-protector -fstack-protector-all -fPIC -fvisibility=hidden -I/usr/local/opt/openssl/include -DBOOST_SPIRIT_THREADSAFE -DHAVE_BUILD_INFO -D__STDC_FORMAT_MACROS -I/usr/local/opt/berkeley-db@4/include -DMAC_OSX  -U_FORTIFY_SOURCE -D_FORTIFY_SOURCE=2 -DHAVE_QT5 -pthread -I/usr/local/include -L/usr/local/opt/openssl/lib -Wl,-headerpad_max_install_names  -Wl,-dead_strip conftest.cpp  -L/usr/local/opt/berkeley-db@4/lib -L/usr/local/lib -lboost_unit_test_framework-mt >&5
configure:27686: $? = 0
configure:27687: result: yes
configure:27731: g++ -std=c++11 -o conftest -g3 -O0 -DDEBUG -Wall -Wextra -Wformat -Wformat-security -Wno-unused-parameter  -Wstack-protector -fstack-protector-all -fPIC -fvisibility=hidden -I/usr/local/opt/openssl/include -DBOOST_SPIRIT_THREADSAFE -DHAVE_BUILD_INFO -D__STDC_FORMAT_MACROS -I/usr/local/opt/berkeley-db@4/include -DMAC_OSX  -U_FORTIFY_SOURCE -D_FORTIFY_SOURCE=2 -DHAVE_QT5 -pthread -I/usr/local/include -L/usr/local/opt/openssl/lib -Wl,-headerpad_max_install_names  -Wl,-dead_strip conftest.cpp -L/usr/local/lib -lboost_system -lboost_filesystem -lboost_program_options-mt -lboost_thread-mt -lboost_chrono-mt  -L/usr/local/opt/berkeley-db@4/lib >&5
configure:27731: $? = 0
configure:27800: checking for SSL
configure:27807: $PKG_CONFIG --exists --print-errors "libssl"
configure:27810: $? = 0
configure:27824: $PKG_CONFIG --exists --print-errors "libssl"
configure:27827: $? = 0
configure:27865: result: yes
configure:27871: checking for CRYPTO
configure:27878: $PKG_CONFIG --exists --print-errors "libcrypto"
configure:27881: $? = 0
configure:27895: $PKG_CONFIG --exists --print-errors "libcrypto"
configure:27898: $? = 0
configure:27936: result: yes
configure:27945: checking for PROTOBUF
configure:27952: $PKG_CONFIG --exists --print-errors "protobuf"
configure:27955: $? = 0
configure:27969: $PKG_CONFIG --exists --print-errors "protobuf"
configure:27972: $? = 0
configure:28032: result: yes
configure:28047: checking for QR
configure:28054: $PKG_CONFIG --exists --print-errors "libqrencode"
Package libqrencode was not found in the pkg-config search path.
Perhaps you should add the directory containing `libqrencode.pc'
to the PKG_CONFIG_PATH environment variable
No package 'libqrencode' found
configure:28057: $? = 1
configure:28071: $PKG_CONFIG --exists --print-errors "libqrencode"
Package libqrencode was not found in the pkg-config search path.
Perhaps you should add the directory containing `libqrencode.pc'
to the PKG_CONFIG_PATH environment variable
No package 'libqrencode' found
configure:28074: $? = 1
configure:28088: result: no
No package 'libqrencode' found
configure:28126: checking for ZMQ
configure:28133: $PKG_CONFIG --exists --print-errors "libzmq >= 4"
Package libzmq was not found in the pkg-config search path.
Perhaps you should add the directory containing `libzmq.pc'
to the PKG_CONFIG_PATH environment variable
No package 'libzmq' found
configure:28136: $? = 1
configure:28150: $PKG_CONFIG --exists --print-errors "libzmq >= 4"
Package libzmq was not found in the pkg-config search path.
Perhaps you should add the directory containing `libzmq.pc'
to the PKG_CONFIG_PATH environment variable
No package 'libzmq' found
configure:28153: $? = 1
configure:28167: result: no
No package 'libzmq' found
configure:28186: WARNING: libzmq version 4.x or greater not found, disabling
configure:28500: checking for RAND_egd in -lcrypto
configure:28525: g++ -std=c++11 -o conftest -g3 -O0 -DDEBUG -Wall -Wextra -Wformat -Wformat-security -Wno-unused-parameter  -Wstack-protector -fstack-protector-all -fPIC -fvisibility=hidden -I/usr/local/opt/openssl/include -DBOOST_SPIRIT_THREADSAFE -DHAVE_BUILD_INFO -D__STDC_FORMAT_MACROS -I/usr/local/opt/berkeley-db@4/include -DMAC_OSX  -U_FORTIFY_SOURCE -D_FORTIFY_SOURCE=2 -DHAVE_QT5 -L/usr/local/opt/openssl/lib -Wl,-headerpad_max_install_names  -Wl,-dead_strip conftest.cpp -lcrypto   -L/usr/local/opt/berkeley-db@4/lib >&5
configure:28525: $? = 0
configure:28534: result: yes
configure:28563: checking openssl/ec.h usability
configure:28563: g++ -std=c++11 -c -g3 -O0 -DDEBUG -Wall -Wextra -Wformat -Wformat-security -Wno-unused-parameter  -Wstack-protector -fstack-protector-all -fPIC -fvisibility=hidden -I/usr/local/opt/openssl/include -DBOOST_SPIRIT_THREADSAFE -DHAVE_BUILD_INFO -D__STDC_FORMAT_MACROS -I/usr/local/opt/berkeley-db@4/include -DMAC_OSX  -U_FORTIFY_SOURCE -D_FORTIFY_SOURCE=2 -DHAVE_QT5 conftest.cpp >&5
configure:28563: $? = 0
configure:28563: result: yes
configure:28563: checking openssl/ec.h presence
configure:28563: g++ -std=c++11 -E -I/usr/local/opt/openssl/include -DBOOST_SPIRIT_THREADSAFE -DHAVE_BUILD_INFO -D__STDC_FORMAT_MACROS -I/usr/local/opt/berkeley-db@4/include -DMAC_OSX  -U_FORTIFY_SOURCE -D_FORTIFY_SOURCE=2 -DHAVE_QT5 conftest.cpp
configure:28563: $? = 0
configure:28563: result: yes
configure:28563: checking for openssl/ec.h
configure:28563: result: yes
configure:28630: checking for protoc
configure:28648: found /usr/local/bin/protoc
configure:28660: result: /usr/local/bin/protoc
configure:28694: checking whether to build divid
configure:28704: result: yes
configure:28707: checking whether to build utils (divi-cli divi-tx)
configure:28717: result: yes
configure:28720: checking whether to build libraries
configure:28735: result: yes
configure:28746: checking if ccache should be used
configure:28759: result: no
configure:28800: checking if wallet should be enabled
configure:28803: result: yes
configure:28816: checking whether to build with support for UPnP
configure:28826: result: yes
configure:28828: checking whether to build with UPnP enabled by default
configure:28836: result: no
configure:28854: checking whether to build GUI with support for D-Bus
configure:28861: result: yes
configure:28864: checking whether to build GUI with support for QR codes
configure:28870: result: no
configure:28887: WARNING: "xgettext is required to update qt translations"
configure:28891: checking whether to build test_divi-qt
configure:28894: result: yes
configure:28912: checking whether to build test_divi
configure:28915: result: yes
configure:28923: checking whether to reduce exports
configure:28926: result: yes
configure:29237: checking that generated files are newer than configure
configure:29243: result: done
configure:29355: creating ./config.status

## ---------------------- ##
## Running config.status. ##
## ---------------------- ##

This file was extended by Divi Core config.status 2.2.99, which was
generated by GNU Autoconf 2.69.  Invocation command line was

  CONFIG_FILES    = 
  CONFIG_HEADERS  = 
  CONFIG_LINKS    = 
  CONFIG_COMMANDS = 
  $ ./config.status 

on Trips-MacBook-Pro.local

config.status:1357: creating Makefile
config.status:1357: creating src/Makefile
config.status:1357: creating share/setup.nsi
config.status:1357: creating share/qt/Info.plist
config.status:1357: creating src/test/buildenv.py
config.status:1357: creating qa/pull-tester/run-bitcoind-for-test.sh
config.status:1357: creating qa/pull-tester/tests-config.sh
config.status:1357: creating contrib/devtools/split-debug.sh
config.status:1357: creating src/config/divi-config.h
config.status:1538: src/config/divi-config.h is unchanged
config.status:1586: executing depfiles commands
config.status:1586: executing libtool commands
configure:31839: === configuring in src/secp256k1 (/Users/tripv/Desktop/Divicoin-core/src/secp256k1)
configure:31902: running /bin/sh ./configure --disable-option-checking '--prefix=/usr/local'  '--with-gui=qt5' '--enable-debug' '--with-libressl' 'LDFLAGS=-L/usr/local/opt/openssl/lib' 'CPPFLAGS=-I/usr/local/opt/openssl/include' '--disable-shared' '--with-pic' --cache-file=/dev/null --srcdir=.

## ---------------- ##
## Cache variables. ##
## ---------------- ##

ac_cv_build=x86_64-apple-darwin16.6.0
ac_cv_c_bigendian=no
ac_cv_c_compiler_gnu=yes
ac_cv_cxx_compiler_gnu=yes
ac_cv_env_CCC_set=
ac_cv_env_CCC_value=
ac_cv_env_CC_set=
ac_cv_env_CC_value=
ac_cv_env_CFLAGS_set=
ac_cv_env_CFLAGS_value=
ac_cv_env_CPPFLAGS_set=set
ac_cv_env_CPPFLAGS_value=-I/usr/local/opt/openssl/include
ac_cv_env_CPP_set=
ac_cv_env_CPP_value=
ac_cv_env_CRYPTO_CFLAGS_set=
ac_cv_env_CRYPTO_CFLAGS_value=
ac_cv_env_CRYPTO_LIBS_set=
ac_cv_env_CRYPTO_LIBS_value=
ac_cv_env_CXXCPP_set=
ac_cv_env_CXXCPP_value=
ac_cv_env_CXXFLAGS_set=
ac_cv_env_CXXFLAGS_value=
ac_cv_env_CXX_set=
ac_cv_env_CXX_value=
ac_cv_env_LDFLAGS_set=set
ac_cv_env_LDFLAGS_value=-L/usr/local/opt/openssl/lib
ac_cv_env_LIBS_set=
ac_cv_env_LIBS_value=
ac_cv_env_LT_SYS_LIBRARY_PATH_set=
ac_cv_env_LT_SYS_LIBRARY_PATH_value=
ac_cv_env_OBJCXXFLAGS_set=
ac_cv_env_OBJCXXFLAGS_value=
ac_cv_env_OBJCXX_set=
ac_cv_env_OBJCXX_value=
ac_cv_env_PKG_CONFIG_LIBDIR_set=
ac_cv_env_PKG_CONFIG_LIBDIR_value=
ac_cv_env_PKG_CONFIG_PATH_set=
ac_cv_env_PKG_CONFIG_PATH_value=
ac_cv_env_PKG_CONFIG_set=
ac_cv_env_PKG_CONFIG_value=
ac_cv_env_PROTOBUF_CFLAGS_set=
ac_cv_env_PROTOBUF_CFLAGS_value=
ac_cv_env_PROTOBUF_LIBS_set=
ac_cv_env_PROTOBUF_LIBS_value=
ac_cv_env_PYTHONPATH_set=
ac_cv_env_PYTHONPATH_value=
ac_cv_env_QR_CFLAGS_set=
ac_cv_env_QR_CFLAGS_value=
ac_cv_env_QR_LIBS_set=
ac_cv_env_QR_LIBS_value=
ac_cv_env_QTPLATFORM_CFLAGS_set=
ac_cv_env_QTPLATFORM_CFLAGS_value=
ac_cv_env_QTPLATFORM_LIBS_set=
ac_cv_env_QTPLATFORM_LIBS_value=
ac_cv_env_QTPRINT_CFLAGS_set=
ac_cv_env_QTPRINT_CFLAGS_value=
ac_cv_env_QTPRINT_LIBS_set=
ac_cv_env_QTPRINT_LIBS_value=
ac_cv_env_QTXCBQPA_CFLAGS_set=
ac_cv_env_QTXCBQPA_CFLAGS_value=
ac_cv_env_QTXCBQPA_LIBS_set=
ac_cv_env_QTXCBQPA_LIBS_value=
ac_cv_env_QT_CFLAGS_set=
ac_cv_env_QT_CFLAGS_value=
ac_cv_env_QT_DBUS_CFLAGS_set=
ac_cv_env_QT_DBUS_CFLAGS_value=
ac_cv_env_QT_DBUS_LIBS_set=
ac_cv_env_QT_DBUS_LIBS_value=
ac_cv_env_QT_LIBS_set=
ac_cv_env_QT_LIBS_value=
ac_cv_env_QT_TEST_CFLAGS_set=
ac_cv_env_QT_TEST_CFLAGS_value=
ac_cv_env_QT_TEST_LIBS_set=
ac_cv_env_QT_TEST_LIBS_value=
ac_cv_env_SSL_CFLAGS_set=
ac_cv_env_SSL_CFLAGS_value=
ac_cv_env_SSL_LIBS_set=
ac_cv_env_SSL_LIBS_value=
ac_cv_env_X11XCB_CFLAGS_set=
ac_cv_env_X11XCB_CFLAGS_value=
ac_cv_env_X11XCB_LIBS_set=
ac_cv_env_X11XCB_LIBS_value=
ac_cv_env_ZMQ_CFLAGS_set=
ac_cv_env_ZMQ_CFLAGS_value=
ac_cv_env_ZMQ_LIBS_set=
ac_cv_env_ZMQ_LIBS_value=
ac_cv_env_build_alias_set=
ac_cv_env_build_alias_value=
ac_cv_env_host_alias_set=
ac_cv_env_host_alias_value=
ac_cv_env_target_alias_set=
ac_cv_env_target_alias_value=
ac_cv_func_strerror_r=yes
ac_cv_func_strerror_r_char_p=no
ac_cv_have_decl_be32toh=no
ac_cv_have_decl_be64toh=no
ac_cv_have_decl_htobe32=no
ac_cv_have_decl_htobe64=no
ac_cv_have_decl_htole32=no
ac_cv_have_decl_htole64=no
ac_cv_have_decl_le32toh=no
ac_cv_have_decl_le64toh=no
ac_cv_have_decl_strerror_r=yes
ac_cv_have_decl_strnlen=yes
ac_cv_header_dlfcn_h=yes
ac_cv_header_endian_h=no
ac_cv_header_inttypes_h=yes
ac_cv_header_memory_h=yes
ac_cv_header_miniupnpc_miniupnpc_h=yes
ac_cv_header_miniupnpc_miniwget_h=yes
ac_cv_header_miniupnpc_upnpcommands_h=yes
ac_cv_header_miniupnpc_upnperrors_h=yes
ac_cv_header_openssl_ec_h=yes
ac_cv_header_stdc=yes
ac_cv_header_stdint_h=yes
ac_cv_header_stdio_h=yes
ac_cv_header_stdlib_h=yes
ac_cv_header_string_h=yes
ac_cv_header_strings_h=yes
ac_cv_header_sys_prctl_h=no
ac_cv_header_sys_select_h=yes
ac_cv_header_sys_stat_h=yes
ac_cv_header_sys_types_h=yes
ac_cv_header_unistd_h=yes
ac_cv_host=x86_64-apple-darwin16.6.0
ac_cv_lib_boost_chrono_mt___exit=yes
ac_cv_lib_boost_filesystem___exit=yes
ac_cv_lib_boost_program_options_mt___exit=yes
ac_cv_lib_boost_system___exit=yes
ac_cv_lib_boost_thread_mt___exit=yes
ac_cv_lib_crypto_RAND_egd=yes
ac_cv_lib_db_cxx_4_8___main=yes
ac_cv_lib_miniupnpc_main=yes
ac_cv_objcxx_compiler_gnu=yes
ac_cv_objext=o
ac_cv_path_EGREP='/usr/bin/grep -E'
ac_cv_path_FGREP='/usr/bin/grep -F'
ac_cv_path_GIT=/usr/bin/git
ac_cv_path_GREP=/usr/bin/grep
ac_cv_path_HEXDUMP=/usr/bin/hexdump
ac_cv_path_JAVA=/usr/bin/java
ac_cv_path_LRELEASE=/usr/local/Cellar/qt/5.9.1/bin/lrelease
ac_cv_path_LUPDATE=/usr/local/Cellar/qt/5.9.1/bin/lupdate
ac_cv_path_MOC=/usr/local/Cellar/qt/5.9.1/bin/moc
ac_cv_path_PROTOC=/usr/local/bin/protoc
ac_cv_path_PYTHON=/usr/bin/python2.7
ac_cv_path_RCC=/usr/local/Cellar/qt/5.9.1/bin/rcc
ac_cv_path_SED=/usr/bin/sed
ac_cv_path_UIC=/usr/local/Cellar/qt/5.9.1/bin/uic
ac_cv_path_ac_pt_AR=/usr/bin/ar
ac_cv_path_ac_pt_CPPFILT=/usr/bin/c++filt
ac_cv_path_ac_pt_GCOV=/usr/bin/gcov
ac_cv_path_ac_pt_PKG_CONFIG=/usr/local/bin/pkg-config
ac_cv_path_ac_pt_RANLIB=/usr/bin/ranlib
ac_cv_path_ac_pt_STRIP=/usr/bin/strip
ac_cv_path_install='/usr/local/bin/ginstall -c'
ac_cv_path_lt_DD=/bin/dd
ac_cv_path_mkdir=/usr/local/bin/gmkdir
ac_cv_prog_AWK=awk
ac_cv_prog_BREW=brew
ac_cv_prog_CPP='gcc -E'
ac_cv_prog_CXXCPP='g++ -std=c++11 -E'
ac_cv_prog_ac_ct_AR=ar
ac_cv_prog_ac_ct_CC=gcc
ac_cv_prog_ac_ct_CXX=g++
ac_cv_prog_ac_ct_DSYMUTIL=dsymutil
ac_cv_prog_ac_ct_LIPO=lipo
ac_cv_prog_ac_ct_NMEDIT=nmedit
ac_cv_prog_ac_ct_OBJDUMP=objdump
ac_cv_prog_ac_ct_OTOOL=otool
ac_cv_prog_ac_ct_RANLIB=ranlib
ac_cv_prog_ac_ct_STRIP=strip
ac_cv_prog_cc_c89=
ac_cv_prog_cc_g=yes
ac_cv_prog_cxx_g=yes
ac_cv_prog_make_make_set=yes
ac_cv_prog_objcxx_g=yes
ac_cv_search_clock_gettime='none required'
ac_cv_search_getaddrinfo_a=no
ac_cv_search_inet_pton='none required'
ac_cv_sys_file_offset_bits=no
ac_cv_sys_largefile_CC=no
am_cv_CC_dependencies_compiler_type=gcc3
am_cv_CXX_dependencies_compiler_type=gcc3
am_cv_OBJCXX_dependencies_compiler_type=gcc3
am_cv_make_support_nested_variables=yes
am_cv_prog_cc_c_o=yes
ax_cv_PTHREAD_PRIO_INHERIT=yes
ax_cv_boost_chrono=yes
ax_cv_boost_filesystem=yes
ax_cv_boost_program_options=yes
ax_cv_boost_system=yes
ax_cv_boost_thread=yes
ax_cv_boost_unit_test_framework=yes
ax_cv_check_cxxcppflags___D_FORTIFY_SOURCE_2=yes
ax_cv_check_cxxcppflags___U_FORTIFY_SOURCE=yes
ax_cv_check_cxxflags___Wstack_protector=yes
ax_cv_check_cxxflags___fPIC=yes
ax_cv_check_cxxflags___fstack_protector_all=yes
ax_cv_check_cxxflags___fvisibility_hidden=yes
ax_cv_check_ldflags___Wl___dynamicbase=no
ax_cv_check_ldflags___Wl___exclude_libs_ALL=no
ax_cv_check_ldflags___Wl___large_address_aware=no
ax_cv_check_ldflags___Wl___nxcompat=no
ax_cv_check_ldflags___Wl__dead_strip=yes
ax_cv_check_ldflags___Wl__headerpad_max_install_names=yes
ax_cv_check_ldflags___Wl__z_now=no
ax_cv_check_ldflags___Wl__z_relro=no
ax_cv_check_ldflags___framework_Foundation__framework_ApplicationServices__framework_AppKit=yes
ax_cv_check_ldflags___pic=no
ax_cv_cxx_compile_cxx11=no
ax_cv_cxx_compile_cxx11__std_cpp11=yes
ax_cv_have_func_attribute_dllexport=no
ax_cv_have_func_attribute_dllimport=no
ax_cv_have_func_attribute_visibility=yes
bitcoin_cv_static_qt=no
lt_cv_apple_cc_single_mod=yes
lt_cv_ar_at_file=no
lt_cv_deplibs_check_method=pass_all
lt_cv_file_magic_cmd='$MAGIC_CMD'
lt_cv_file_magic_test_file=
lt_cv_ld_exported_symbols_list=yes
lt_cv_ld_force_load=yes
lt_cv_ld_reload_flag=-r
lt_cv_nm_interface='BSD nm'
lt_cv_objdir=.libs
lt_cv_path_LD=/Applications/Xcode.app/Contents/Developer/Toolchains/XcodeDefault.xctoolchain/usr/bin/ld
lt_cv_path_LDCXX=/Applications/Xcode.app/Contents/Developer/Toolchains/XcodeDefault.xctoolchain/usr/bin/ld
lt_cv_path_NM='/usr/bin/nm -B'
lt_cv_path_mainfest_tool=no
lt_cv_prog_compiler_c_o=yes
lt_cv_prog_compiler_c_o_CXX=yes
lt_cv_prog_compiler_pic='-fno-common -DPIC'
lt_cv_prog_compiler_pic_CXX='-fno-common -DPIC'
lt_cv_prog_compiler_pic_works=yes
lt_cv_prog_compiler_pic_works_CXX=yes
lt_cv_prog_compiler_rtti_exceptions=yes
lt_cv_prog_compiler_static_works=no
lt_cv_prog_compiler_static_works_CXX=no
lt_cv_prog_gnu_ld=no
lt_cv_prog_gnu_ldcxx=no
lt_cv_sharedlib_from_linklib_cmd='printf %s\n'
lt_cv_sys_global_symbol_pipe='sed -n -e '\''s/^.*[	 ]\([BCDEGRST][BCDEGRST]*\)[	 ][	 ]*_\([_A-Za-z][_A-Za-z0-9]*\)$/\1 _\2 \2/p'\'' | sed '\''/ __gnu_lto/d'\'''
lt_cv_sys_global_symbol_to_c_name_address='sed -n -e '\''s/^: \(.*\) .*$/  {"\1", (void *) 0},/p'\'' -e '\''s/^[BCDEGRST][BCDEGRST]* .* \(.*\)$/  {"\1", (void *) \&\1},/p'\'''
lt_cv_sys_global_symbol_to_c_name_address_lib_prefix='sed -n -e '\''s/^: \(.*\) .*$/  {"\1", (void *) 0},/p'\'' -e '\''s/^[BCDEGRST][BCDEGRST]* .* \(lib.*\)$/  {"\1", (void *) \&\1},/p'\'' -e '\''s/^[BCDEGRST][BCDEGRST]* .* \(.*\)$/  {"lib\1", (void *) \&\1},/p'\'''
lt_cv_sys_global_symbol_to_cdecl='sed -n -e '\''s/^T .* \(.*\)$/extern int \1();/p'\'' -e '\''s/^[BCDEGRST][BCDEGRST]* .* \(.*\)$/extern char \1;/p'\'''
lt_cv_sys_global_symbol_to_import=
lt_cv_sys_max_cmd_len=196608
lt_cv_to_host_file_cmd=func_convert_file_noop
lt_cv_to_tool_file_cmd=func_convert_file_noop
lt_cv_truncate_bin='/bin/dd bs=4096 count=1'
pkg_cv_CRYPTO_CFLAGS=-I/usr/local/Cellar/openssl/1.0.2l/include
pkg_cv_CRYPTO_LIBS='-L/usr/local/Cellar/openssl/1.0.2l/lib -lcrypto'
pkg_cv_PROTOBUF_CFLAGS='-D_THREAD_SAFE -I/usr/local/Cellar/protobuf/3.3.2/include'
pkg_cv_PROTOBUF_LIBS='-L/usr/local/Cellar/protobuf/3.3.2/lib -lprotobuf -D_THREAD_SAFE'
pkg_cv_QT_CFLAGS='-I/usr/local/Cellar/qt/5.9.1/include/QtNetwork -I/usr/local/Cellar/qt/5.9.1/include -I/usr/local/Cellar/qt/5.9.1/include/QtWidgets -I/usr/local/Cellar/qt/5.9.1/include -I/usr/local/Cellar/qt/5.9.1/include/QtGui -I/usr/local/Cellar/qt/5.9.1/include -I/usr/local/Cellar/qt/5.9.1/include/QtCore -I/usr/local/Cellar/qt/5.9.1/include'
pkg_cv_QT_DBUS_CFLAGS='-I/usr/local/Cellar/qt/5.9.1/include/QtDBus -I/usr/local/Cellar/qt/5.9.1/include -I/usr/local/Cellar/qt/5.9.1/include/QtCore -I/usr/local/Cellar/qt/5.9.1/include'
pkg_cv_QT_DBUS_LIBS='-F/usr/local/Cellar/qt/5.9.1/lib -framework QtDBus -F/usr/local/Cellar/qt/5.9.1/lib -framework QtCore'
pkg_cv_QT_LIBS='-F/usr/local/Cellar/qt/5.9.1/lib -framework QtNetwork -F/usr/local/Cellar/qt/5.9.1/lib -framework QtWidgets -F/usr/local/Cellar/qt/5.9.1/lib -framework QtGui -F/usr/local/Cellar/qt/5.9.1/lib -framework QtCore'
pkg_cv_QT_TEST_CFLAGS='-I/usr/local/Cellar/qt/5.9.1/include/QtTest -I/usr/local/Cellar/qt/5.9.1/include -I/usr/local/Cellar/qt/5.9.1/include/QtCore -I/usr/local/Cellar/qt/5.9.1/include'
pkg_cv_QT_TEST_LIBS='-F/usr/local/Cellar/qt/5.9.1/lib -framework QtTest -F/usr/local/Cellar/qt/5.9.1/lib -framework QtCore'
pkg_cv_SSL_CFLAGS=-I/usr/local/Cellar/openssl/1.0.2l/include
pkg_cv_SSL_LIBS='-L/usr/local/Cellar/openssl/1.0.2l/lib -lssl'

## ----------------- ##
## Output variables. ##
## ----------------- ##

ACLOCAL='${SHELL} /Users/tripv/Desktop/Divicoin-core/build-aux/missing aclocal-1.15'
AMDEPBACKSLASH='\'
AMDEP_FALSE='#'
AMDEP_TRUE=''
AMTAR='$${TAR-tar}'
AM_BACKSLASH='\'
AM_DEFAULT_V='$(AM_DEFAULT_VERBOSITY)'
AM_DEFAULT_VERBOSITY='0'
AM_V='$(V)'
AR='/usr/bin/ar'
AUTOCONF='${SHELL} /Users/tripv/Desktop/Divicoin-core/build-aux/missing autoconf'
AUTOHEADER='${SHELL} /Users/tripv/Desktop/Divicoin-core/build-aux/missing autoheader'
AUTOMAKE='${SHELL} /Users/tripv/Desktop/Divicoin-core/build-aux/missing automake-1.15'
AWK='awk'
BDB_CPPFLAGS=''
BDB_LIBS='-ldb_cxx-4.8'
BOOST_CHRONO_LIB='-lboost_chrono-mt'
BOOST_CPPFLAGS='-pthread -I/usr/local/include'
BOOST_FILESYSTEM_LIB='-lboost_filesystem'
BOOST_LDFLAGS='-L/usr/local/lib'
BOOST_LIBS='-L/usr/local/lib -lboost_system -lboost_filesystem -lboost_program_options-mt -lboost_thread-mt -lboost_chrono-mt'
BOOST_PROGRAM_OPTIONS_LIB='-lboost_program_options-mt'
BOOST_SYSTEM_LIB='-lboost_system'
BOOST_THREAD_LIB='-lboost_thread-mt'
BOOST_UNIT_TEST_FRAMEWORK_LIB='-lboost_unit_test_framework-mt'
BREW='brew'
BUILD_BITCOIND_FALSE='#'
BUILD_BITCOIND_TRUE=''
BUILD_BITCOIN_LIBS_FALSE='#'
BUILD_BITCOIN_LIBS_TRUE=''
BUILD_BITCOIN_UTILS_FALSE='#'
BUILD_BITCOIN_UTILS_TRUE=''
BUILD_DARWIN_FALSE='#'
BUILD_DARWIN_TRUE=''
BUILD_QT='qt'
BUILD_TEST='test'
BUILD_TEST_QT='test'
CC='gcc'
CCACHE=''
CCDEPMODE='depmode=gcc3'
CFLAGS='-g3 -O0 -DDEBUG'
CLIENT_VERSION_BUILD='0'
CLIENT_VERSION_IS_RELEASE='false'
CLIENT_VERSION_MAJOR='2'
CLIENT_VERSION_MINOR='2'
CLIENT_VERSION_REVISION='99'
COMPARISON_TOOL_REORG_TESTS='0'
COPYRIGHT_YEAR='2017'
CPP='gcc -E'
CPPFILT='/usr/bin/c++filt'
CPPFLAGS='-I/usr/local/opt/openssl/include -DBOOST_SPIRIT_THREADSAFE -DHAVE_BUILD_INFO -D__STDC_FORMAT_MACROS -I/usr/local/opt/berkeley-db@4/include -DMAC_OSX  -U_FORTIFY_SOURCE -D_FORTIFY_SOURCE=2 -DHAVE_QT5'
CRYPTO_CFLAGS='-I/usr/local/Cellar/openssl/1.0.2l/include'
CRYPTO_LIBS='-L/usr/local/Cellar/openssl/1.0.2l/lib -lcrypto'
CXX='g++ -std=c++11'
CXXCPP='g++ -std=c++11 -E'
CXXDEPMODE='depmode=gcc3'
CXXFLAGS='-g3 -O0 -DDEBUG -Wall -Wextra -Wformat -Wformat-security -Wno-unused-parameter  -Wstack-protector -fstack-protector-all -fPIC -fvisibility=hidden'
CYGPATH_W='echo'
DEFS='-DHAVE_CONFIG_H'
DEPDIR='.deps'
DLLTOOL='false'
DSYMUTIL='dsymutil'
DUMPBIN=''
ECHO_C='\c'
ECHO_N=''
ECHO_T=''
EGREP='/usr/bin/grep -E'
EMBEDDED_LEVELDB_FALSE='#'
EMBEDDED_LEVELDB_TRUE=''
ENABLE_QT_FALSE='#'
ENABLE_QT_TESTS_FALSE='#'
ENABLE_QT_TESTS_TRUE=''
ENABLE_QT_TRUE=''
ENABLE_TESTS_FALSE='#'
ENABLE_TESTS_TRUE=''
ENABLE_WALLET_FALSE='#'
ENABLE_WALLET_TRUE=''
ENABLE_ZMQ_FALSE=''
ENABLE_ZMQ_TRUE='#'
EXEEXT=''
FGREP='/usr/bin/grep -F'
GCOV='/usr/bin/gcov'
GENHTML=''
GENISOIMAGE=''
GIT='/usr/bin/git'
GLIBC_BACK_COMPAT_FALSE=''
GLIBC_BACK_COMPAT_TRUE='#'
GREP='/usr/bin/grep'
HAVE_CXX11='1'
HAVE_QT5_FALSE='#'
HAVE_QT5_TRUE=''
HEXDUMP='/usr/bin/hexdump'
IMAGEMAGICK_CONVERT=''
INSTALLNAMETOOL=''
INSTALL_DATA='${INSTALL} -m 644'
INSTALL_PROGRAM='${INSTALL}'
INSTALL_SCRIPT='${INSTALL}'
INSTALL_STRIP_PROGRAM='$(install_sh) -c -s'
JAVA='/usr/bin/java'
JAVA_COMPARISON_TOOL=''
LCOV=''
LD='/Applications/Xcode.app/Contents/Developer/Toolchains/XcodeDefault.xctoolchain/usr/bin/ld'
LDFLAGS='-L/usr/local/opt/openssl/lib -Wl,-headerpad_max_install_names  -Wl,-dead_strip'
LEVELDB_CPPFLAGS=''
LEVELDB_TARGET_FLAGS='TARGET_OS=Darwin'
LIBLEVELDB=''
LIBMEMENV=''
LIBOBJS=''
LIBS='-lcrypto  -L/usr/local/opt/berkeley-db@4/lib'
LIBTOOL='$(SHELL) $(top_builddir)/libtool'
LIBTOOL_APP_LDFLAGS=''
LIPO='lipo'
LN_S='ln -s'
LRELEASE='/usr/local/Cellar/qt/5.9.1/bin/lrelease'
LTLIBOBJS=''
LT_SYS_LIBRARY_PATH=''
LUPDATE='/usr/local/Cellar/qt/5.9.1/bin/lupdate'
MAINT=''
MAINTAINER_MODE_FALSE='#'
MAINTAINER_MODE_TRUE=''
MAKEINFO='${SHELL} /Users/tripv/Desktop/Divicoin-core/build-aux/missing makeinfo'
MAKENSIS=''
MANIFEST_TOOL=':'
MINIUPNPC_CPPFLAGS=''
MINIUPNPC_LIBS='-lminiupnpc'
MKDIR_P='/usr/local/bin/gmkdir -p'
MOC='/usr/local/Cellar/qt/5.9.1/bin/moc'
MOC_DEFS='-DHAVE_CONFIG_H -I$(srcdir) -DQ_OS_MAC'
NM='/usr/bin/nm -B'
NMEDIT='nmedit'
OBJCOPY=''
OBJCXX='g++ -std=c++11'
OBJCXXDEPMODE='depmode=gcc3'
OBJCXXFLAGS='-g3 -O0 -DDEBUG -Wall -Wextra -Wformat -Wformat-security -Wno-unused-parameter  -Wstack-protector -fstack-protector-all -fPIC'
OBJDUMP='objdump'
OBJEXT='o'
OTOOL64=':'
OTOOL='otool'
PACKAGE='divi'
PACKAGE_BUGREPORT='www.divi.org'
PACKAGE_NAME='Divi Core'
PACKAGE_STRING='Divi Core 2.2.99'
PACKAGE_TARNAME='divi'
PACKAGE_URL=''
PACKAGE_VERSION='2.2.99'
PATH_SEPARATOR=':'
PKG_CONFIG='/usr/local/bin/pkg-config'
PKG_CONFIG_LIBDIR=''
PKG_CONFIG_PATH='/usr/local/opt/qt/lib/pkgconfig:/usr/local/opt/openssl/lib/pkgconfig:'
PORT=''
PROTOBUF_CFLAGS='-D_THREAD_SAFE -I/usr/local/Cellar/protobuf/3.3.2/include'
PROTOBUF_LIBS='-L/usr/local/Cellar/protobuf/3.3.2/lib -lprotobuf -D_THREAD_SAFE'
PROTOC='/usr/local/bin/protoc'
PTHREAD_CC='gcc'
PTHREAD_CFLAGS='-D_THREAD_SAFE -pthread'
PTHREAD_LIBS=''
PYTHON='/usr/bin/python2.7'
PYTHONPATH=''
QR_CFLAGS=''
QR_LIBS=''
QTPLATFORM_CFLAGS=''
QTPLATFORM_LIBS=''
QTPRINT_CFLAGS=''
QTPRINT_LIBS=''
QTXCBQPA_CFLAGS=''
QTXCBQPA_LIBS=''
QT_CFLAGS='-I/usr/local/Cellar/qt/5.9.1/include/QtNetwork -I/usr/local/Cellar/qt/5.9.1/include -I/usr/local/Cellar/qt/5.9.1/include/QtWidgets -I/usr/local/Cellar/qt/5.9.1/include -I/usr/local/Cellar/qt/5.9.1/include/QtGui -I/usr/local/Cellar/qt/5.9.1/include -I/usr/local/Cellar/qt/5.9.1/include/QtCore -I/usr/local/Cellar/qt/5.9.1/include'
QT_DBUS_CFLAGS='-I/usr/local/Cellar/qt/5.9.1/include/QtDBus -I/usr/local/Cellar/qt/5.9.1/include -I/usr/local/Cellar/qt/5.9.1/include/QtCore -I/usr/local/Cellar/qt/5.9.1/include'
QT_DBUS_INCLUDES='-I/usr/local/Cellar/qt/5.9.1/include/QtDBus -I/usr/local/Cellar/qt/5.9.1/include -I/usr/local/Cellar/qt/5.9.1/include/QtCore -I/usr/local/Cellar/qt/5.9.1/include'
QT_DBUS_LIBS='-F/usr/local/Cellar/qt/5.9.1/lib -framework QtDBus -F/usr/local/Cellar/qt/5.9.1/lib -framework QtCore'
QT_INCLUDES='-I/usr/local/Cellar/qt/5.9.1/include/QtNetwork -I/usr/local/Cellar/qt/5.9.1/include -I/usr/local/Cellar/qt/5.9.1/include/QtWidgets -I/usr/local/Cellar/qt/5.9.1/include -I/usr/local/Cellar/qt/5.9.1/include/QtGui -I/usr/local/Cellar/qt/5.9.1/include -I/usr/local/Cellar/qt/5.9.1/include/QtCore -I/usr/local/Cellar/qt/5.9.1/include'
QT_LDFLAGS=''
QT_LIBS='-F/usr/local/Cellar/qt/5.9.1/lib -framework QtNetwork -F/usr/local/Cellar/qt/5.9.1/lib -framework QtWidgets -F/usr/local/Cellar/qt/5.9.1/lib -framework QtGui -F/usr/local/Cellar/qt/5.9.1/lib -framework QtCore -framework Foundation -framework ApplicationServices -framework AppKit'
QT_PIE_FLAGS=''
QT_SELECT='qt5'
QT_TEST_CFLAGS='-I/usr/local/Cellar/qt/5.9.1/include/QtTest -I/usr/local/Cellar/qt/5.9.1/include -I/usr/local/Cellar/qt/5.9.1/include/QtCore -I/usr/local/Cellar/qt/5.9.1/include'
QT_TEST_INCLUDES='-I/usr/local/Cellar/qt/5.9.1/include/QtTest -I/usr/local/Cellar/qt/5.9.1/include -I/usr/local/Cellar/qt/5.9.1/include/QtCore -I/usr/local/Cellar/qt/5.9.1/include'
QT_TEST_LIBS='-F/usr/local/Cellar/qt/5.9.1/lib -framework QtTest -F/usr/local/Cellar/qt/5.9.1/lib -framework QtCore'
QT_TRANSLATION_DIR=''
RANLIB='/usr/bin/ranlib'
RCC='/usr/local/Cellar/qt/5.9.1/bin/rcc'
READELF=''
RELDFLAGS=''
RSVG_CONVERT='rsvg-convert'
SED='/usr/bin/sed'
SET_MAKE=''
SHELL='/bin/sh'
SSL_CFLAGS='-I/usr/local/Cellar/openssl/1.0.2l/include'
SSL_LIBS='-L/usr/local/Cellar/openssl/1.0.2l/lib -lssl'
STRIP='/usr/bin/strip'
TARGET_DARWIN_FALSE='#'
TARGET_DARWIN_TRUE=''
TARGET_WINDOWS_FALSE=''
TARGET_WINDOWS_TRUE='#'
TESTDEFS=' -DBOOST_TEST_DYN_LINK'
TIFFCP=''
UIC='/usr/local/Cellar/qt/5.9.1/bin/uic'
USE_COMPARISON_TOOL_FALSE=''
USE_COMPARISON_TOOL_REORG_TESTS_FALSE='#'
USE_COMPARISON_TOOL_REORG_TESTS_TRUE=''
USE_COMPARISON_TOOL_TRUE='#'
USE_LCOV_FALSE=''
USE_LCOV_TRUE='#'
USE_LIBSECP256K1_FALSE=''
USE_LIBSECP256K1_TRUE='#'
USE_QRCODE=''
USE_QRCODE_FALSE=''
USE_QRCODE_TRUE='#'
USE_UPNP=''
VERSION='2.2.99'
WINDOWS_BITS=''
WINDRES=''
X11XCB_CFLAGS=''
X11XCB_LIBS=''
XGETTEXT=''
ZMQ_CFLAGS=''
ZMQ_LIBS=''
ac_ct_AR='ar'
ac_ct_CC='gcc'
ac_ct_CXX='g++'
ac_ct_DUMPBIN=''
ac_ct_OBJCXX=''
am__EXEEXT_FALSE=''
am__EXEEXT_TRUE='#'
am__fastdepCC_FALSE='#'
am__fastdepCC_TRUE=''
am__fastdepCXX_FALSE='#'
am__fastdepCXX_TRUE=''
am__fastdepOBJCXX_FALSE='#'
am__fastdepOBJCXX_TRUE=''
am__include='include'
am__isrc=''
am__leading_dot='.'
am__nodep='_no'
am__quote=''
am__tar='$${TAR-tar} chof - "$$tardir"'
am__untar='$${TAR-tar} xf -'
ax_pthread_config=''
bindir='${exec_prefix}/bin'
build='x86_64-apple-darwin16.6.0'
build_alias=''
build_cpu='x86_64'
build_os='darwin16.6.0'
build_vendor='apple'
datadir='${datarootdir}'
datarootdir='${prefix}/share'
docdir='${datarootdir}/doc/${PACKAGE_TARNAME}'
dvidir='${docdir}'
exec_prefix='${prefix}'
host='x86_64-apple-darwin16.6.0'
host_alias=''
host_cpu='x86_64'
host_os='darwin16.6.0'
host_vendor='apple'
htmldir='${docdir}'
includedir='${prefix}/include'
infodir='${datarootdir}/info'
install_sh='${SHELL} /Users/tripv/Desktop/Divicoin-core/build-aux/install-sh'
libdir='${exec_prefix}/lib'
libexecdir='${exec_prefix}/libexec'
localedir='${datarootdir}/locale'
localstatedir='${prefix}/var'
mandir='${datarootdir}/man'
mkdir_p='$(MKDIR_P)'
oldincludedir='/usr/include'
pdfdir='${docdir}'
prefix='/usr/local'
program_transform_name='s,x,x,'
psdir='${docdir}'
sbindir='${exec_prefix}/sbin'
sharedstatedir='${prefix}/com'
subdirs=' src/secp256k1'
sysconfdir='${prefix}/etc'
target_alias=''

## ----------- ##
## confdefs.h. ##
## ----------- ##

/* confdefs.h */
#define PACKAGE_NAME "Divi Core"
#define PACKAGE_TARNAME "divi"
#define PACKAGE_VERSION "2.2.99"
#define PACKAGE_STRING "Divi Core 2.2.99"
#define PACKAGE_BUGREPORT "www.divi.org"
#define PACKAGE_URL ""
#define HAVE_CXX11 1
#define STDC_HEADERS 1
#define HAVE_SYS_TYPES_H 1
#define HAVE_SYS_STAT_H 1
#define HAVE_STDLIB_H 1
#define HAVE_STRING_H 1
#define HAVE_MEMORY_H 1
#define HAVE_STRINGS_H 1
#define HAVE_INTTYPES_H 1
#define HAVE_STDINT_H 1
#define HAVE_UNISTD_H 1
#define HAVE_DLFCN_H 1
#define LT_OBJDIR ".libs/"
#define HAVE_PTHREAD_PRIO_INHERIT 1
#define HAVE_PTHREAD 1
#define HAVE_DECL_STRERROR_R 1
#define HAVE_STRERROR_R 1
#define HAVE_FUNC_ATTRIBUTE_VISIBILITY 1
#define HAVE_STDIO_H 1
#define HAVE_STDLIB_H 1
#define HAVE_UNISTD_H 1
#define HAVE_STRINGS_H 1
#define HAVE_SYS_TYPES_H 1
#define HAVE_SYS_STAT_H 1
#define HAVE_SYS_SELECT_H 1
#define HAVE_INET_PTON 1
#define HAVE_DECL_STRNLEN 1
#define HAVE_DECL_LE32TOH 0
#define HAVE_DECL_LE64TOH 0
#define HAVE_DECL_HTOLE32 0
#define HAVE_DECL_HTOLE64 0
#define HAVE_DECL_BE32TOH 0
#define HAVE_DECL_BE64TOH 0
#define HAVE_DECL_HTOBE32 0
#define HAVE_DECL_HTOBE64 0
#define HAVE_VISIBILITY_ATTRIBUTE 1
#define HAVE_MINIUPNPC_MINIWGET_H 1
#define HAVE_MINIUPNPC_MINIUPNPC_H 1
#define HAVE_MINIUPNPC_UPNPCOMMANDS_H 1
#define HAVE_MINIUPNPC_UPNPERRORS_H 1
#define HAVE_QT5 1
#define HAVE_BOOST /**/
#define HAVE_BOOST_SYSTEM /**/
#define HAVE_BOOST_FILESYSTEM /**/
#define HAVE_BOOST_PROGRAM_OPTIONS /**/
#define HAVE_BOOST_THREAD /**/
#define HAVE_BOOST_CHRONO /**/
#define HAVE_BOOST_UNIT_TEST_FRAMEWORK /**/
#define HAVE_WORKING_BOOST_SLEEP_FOR 1
#define ENABLE_ZMQ 0
#define HAVE_LIBCRYPTO 1
#define HAVE_CONSENSUS_LIB 1
#define ENABLE_WALLET 1
#define USE_UPNP 0
#define USE_DBUS 1
#define CLIENT_VERSION_MAJOR 2
#define CLIENT_VERSION_MINOR 2
#define CLIENT_VERSION_REVISION 99
#define CLIENT_VERSION_BUILD 0
#define CLIENT_VERSION_IS_RELEASE false
#define COPYRIGHT_YEAR 2017

configure: exit 0
